[0.054s] DEBUG:colcon:Command line arguments: ['/usr/bin/colcon', 'list', '-p', '--base-paths', '/home/zoellickhan/Code/2024CV/ws_testROS']
[0.054s] DEBUG:colcon:Parsed command line arguments: Namespace(log_base=None, log_level=None, verb_name='list', build_base='build', ignore_user_meta=False, metas=['./colcon.meta'], base_paths=['/home/zoellickhan/Code/2024CV/ws_testROS'], packages_ignore=None, packages_ignore_regex=None, paths=None, packages_up_to=None, packages_up_to_regex=None, packages_above=None, packages_above_and_dependencies=None, packages_above_depth=None, packages_select_by_dep=None, packages_skip_by_dep=None, packages_skip_up_to=None, packages_select_build_failed=False, packages_skip_build_finished=False, packages_select_test_failures=False, packages_skip_test_passed=False, packages_select=None, packages_skip=None, packages_select_regex=None, packages_skip_regex=None, packages_start=None, packages_end=None, allow_overriding=[], topological_order=False, names_only=False, paths_only=True, topological_graph=False, topological_graph_dot=False, topological_graph_density=False, topological_graph_legend=False, topological_graph_dot_cluster=False, topological_graph_dot_include_skipped=False, mixin_files=None, mixin=None, verb_parser=<colcon_mixin.mixin.mixin_argument.MixinArgumentDecorator object at 0x7ef203b1f790>, verb_extension=<colcon_package_information.verb.list.ListVerb object at 0x7ef203c1b370>, main=<bound method ListVerb.main of <colcon_package_information.verb.list.ListVerb object at 0x7ef203c1b370>>, mixin_verb=('list',))
[0.139s] Level 1:colcon.colcon_core.package_discovery:discover_packages(colcon_meta) check parameters
[0.139s] Level 1:colcon.colcon_core.package_discovery:discover_packages(recursive) check parameters
[0.139s] Level 1:colcon.colcon_core.package_discovery:discover_packages(ignore) check parameters
[0.139s] Level 1:colcon.colcon_core.package_discovery:discover_packages(path) check parameters
[0.139s] Level 1:colcon.colcon_core.package_discovery:discover_packages(recursive) discover
[0.139s] INFO:colcon.colcon_core.package_discovery:Crawling recursively for packages in '/home/zoellickhan/Code/2024CV/ws_testROS'
[0.140s] Level 1:colcon.colcon_core.package_identification:_identify(/home/zoellickhan/Code/2024CV/ws_testROS) by extensions ['ignore', 'ignore_ament_install']
[0.140s] Level 1:colcon.colcon_core.package_identification:_identify(/home/zoellickhan/Code/2024CV/ws_testROS) by extension 'ignore'
[0.140s] Level 1:colcon.colcon_core.package_identification:_identify(/home/zoellickhan/Code/2024CV/ws_testROS) by extension 'ignore_ament_install'
[0.140s] Level 1:colcon.colcon_core.package_identification:_identify(/home/zoellickhan/Code/2024CV/ws_testROS) by extensions ['colcon_pkg']
[0.140s] Level 1:colcon.colcon_core.package_identification:_identify(/home/zoellickhan/Code/2024CV/ws_testROS) by extension 'colcon_pkg'
[0.140s] Level 1:colcon.colcon_core.package_identification:_identify(/home/zoellickhan/Code/2024CV/ws_testROS) by extensions ['colcon_meta']
[0.140s] Level 1:colcon.colcon_core.package_identification:_identify(/home/zoellickhan/Code/2024CV/ws_testROS) by extension 'colcon_meta'
[0.140s] Level 1:colcon.colcon_core.package_identification:_identify(/home/zoellickhan/Code/2024CV/ws_testROS) by extensions ['ros']
[0.140s] Level 1:colcon.colcon_core.package_identification:_identify(/home/zoellickhan/Code/2024CV/ws_testROS) by extension 'ros'
[0.147s] Level 1:colcon.colcon_core.package_identification:_identify(/home/zoellickhan/Code/2024CV/ws_testROS) by extensions ['cmake', 'python']
[0.147s] Level 1:colcon.colcon_core.package_identification:_identify(/home/zoellickhan/Code/2024CV/ws_testROS) by extension 'cmake'
[0.147s] Level 1:colcon.colcon_core.package_identification:_identify(/home/zoellickhan/Code/2024CV/ws_testROS) by extension 'python'
[0.147s] Level 1:colcon.colcon_core.package_identification:_identify(/home/zoellickhan/Code/2024CV/ws_testROS) by extensions ['python_setup_py']
[0.147s] Level 1:colcon.colcon_core.package_identification:_identify(/home/zoellickhan/Code/2024CV/ws_testROS) by extension 'python_setup_py'
[0.147s] Level 1:colcon.colcon_core.package_identification:_identify(/home/zoellickhan/Code/2024CV/ws_testROS/log) by extensions ['ignore', 'ignore_ament_install']
[0.147s] Level 1:colcon.colcon_core.package_identification:_identify(/home/zoellickhan/Code/2024CV/ws_testROS/log) by extension 'ignore'
[0.147s] Level 1:colcon.colcon_core.package_identification:_identify(/home/zoellickhan/Code/2024CV/ws_testROS/log) ignored
[0.147s] Level 1:colcon.colcon_core.package_identification:_identify(/home/zoellickhan/Code/2024CV/ws_testROS/src) by extensions ['ignore', 'ignore_ament_install']
[0.147s] Level 1:colcon.colcon_core.package_identification:_identify(/home/zoellickhan/Code/2024CV/ws_testROS/src) by extension 'ignore'
[0.147s] Level 1:colcon.colcon_core.package_identification:_identify(/home/zoellickhan/Code/2024CV/ws_testROS/src) by extension 'ignore_ament_install'
[0.147s] Level 1:colcon.colcon_core.package_identification:_identify(/home/zoellickhan/Code/2024CV/ws_testROS/src) by extensions ['colcon_pkg']
[0.147s] Level 1:colcon.colcon_core.package_identification:_identify(/home/zoellickhan/Code/2024CV/ws_testROS/src) by extension 'colcon_pkg'
[0.147s] Level 1:colcon.colcon_core.package_identification:_identify(/home/zoellickhan/Code/2024CV/ws_testROS/src) by extensions ['colcon_meta']
[0.147s] Level 1:colcon.colcon_core.package_identification:_identify(/home/zoellickhan/Code/2024CV/ws_testROS/src) by extension 'colcon_meta'
[0.147s] Level 1:colcon.colcon_core.package_identification:_identify(/home/zoellickhan/Code/2024CV/ws_testROS/src) by extensions ['ros']
[0.147s] Level 1:colcon.colcon_core.package_identification:_identify(/home/zoellickhan/Code/2024CV/ws_testROS/src) by extension 'ros'
[0.147s] Level 1:colcon.colcon_core.package_identification:_identify(/home/zoellickhan/Code/2024CV/ws_testROS/src) by extensions ['cmake', 'python']
[0.147s] Level 1:colcon.colcon_core.package_identification:_identify(/home/zoellickhan/Code/2024CV/ws_testROS/src) by extension 'cmake'
[0.147s] Level 1:colcon.colcon_core.package_identification:_identify(/home/zoellickhan/Code/2024CV/ws_testROS/src) by extension 'python'
[0.147s] Level 1:colcon.colcon_core.package_identification:_identify(/home/zoellickhan/Code/2024CV/ws_testROS/src) by extensions ['python_setup_py']
[0.147s] Level 1:colcon.colcon_core.package_identification:_identify(/home/zoellickhan/Code/2024CV/ws_testROS/src) by extension 'python_setup_py'
[0.147s] Level 1:colcon.colcon_core.package_identification:_identify(/home/zoellickhan/Code/2024CV/ws_testROS/src/build) by extensions ['ignore', 'ignore_ament_install']
[0.148s] Level 1:colcon.colcon_core.package_identification:_identify(/home/zoellickhan/Code/2024CV/ws_testROS/src/build) by extension 'ignore'
[0.148s] Level 1:colcon.colcon_core.package_identification:_identify(/home/zoellickhan/Code/2024CV/ws_testROS/src/build) ignored
[0.148s] Level 1:colcon.colcon_core.package_identification:_identify(/home/zoellickhan/Code/2024CV/ws_testROS/src/install) by extensions ['ignore', 'ignore_ament_install']
[0.148s] Level 1:colcon.colcon_core.package_identification:_identify(/home/zoellickhan/Code/2024CV/ws_testROS/src/install) by extension 'ignore'
[0.148s] Level 1:colcon.colcon_core.package_identification:_identify(/home/zoellickhan/Code/2024CV/ws_testROS/src/install) ignored
[0.148s] Level 1:colcon.colcon_core.package_identification:_identify(/home/zoellickhan/Code/2024CV/ws_testROS/src/log) by extensions ['ignore', 'ignore_ament_install']
[0.148s] Level 1:colcon.colcon_core.package_identification:_identify(/home/zoellickhan/Code/2024CV/ws_testROS/src/log) by extension 'ignore'
[0.148s] Level 1:colcon.colcon_core.package_identification:_identify(/home/zoellickhan/Code/2024CV/ws_testROS/src/log) ignored
[0.148s] Level 1:colcon.colcon_core.package_identification:_identify(/home/zoellickhan/Code/2024CV/ws_testROS/src/test_ch343) by extensions ['ignore', 'ignore_ament_install']
[0.148s] Level 1:colcon.colcon_core.package_identification:_identify(/home/zoellickhan/Code/2024CV/ws_testROS/src/test_ch343) by extension 'ignore'
[0.148s] Level 1:colcon.colcon_core.package_identification:_identify(/home/zoellickhan/Code/2024CV/ws_testROS/src/test_ch343) by extension 'ignore_ament_install'
[0.148s] Level 1:colcon.colcon_core.package_identification:_identify(/home/zoellickhan/Code/2024CV/ws_testROS/src/test_ch343) by extensions ['colcon_pkg']
[0.148s] Level 1:colcon.colcon_core.package_identification:_identify(/home/zoellickhan/Code/2024CV/ws_testROS/src/test_ch343) by extension 'colcon_pkg'
[0.148s] Level 1:colcon.colcon_core.package_identification:_identify(/home/zoellickhan/Code/2024CV/ws_testROS/src/test_ch343) by extensions ['colcon_meta']
[0.148s] Level 1:colcon.colcon_core.package_identification:_identify(/home/zoellickhan/Code/2024CV/ws_testROS/src/test_ch343) by extension 'colcon_meta'
[0.148s] Level 1:colcon.colcon_core.package_identification:_identify(/home/zoellickhan/Code/2024CV/ws_testROS/src/test_ch343) by extensions ['ros']
[0.148s] Level 1:colcon.colcon_core.package_identification:_identify(/home/zoellickhan/Code/2024CV/ws_testROS/src/test_ch343) by extension 'ros'
[0.149s] DEBUG:colcon.colcon_core.package_identification:Package '/home/zoellickhan/Code/2024CV/ws_testROS/src/test_ch343' with type 'ros.ament_cmake' and name 'test_ch343'
[0.149s] Level 1:colcon.colcon_core.package_identification:_identify(/home/zoellickhan/Code/2024CV/ws_testROS/src/test_serialdriver) by extensions ['ignore', 'ignore_ament_install']
[0.149s] Level 1:colcon.colcon_core.package_identification:_identify(/home/zoellickhan/Code/2024CV/ws_testROS/src/test_serialdriver) by extension 'ignore'
[0.150s] Level 1:colcon.colcon_core.package_identification:_identify(/home/zoellickhan/Code/2024CV/ws_testROS/src/test_serialdriver) by extension 'ignore_ament_install'
[0.150s] Level 1:colcon.colcon_core.package_identification:_identify(/home/zoellickhan/Code/2024CV/ws_testROS/src/test_serialdriver) by extensions ['colcon_pkg']
[0.150s] Level 1:colcon.colcon_core.package_identification:_identify(/home/zoellickhan/Code/2024CV/ws_testROS/src/test_serialdriver) by extension 'colcon_pkg'
[0.150s] Level 1:colcon.colcon_core.package_identification:_identify(/home/zoellickhan/Code/2024CV/ws_testROS/src/test_serialdriver) by extensions ['colcon_meta']
[0.150s] Level 1:colcon.colcon_core.package_identification:_identify(/home/zoellickhan/Code/2024CV/ws_testROS/src/test_serialdriver) by extension 'colcon_meta'
[0.150s] Level 1:colcon.colcon_core.package_identification:_identify(/home/zoellickhan/Code/2024CV/ws_testROS/src/test_serialdriver) by extensions ['ros']
[0.150s] Level 1:colcon.colcon_core.package_identification:_identify(/home/zoellickhan/Code/2024CV/ws_testROS/src/test_serialdriver) by extension 'ros'
[0.150s] DEBUG:colcon.colcon_core.package_identification:Package '/home/zoellickhan/Code/2024CV/ws_testROS/src/test_serialdriver' with type 'ros.ament_cmake' and name 'test_serialdriver'
[0.150s] Level 1:colcon.colcon_core.package_discovery:discover_packages(recursive) using defaults
