[0.115s] DEBUG:colcon:Command line arguments: ['/usr/bin/colcon', 'build']
[0.115s] DEBUG:colcon:Parsed command line arguments: Namespace(log_base=None, log_level=None, verb_name='build', build_base='build', install_base='install', merge_install=False, symlink_install=False, test_result_base=None, continue_on_error=False, executor='parallel', parallel_workers=20, event_handlers=None, ignore_user_meta=False, metas=['./colcon.meta'], base_paths=['.'], packages_ignore=None, packages_ignore_regex=None, paths=None, packages_up_to=None, packages_up_to_regex=None, packages_above=None, packages_above_and_dependencies=None, packages_above_depth=None, packages_select_by_dep=None, packages_skip_by_dep=None, packages_skip_up_to=None, packages_select_build_failed=False, packages_skip_build_finished=False, packages_select_test_failures=False, packages_skip_test_passed=False, packages_select=None, packages_skip=None, packages_select_regex=None, packages_skip_regex=None, packages_start=None, packages_end=None, allow_overriding=[], cmake_args=None, cmake_target=None, cmake_target_skip_unavailable=False, cmake_clean_cache=False, cmake_clean_first=False, cmake_force_configure=False, ament_cmake_args=None, catkin_cmake_args=None, catkin_skip_building_tests=False, mixin_files=None, mixin=None, verb_parser=<colcon_mixin.mixin.mixin_argument.MixinArgumentDecorator object at 0x71bb8b946830>, verb_extension=<colcon_core.verb.build.BuildVerb object at 0x71bb8b946260>, main=<bound method BuildVerb.main of <colcon_core.verb.build.BuildVerb object at 0x71bb8b946260>>, mixin_verb=('build',))
[0.298s] Level 1:colcon.colcon_core.package_discovery:discover_packages(colcon_meta) check parameters
[0.298s] Level 1:colcon.colcon_core.package_discovery:discover_packages(recursive) check parameters
[0.298s] Level 1:colcon.colcon_core.package_discovery:discover_packages(ignore) check parameters
[0.298s] Level 1:colcon.colcon_core.package_discovery:discover_packages(path) check parameters
[0.298s] Level 1:colcon.colcon_core.package_discovery:discover_packages(colcon_meta) discover
[0.298s] Level 1:colcon.colcon_core.package_discovery:discover_packages(recursive) discover
[0.299s] INFO:colcon.colcon_core.package_discovery:Crawling recursively for packages in '/home/zoellickhan/Code/2024CV/ws_testROS'
[0.299s] Level 1:colcon.colcon_core.package_identification:_identify(.) by extensions ['ignore', 'ignore_ament_install']
[0.299s] Level 1:colcon.colcon_core.package_identification:_identify(.) by extension 'ignore'
[0.299s] Level 1:colcon.colcon_core.package_identification:_identify(.) by extension 'ignore_ament_install'
[0.299s] Level 1:colcon.colcon_core.package_identification:_identify(.) by extensions ['colcon_pkg']
[0.299s] Level 1:colcon.colcon_core.package_identification:_identify(.) by extension 'colcon_pkg'
[0.299s] Level 1:colcon.colcon_core.package_identification:_identify(.) by extensions ['colcon_meta']
[0.299s] Level 1:colcon.colcon_core.package_identification:_identify(.) by extension 'colcon_meta'
[0.299s] Level 1:colcon.colcon_core.package_identification:_identify(.) by extensions ['ros']
[0.299s] Level 1:colcon.colcon_core.package_identification:_identify(.) by extension 'ros'
[0.312s] Level 1:colcon.colcon_core.package_identification:_identify(.) by extensions ['cmake', 'python']
[0.312s] Level 1:colcon.colcon_core.package_identification:_identify(.) by extension 'cmake'
[0.312s] Level 1:colcon.colcon_core.package_identification:_identify(.) by extension 'python'
[0.312s] Level 1:colcon.colcon_core.package_identification:_identify(.) by extensions ['python_setup_py']
[0.312s] Level 1:colcon.colcon_core.package_identification:_identify(.) by extension 'python_setup_py'
[0.312s] Level 1:colcon.colcon_core.package_identification:_identify(build) by extensions ['ignore', 'ignore_ament_install']
[0.312s] Level 1:colcon.colcon_core.package_identification:_identify(build) by extension 'ignore'
[0.312s] Level 1:colcon.colcon_core.package_identification:_identify(build) ignored
[0.312s] Level 1:colcon.colcon_core.package_identification:_identify(install) by extensions ['ignore', 'ignore_ament_install']
[0.312s] Level 1:colcon.colcon_core.package_identification:_identify(install) by extension 'ignore'
[0.313s] Level 1:colcon.colcon_core.package_identification:_identify(install) ignored
[0.313s] Level 1:colcon.colcon_core.package_identification:_identify(log) by extensions ['ignore', 'ignore_ament_install']
[0.313s] Level 1:colcon.colcon_core.package_identification:_identify(log) by extension 'ignore'
[0.313s] Level 1:colcon.colcon_core.package_identification:_identify(log) ignored
[0.313s] Level 1:colcon.colcon_core.package_identification:_identify(src) by extensions ['ignore', 'ignore_ament_install']
[0.313s] Level 1:colcon.colcon_core.package_identification:_identify(src) by extension 'ignore'
[0.313s] Level 1:colcon.colcon_core.package_identification:_identify(src) by extension 'ignore_ament_install'
[0.313s] Level 1:colcon.colcon_core.package_identification:_identify(src) by extensions ['colcon_pkg']
[0.313s] Level 1:colcon.colcon_core.package_identification:_identify(src) by extension 'colcon_pkg'
[0.313s] Level 1:colcon.colcon_core.package_identification:_identify(src) by extensions ['colcon_meta']
[0.313s] Level 1:colcon.colcon_core.package_identification:_identify(src) by extension 'colcon_meta'
[0.313s] Level 1:colcon.colcon_core.package_identification:_identify(src) by extensions ['ros']
[0.313s] Level 1:colcon.colcon_core.package_identification:_identify(src) by extension 'ros'
[0.313s] Level 1:colcon.colcon_core.package_identification:_identify(src) by extensions ['cmake', 'python']
[0.313s] Level 1:colcon.colcon_core.package_identification:_identify(src) by extension 'cmake'
[0.313s] Level 1:colcon.colcon_core.package_identification:_identify(src) by extension 'python'
[0.313s] Level 1:colcon.colcon_core.package_identification:_identify(src) by extensions ['python_setup_py']
[0.313s] Level 1:colcon.colcon_core.package_identification:_identify(src) by extension 'python_setup_py'
[0.314s] Level 1:colcon.colcon_core.package_identification:_identify(src/build) by extensions ['ignore', 'ignore_ament_install']
[0.314s] Level 1:colcon.colcon_core.package_identification:_identify(src/build) by extension 'ignore'
[0.314s] Level 1:colcon.colcon_core.package_identification:_identify(src/build) ignored
[0.314s] Level 1:colcon.colcon_core.package_identification:_identify(src/install) by extensions ['ignore', 'ignore_ament_install']
[0.314s] Level 1:colcon.colcon_core.package_identification:_identify(src/install) by extension 'ignore'
[0.314s] Level 1:colcon.colcon_core.package_identification:_identify(src/install) ignored
[0.314s] Level 1:colcon.colcon_core.package_identification:_identify(src/log) by extensions ['ignore', 'ignore_ament_install']
[0.314s] Level 1:colcon.colcon_core.package_identification:_identify(src/log) by extension 'ignore'
[0.314s] Level 1:colcon.colcon_core.package_identification:_identify(src/log) ignored
[0.314s] Level 1:colcon.colcon_core.package_identification:_identify(src/test_ch343) by extensions ['ignore', 'ignore_ament_install']
[0.314s] Level 1:colcon.colcon_core.package_identification:_identify(src/test_ch343) by extension 'ignore'
[0.314s] Level 1:colcon.colcon_core.package_identification:_identify(src/test_ch343) by extension 'ignore_ament_install'
[0.314s] Level 1:colcon.colcon_core.package_identification:_identify(src/test_ch343) by extensions ['colcon_pkg']
[0.314s] Level 1:colcon.colcon_core.package_identification:_identify(src/test_ch343) by extension 'colcon_pkg'
[0.314s] Level 1:colcon.colcon_core.package_identification:_identify(src/test_ch343) by extensions ['colcon_meta']
[0.314s] Level 1:colcon.colcon_core.package_identification:_identify(src/test_ch343) by extension 'colcon_meta'
[0.315s] Level 1:colcon.colcon_core.package_identification:_identify(src/test_ch343) by extensions ['ros']
[0.315s] Level 1:colcon.colcon_core.package_identification:_identify(src/test_ch343) by extension 'ros'
[0.317s] DEBUG:colcon.colcon_core.package_identification:Package 'src/test_ch343' with type 'ros.ament_cmake' and name 'test_ch343'
[0.317s] Level 1:colcon.colcon_core.package_identification:_identify(src/test_serialdriver) by extensions ['ignore', 'ignore_ament_install']
[0.317s] Level 1:colcon.colcon_core.package_identification:_identify(src/test_serialdriver) by extension 'ignore'
[0.317s] Level 1:colcon.colcon_core.package_identification:_identify(src/test_serialdriver) by extension 'ignore_ament_install'
[0.317s] Level 1:colcon.colcon_core.package_identification:_identify(src/test_serialdriver) by extensions ['colcon_pkg']
[0.317s] Level 1:colcon.colcon_core.package_identification:_identify(src/test_serialdriver) by extension 'colcon_pkg'
[0.317s] Level 1:colcon.colcon_core.package_identification:_identify(src/test_serialdriver) by extensions ['colcon_meta']
[0.318s] Level 1:colcon.colcon_core.package_identification:_identify(src/test_serialdriver) by extension 'colcon_meta'
[0.318s] Level 1:colcon.colcon_core.package_identification:_identify(src/test_serialdriver) by extensions ['ros']
[0.318s] Level 1:colcon.colcon_core.package_identification:_identify(src/test_serialdriver) by extension 'ros'
[0.318s] DEBUG:colcon.colcon_core.package_identification:Package 'src/test_serialdriver' with type 'ros.ament_cmake' and name 'test_serialdriver'
[0.318s] Level 1:colcon.colcon_core.package_discovery:discover_packages(recursive) using defaults
[0.318s] Level 1:colcon.colcon_core.package_discovery:discover_packages(ignore) discover
[0.318s] Level 1:colcon.colcon_core.package_discovery:discover_packages(ignore) using defaults
[0.318s] Level 1:colcon.colcon_core.package_discovery:discover_packages(path) discover
[0.318s] Level 1:colcon.colcon_core.package_discovery:discover_packages(path) using defaults
[0.349s] Level 1:colcon.colcon_core.package_discovery:discover_packages(prefix_path) check parameters
[0.349s] Level 1:colcon.colcon_core.package_discovery:discover_packages(prefix_path) discover
[0.352s] DEBUG:colcon.colcon_installed_package_information.package_discovery:Found 297 installed packages in /opt/ros/humble
[0.354s] Level 1:colcon.colcon_core.package_discovery:discover_packages(prefix_path) using defaults
[0.407s] Level 5:colcon.colcon_core.verb:set package 'test_ch343' build argument 'cmake_args' from command line to 'None'
[0.407s] Level 5:colcon.colcon_core.verb:set package 'test_ch343' build argument 'cmake_target' from command line to 'None'
[0.407s] Level 5:colcon.colcon_core.verb:set package 'test_ch343' build argument 'cmake_target_skip_unavailable' from command line to 'False'
[0.407s] Level 5:colcon.colcon_core.verb:set package 'test_ch343' build argument 'cmake_clean_cache' from command line to 'False'
[0.407s] Level 5:colcon.colcon_core.verb:set package 'test_ch343' build argument 'cmake_clean_first' from command line to 'False'
[0.407s] Level 5:colcon.colcon_core.verb:set package 'test_ch343' build argument 'cmake_force_configure' from command line to 'False'
[0.407s] Level 5:colcon.colcon_core.verb:set package 'test_ch343' build argument 'ament_cmake_args' from command line to 'None'
[0.407s] Level 5:colcon.colcon_core.verb:set package 'test_ch343' build argument 'catkin_cmake_args' from command line to 'None'
[0.407s] Level 5:colcon.colcon_core.verb:set package 'test_ch343' build argument 'catkin_skip_building_tests' from command line to 'False'
[0.407s] DEBUG:colcon.colcon_core.verb:Building package 'test_ch343' with the following arguments: {'ament_cmake_args': None, 'build_base': '/home/zoellickhan/Code/2024CV/ws_testROS/build/test_ch343', 'catkin_cmake_args': None, 'catkin_skip_building_tests': False, 'cmake_args': None, 'cmake_clean_cache': False, 'cmake_clean_first': False, 'cmake_force_configure': False, 'cmake_target': None, 'cmake_target_skip_unavailable': False, 'install_base': '/home/zoellickhan/Code/2024CV/ws_testROS/install/test_ch343', 'merge_install': False, 'path': '/home/zoellickhan/Code/2024CV/ws_testROS/src/test_ch343', 'symlink_install': False, 'test_result_base': None}
[0.408s] Level 5:colcon.colcon_core.verb:set package 'test_serialdriver' build argument 'cmake_args' from command line to 'None'
[0.408s] Level 5:colcon.colcon_core.verb:set package 'test_serialdriver' build argument 'cmake_target' from command line to 'None'
[0.408s] Level 5:colcon.colcon_core.verb:set package 'test_serialdriver' build argument 'cmake_target_skip_unavailable' from command line to 'False'
[0.408s] Level 5:colcon.colcon_core.verb:set package 'test_serialdriver' build argument 'cmake_clean_cache' from command line to 'False'
[0.408s] Level 5:colcon.colcon_core.verb:set package 'test_serialdriver' build argument 'cmake_clean_first' from command line to 'False'
[0.408s] Level 5:colcon.colcon_core.verb:set package 'test_serialdriver' build argument 'cmake_force_configure' from command line to 'False'
[0.408s] Level 5:colcon.colcon_core.verb:set package 'test_serialdriver' build argument 'ament_cmake_args' from command line to 'None'
[0.408s] Level 5:colcon.colcon_core.verb:set package 'test_serialdriver' build argument 'catkin_cmake_args' from command line to 'None'
[0.408s] Level 5:colcon.colcon_core.verb:set package 'test_serialdriver' build argument 'catkin_skip_building_tests' from command line to 'False'
[0.408s] DEBUG:colcon.colcon_core.verb:Building package 'test_serialdriver' with the following arguments: {'ament_cmake_args': None, 'build_base': '/home/zoellickhan/Code/2024CV/ws_testROS/build/test_serialdriver', 'catkin_cmake_args': None, 'catkin_skip_building_tests': False, 'cmake_args': None, 'cmake_clean_cache': False, 'cmake_clean_first': False, 'cmake_force_configure': False, 'cmake_target': None, 'cmake_target_skip_unavailable': False, 'install_base': '/home/zoellickhan/Code/2024CV/ws_testROS/install/test_serialdriver', 'merge_install': False, 'path': '/home/zoellickhan/Code/2024CV/ws_testROS/src/test_serialdriver', 'symlink_install': False, 'test_result_base': None}
[0.409s] INFO:colcon.colcon_core.executor:Executing jobs using 'parallel' executor
[0.410s] DEBUG:colcon.colcon_parallel_executor.executor.parallel:run_until_complete
[0.411s] INFO:colcon.colcon_ros.task.ament_cmake.build:Building ROS package in '/home/zoellickhan/Code/2024CV/ws_testROS/src/test_ch343' with build type 'ament_cmake'
[0.411s] INFO:colcon.colcon_cmake.task.cmake.build:Building CMake package in '/home/zoellickhan/Code/2024CV/ws_testROS/src/test_ch343'
[0.415s] INFO:colcon.colcon_core.plugin_system:Skipping extension 'colcon_core.shell.bat': Not used on non-Windows systems
[0.415s] INFO:colcon.colcon_core.shell:Skip shell extension 'powershell' for command environment: Not usable outside of PowerShell
[0.415s] DEBUG:colcon.colcon_core.shell:Skip shell extension 'dsv' for command environment
[0.421s] INFO:colcon.colcon_ros.task.ament_cmake.build:Building ROS package in '/home/zoellickhan/Code/2024CV/ws_testROS/src/test_serialdriver' with build type 'ament_cmake'
[0.421s] INFO:colcon.colcon_cmake.task.cmake.build:Building CMake package in '/home/zoellickhan/Code/2024CV/ws_testROS/src/test_serialdriver'
[0.422s] INFO:colcon.colcon_core.shell:Skip shell extension 'powershell' for command environment: Not usable outside of PowerShell
[0.422s] DEBUG:colcon.colcon_core.shell:Skip shell extension 'dsv' for command environment
[0.439s] DEBUG:colcon.colcon_core.event_handler.log_command:Invoking command in '/home/zoellickhan/Code/2024CV/ws_testROS/build/test_ch343': CMAKE_PREFIX_PATH=/opt/ros/humble /usr/bin/cmake --build /home/zoellickhan/Code/2024CV/ws_testROS/build/test_ch343 -- -j20 -l20
[0.444s] DEBUG:colcon.colcon_core.event_handler.log_command:Invoking command in '/home/zoellickhan/Code/2024CV/ws_testROS/build/test_serialdriver': CMAKE_PREFIX_PATH=/opt/ros/humble /usr/bin/cmake --build /home/zoellickhan/Code/2024CV/ws_testROS/build/test_serialdriver -- -j20 -l20
[0.553s] DEBUG:colcon.colcon_core.event_handler.log_command:Invoked command in '/home/zoellickhan/Code/2024CV/ws_testROS/build/test_serialdriver' returned '0': CMAKE_PREFIX_PATH=/opt/ros/humble /usr/bin/cmake --build /home/zoellickhan/Code/2024CV/ws_testROS/build/test_serialdriver -- -j20 -l20
[0.606s] DEBUG:colcon.colcon_core.event_handler.log_command:Invoking command in '/home/zoellickhan/Code/2024CV/ws_testROS/build/test_serialdriver': CMAKE_PREFIX_PATH=/opt/ros/humble /usr/bin/cmake --install /home/zoellickhan/Code/2024CV/ws_testROS/build/test_serialdriver
[0.618s] Level 1:colcon.colcon_core.environment:create_environment_scripts_only(test_serialdriver)
[0.618s] DEBUG:colcon.colcon_core.event_handler.log_command:Invoked command in '/home/zoellickhan/Code/2024CV/ws_testROS/build/test_serialdriver' returned '0': CMAKE_PREFIX_PATH=/opt/ros/humble /usr/bin/cmake --install /home/zoellickhan/Code/2024CV/ws_testROS/build/test_serialdriver
[0.622s] Level 1:colcon.colcon_core.environment:checking '/home/zoellickhan/Code/2024CV/ws_testROS/install/test_serialdriver' for CMake module files
[0.623s] Level 1:colcon.colcon_core.environment:checking '/home/zoellickhan/Code/2024CV/ws_testROS/install/test_serialdriver' for CMake config files
[0.624s] Level 1:colcon.colcon_core.shell:create_environment_hook('test_serialdriver', 'cmake_prefix_path')
[0.624s] INFO:colcon.colcon_core.shell:Creating environment hook '/home/zoellickhan/Code/2024CV/ws_testROS/install/test_serialdriver/share/test_serialdriver/hook/cmake_prefix_path.ps1'
[0.625s] INFO:colcon.colcon_core.shell:Creating environment descriptor '/home/zoellickhan/Code/2024CV/ws_testROS/install/test_serialdriver/share/test_serialdriver/hook/cmake_prefix_path.dsv'
[0.626s] INFO:colcon.colcon_core.shell:Creating environment hook '/home/zoellickhan/Code/2024CV/ws_testROS/install/test_serialdriver/share/test_serialdriver/hook/cmake_prefix_path.sh'
[0.627s] Level 1:colcon.colcon_core.environment:checking '/home/zoellickhan/Code/2024CV/ws_testROS/install/test_serialdriver/lib'
[0.627s] Level 1:colcon.colcon_core.environment:checking '/home/zoellickhan/Code/2024CV/ws_testROS/install/test_serialdriver/bin'
[0.628s] Level 1:colcon.colcon_core.environment:checking '/home/zoellickhan/Code/2024CV/ws_testROS/install/test_serialdriver/lib/pkgconfig/test_serialdriver.pc'
[0.628s] Level 1:colcon.colcon_core.environment:checking '/home/zoellickhan/Code/2024CV/ws_testROS/install/test_serialdriver/lib/python3.10/site-packages'
[0.628s] Level 1:colcon.colcon_core.environment:checking '/home/zoellickhan/Code/2024CV/ws_testROS/install/test_serialdriver/bin'
[0.629s] INFO:colcon.colcon_core.shell:Creating package script '/home/zoellickhan/Code/2024CV/ws_testROS/install/test_serialdriver/share/test_serialdriver/package.ps1'
[0.630s] INFO:colcon.colcon_core.shell:Creating package descriptor '/home/zoellickhan/Code/2024CV/ws_testROS/install/test_serialdriver/share/test_serialdriver/package.dsv'
[0.631s] INFO:colcon.colcon_core.shell:Creating package script '/home/zoellickhan/Code/2024CV/ws_testROS/install/test_serialdriver/share/test_serialdriver/package.sh'
[0.632s] INFO:colcon.colcon_core.shell:Creating package script '/home/zoellickhan/Code/2024CV/ws_testROS/install/test_serialdriver/share/test_serialdriver/package.bash'
[0.634s] INFO:colcon.colcon_core.shell:Creating package script '/home/zoellickhan/Code/2024CV/ws_testROS/install/test_serialdriver/share/test_serialdriver/package.zsh'
[0.635s] Level 1:colcon.colcon_core.environment:create_file_with_runtime_dependencies(/home/zoellickhan/Code/2024CV/ws_testROS/install/test_serialdriver/share/colcon-core/packages/test_serialdriver)
[0.681s] Level 1:colcon.colcon_core.environment:create_environment_scripts_only(test_serialdriver)
[0.681s] Level 1:colcon.colcon_core.environment:checking '/home/zoellickhan/Code/2024CV/ws_testROS/install/test_serialdriver' for CMake module files
[0.682s] Level 1:colcon.colcon_core.environment:checking '/home/zoellickhan/Code/2024CV/ws_testROS/install/test_serialdriver' for CMake config files
[0.682s] Level 1:colcon.colcon_core.shell:create_environment_hook('test_serialdriver', 'cmake_prefix_path')
[0.682s] INFO:colcon.colcon_core.shell:Creating environment hook '/home/zoellickhan/Code/2024CV/ws_testROS/install/test_serialdriver/share/test_serialdriver/hook/cmake_prefix_path.ps1'
[0.683s] INFO:colcon.colcon_core.shell:Creating environment descriptor '/home/zoellickhan/Code/2024CV/ws_testROS/install/test_serialdriver/share/test_serialdriver/hook/cmake_prefix_path.dsv'
[0.683s] INFO:colcon.colcon_core.shell:Creating environment hook '/home/zoellickhan/Code/2024CV/ws_testROS/install/test_serialdriver/share/test_serialdriver/hook/cmake_prefix_path.sh'
[0.684s] Level 1:colcon.colcon_core.environment:checking '/home/zoellickhan/Code/2024CV/ws_testROS/install/test_serialdriver/lib'
[0.684s] Level 1:colcon.colcon_core.environment:checking '/home/zoellickhan/Code/2024CV/ws_testROS/install/test_serialdriver/bin'
[0.684s] Level 1:colcon.colcon_core.environment:checking '/home/zoellickhan/Code/2024CV/ws_testROS/install/test_serialdriver/lib/pkgconfig/test_serialdriver.pc'
[0.684s] Level 1:colcon.colcon_core.environment:checking '/home/zoellickhan/Code/2024CV/ws_testROS/install/test_serialdriver/lib/python3.10/site-packages'
[0.685s] Level 1:colcon.colcon_core.environment:checking '/home/zoellickhan/Code/2024CV/ws_testROS/install/test_serialdriver/bin'
[0.685s] INFO:colcon.colcon_core.shell:Creating package script '/home/zoellickhan/Code/2024CV/ws_testROS/install/test_serialdriver/share/test_serialdriver/package.ps1'
[0.686s] INFO:colcon.colcon_core.shell:Creating package descriptor '/home/zoellickhan/Code/2024CV/ws_testROS/install/test_serialdriver/share/test_serialdriver/package.dsv'
[0.686s] INFO:colcon.colcon_core.shell:Creating package script '/home/zoellickhan/Code/2024CV/ws_testROS/install/test_serialdriver/share/test_serialdriver/package.sh'
[0.687s] INFO:colcon.colcon_core.shell:Creating package script '/home/zoellickhan/Code/2024CV/ws_testROS/install/test_serialdriver/share/test_serialdriver/package.bash'
[0.687s] INFO:colcon.colcon_core.shell:Creating package script '/home/zoellickhan/Code/2024CV/ws_testROS/install/test_serialdriver/share/test_serialdriver/package.zsh'
[0.687s] Level 1:colcon.colcon_core.environment:create_file_with_runtime_dependencies(/home/zoellickhan/Code/2024CV/ws_testROS/install/test_serialdriver/share/colcon-core/packages/test_serialdriver)
[4.535s] DEBUG:colcon.colcon_core.event_handler.log_command:Invoked command in '/home/zoellickhan/Code/2024CV/ws_testROS/build/test_ch343' returned '0': CMAKE_PREFIX_PATH=/opt/ros/humble /usr/bin/cmake --build /home/zoellickhan/Code/2024CV/ws_testROS/build/test_ch343 -- -j20 -l20
[4.575s] DEBUG:colcon.colcon_core.event_handler.log_command:Invoking command in '/home/zoellickhan/Code/2024CV/ws_testROS/build/test_ch343': CMAKE_PREFIX_PATH=/opt/ros/humble /usr/bin/cmake --install /home/zoellickhan/Code/2024CV/ws_testROS/build/test_ch343
[4.588s] Level 1:colcon.colcon_core.environment:create_environment_scripts_only(test_ch343)
[4.589s] Level 1:colcon.colcon_core.environment:checking '/home/zoellickhan/Code/2024CV/ws_testROS/install/test_ch343' for CMake module files
[4.589s] DEBUG:colcon.colcon_core.event_handler.log_command:Invoked command in '/home/zoellickhan/Code/2024CV/ws_testROS/build/test_ch343' returned '0': CMAKE_PREFIX_PATH=/opt/ros/humble /usr/bin/cmake --install /home/zoellickhan/Code/2024CV/ws_testROS/build/test_ch343
[4.590s] Level 1:colcon.colcon_core.environment:checking '/home/zoellickhan/Code/2024CV/ws_testROS/install/test_ch343' for CMake config files
[4.590s] Level 1:colcon.colcon_core.shell:create_environment_hook('test_ch343', 'cmake_prefix_path')
[4.591s] INFO:colcon.colcon_core.shell:Creating environment hook '/home/zoellickhan/Code/2024CV/ws_testROS/install/test_ch343/share/test_ch343/hook/cmake_prefix_path.ps1'
[4.591s] INFO:colcon.colcon_core.shell:Creating environment descriptor '/home/zoellickhan/Code/2024CV/ws_testROS/install/test_ch343/share/test_ch343/hook/cmake_prefix_path.dsv'
[4.592s] INFO:colcon.colcon_core.shell:Creating environment hook '/home/zoellickhan/Code/2024CV/ws_testROS/install/test_ch343/share/test_ch343/hook/cmake_prefix_path.sh'
[4.593s] Level 1:colcon.colcon_core.environment:checking '/home/zoellickhan/Code/2024CV/ws_testROS/install/test_ch343/lib'
[4.593s] Level 1:colcon.colcon_core.environment:checking '/home/zoellickhan/Code/2024CV/ws_testROS/install/test_ch343/bin'
[4.593s] Level 1:colcon.colcon_core.environment:checking '/home/zoellickhan/Code/2024CV/ws_testROS/install/test_ch343/lib/pkgconfig/test_ch343.pc'
[4.593s] Level 1:colcon.colcon_core.environment:checking '/home/zoellickhan/Code/2024CV/ws_testROS/install/test_ch343/lib/python3.10/site-packages'
[4.594s] Level 1:colcon.colcon_core.environment:checking '/home/zoellickhan/Code/2024CV/ws_testROS/install/test_ch343/bin'
[4.594s] INFO:colcon.colcon_core.shell:Creating package script '/home/zoellickhan/Code/2024CV/ws_testROS/install/test_ch343/share/test_ch343/package.ps1'
[4.595s] INFO:colcon.colcon_core.shell:Creating package descriptor '/home/zoellickhan/Code/2024CV/ws_testROS/install/test_ch343/share/test_ch343/package.dsv'
[4.595s] INFO:colcon.colcon_core.shell:Creating package script '/home/zoellickhan/Code/2024CV/ws_testROS/install/test_ch343/share/test_ch343/package.sh'
[4.596s] INFO:colcon.colcon_core.shell:Creating package script '/home/zoellickhan/Code/2024CV/ws_testROS/install/test_ch343/share/test_ch343/package.bash'
[4.596s] INFO:colcon.colcon_core.shell:Creating package script '/home/zoellickhan/Code/2024CV/ws_testROS/install/test_ch343/share/test_ch343/package.zsh'
[4.596s] Level 1:colcon.colcon_core.environment:create_file_with_runtime_dependencies(/home/zoellickhan/Code/2024CV/ws_testROS/install/test_ch343/share/colcon-core/packages/test_ch343)
[4.639s] Level 1:colcon.colcon_core.environment:create_environment_scripts_only(test_ch343)
[4.639s] Level 1:colcon.colcon_core.environment:checking '/home/zoellickhan/Code/2024CV/ws_testROS/install/test_ch343' for CMake module files
[4.640s] Level 1:colcon.colcon_core.environment:checking '/home/zoellickhan/Code/2024CV/ws_testROS/install/test_ch343' for CMake config files
[4.640s] Level 1:colcon.colcon_core.shell:create_environment_hook('test_ch343', 'cmake_prefix_path')
[4.641s] INFO:colcon.colcon_core.shell:Creating environment hook '/home/zoellickhan/Code/2024CV/ws_testROS/install/test_ch343/share/test_ch343/hook/cmake_prefix_path.ps1'
[4.641s] INFO:colcon.colcon_core.shell:Creating environment descriptor '/home/zoellickhan/Code/2024CV/ws_testROS/install/test_ch343/share/test_ch343/hook/cmake_prefix_path.dsv'
[4.642s] INFO:colcon.colcon_core.shell:Creating environment hook '/home/zoellickhan/Code/2024CV/ws_testROS/install/test_ch343/share/test_ch343/hook/cmake_prefix_path.sh'
[4.643s] Level 1:colcon.colcon_core.environment:checking '/home/zoellickhan/Code/2024CV/ws_testROS/install/test_ch343/lib'
[4.643s] Level 1:colcon.colcon_core.environment:checking '/home/zoellickhan/Code/2024CV/ws_testROS/install/test_ch343/bin'
[4.643s] Level 1:colcon.colcon_core.environment:checking '/home/zoellickhan/Code/2024CV/ws_testROS/install/test_ch343/lib/pkgconfig/test_ch343.pc'
[4.643s] Level 1:colcon.colcon_core.environment:checking '/home/zoellickhan/Code/2024CV/ws_testROS/install/test_ch343/lib/python3.10/site-packages'
[4.644s] Level 1:colcon.colcon_core.environment:checking '/home/zoellickhan/Code/2024CV/ws_testROS/install/test_ch343/bin'
[4.644s] INFO:colcon.colcon_core.shell:Creating package script '/home/zoellickhan/Code/2024CV/ws_testROS/install/test_ch343/share/test_ch343/package.ps1'
[4.645s] INFO:colcon.colcon_core.shell:Creating package descriptor '/home/zoellickhan/Code/2024CV/ws_testROS/install/test_ch343/share/test_ch343/package.dsv'
[4.646s] INFO:colcon.colcon_core.shell:Creating package script '/home/zoellickhan/Code/2024CV/ws_testROS/install/test_ch343/share/test_ch343/package.sh'
[4.646s] INFO:colcon.colcon_core.shell:Creating package script '/home/zoellickhan/Code/2024CV/ws_testROS/install/test_ch343/share/test_ch343/package.bash'
[4.647s] INFO:colcon.colcon_core.shell:Creating package script '/home/zoellickhan/Code/2024CV/ws_testROS/install/test_ch343/share/test_ch343/package.zsh'
[4.647s] Level 1:colcon.colcon_core.environment:create_file_with_runtime_dependencies(/home/zoellickhan/Code/2024CV/ws_testROS/install/test_ch343/share/colcon-core/packages/test_ch343)
[4.648s] DEBUG:colcon.colcon_parallel_executor.executor.parallel:closing loop
[4.648s] DEBUG:colcon.colcon_parallel_executor.executor.parallel:loop closed
[4.648s] DEBUG:colcon.colcon_parallel_executor.executor.parallel:run_until_complete finished with '0'
[4.648s] DEBUG:colcon.colcon_core.event_reactor:joining thread
[4.658s] INFO:colcon.colcon_core.plugin_system:Skipping extension 'colcon_notification.desktop_notification.terminal_notifier': Not used on non-Darwin systems
[4.658s] INFO:colcon.colcon_core.plugin_system:Skipping extension 'colcon_notification.desktop_notification.win32': Not used on non-Windows systems
[4.658s] INFO:colcon.colcon_notification.desktop_notification:Sending desktop notification using 'notify2'
[4.676s] DEBUG:colcon.colcon_core.event_reactor:joined thread
[4.677s] INFO:colcon.colcon_core.shell:Creating prefix script '/home/zoellickhan/Code/2024CV/ws_testROS/install/local_setup.ps1'
[4.678s] INFO:colcon.colcon_core.shell:Creating prefix util module '/home/zoellickhan/Code/2024CV/ws_testROS/install/_local_setup_util_ps1.py'
[4.681s] INFO:colcon.colcon_core.shell:Creating prefix chain script '/home/zoellickhan/Code/2024CV/ws_testROS/install/setup.ps1'
[4.683s] INFO:colcon.colcon_core.shell:Creating prefix script '/home/zoellickhan/Code/2024CV/ws_testROS/install/local_setup.sh'
[4.683s] INFO:colcon.colcon_core.shell:Creating prefix util module '/home/zoellickhan/Code/2024CV/ws_testROS/install/_local_setup_util_sh.py'
[4.684s] INFO:colcon.colcon_core.shell:Creating prefix chain script '/home/zoellickhan/Code/2024CV/ws_testROS/install/setup.sh'
[4.686s] INFO:colcon.colcon_core.shell:Creating prefix script '/home/zoellickhan/Code/2024CV/ws_testROS/install/local_setup.bash'
[4.686s] INFO:colcon.colcon_core.shell:Creating prefix chain script '/home/zoellickhan/Code/2024CV/ws_testROS/install/setup.bash'
[4.688s] INFO:colcon.colcon_core.shell:Creating prefix script '/home/zoellickhan/Code/2024CV/ws_testROS/install/local_setup.zsh'
[4.688s] INFO:colcon.colcon_core.shell:Creating prefix chain script '/home/zoellickhan/Code/2024CV/ws_testROS/install/setup.zsh'
