[0.062s] DEBUG:colcon:Command line arguments: ['/usr/bin/colcon', 'build']
[0.062s] DEBUG:colcon:Parsed command line arguments: Namespace(log_base=None, log_level=None, verb_name='build', build_base='build', install_base='install', merge_install=False, symlink_install=False, test_result_base=None, continue_on_error=False, executor='parallel', parallel_workers=20, event_handlers=None, ignore_user_meta=False, metas=['./colcon.meta'], base_paths=['.'], packages_ignore=None, packages_ignore_regex=None, paths=None, packages_up_to=None, packages_up_to_regex=None, packages_above=None, packages_above_and_dependencies=None, packages_above_depth=None, packages_select_by_dep=None, packages_skip_by_dep=None, packages_skip_up_to=None, packages_select_build_failed=False, packages_skip_build_finished=False, packages_select_test_failures=False, packages_skip_test_passed=False, packages_select=None, packages_skip=None, packages_select_regex=None, packages_skip_regex=None, packages_start=None, packages_end=None, allow_overriding=[], cmake_args=None, cmake_target=None, cmake_target_skip_unavailable=False, cmake_clean_cache=False, cmake_clean_first=False, cmake_force_configure=False, ament_cmake_args=None, catkin_cmake_args=None, catkin_skip_building_tests=False, mixin_files=None, mixin=None, verb_parser=<colcon_mixin.mixin.mixin_argument.MixinArgumentDecorator object at 0x706f992428f0>, verb_extension=<colcon_core.verb.build.BuildVerb object at 0x706f99242320>, main=<bound method BuildVerb.main of <colcon_core.verb.build.BuildVerb object at 0x706f99242320>>, mixin_verb=('build',))
[0.162s] Level 1:colcon.colcon_core.package_discovery:discover_packages(colcon_meta) check parameters
[0.162s] Level 1:colcon.colcon_core.package_discovery:discover_packages(recursive) check parameters
[0.162s] Level 1:colcon.colcon_core.package_discovery:discover_packages(ignore) check parameters
[0.162s] Level 1:colcon.colcon_core.package_discovery:discover_packages(path) check parameters
[0.162s] Level 1:colcon.colcon_core.package_discovery:discover_packages(colcon_meta) discover
[0.162s] Level 1:colcon.colcon_core.package_discovery:discover_packages(recursive) discover
[0.162s] INFO:colcon.colcon_core.package_discovery:Crawling recursively for packages in '/home/zoellickhan/Code/2024CV/testSerialDriver/ws_testROS'
[0.162s] Level 1:colcon.colcon_core.package_identification:_identify(.) by extensions ['ignore', 'ignore_ament_install']
[0.162s] Level 1:colcon.colcon_core.package_identification:_identify(.) by extension 'ignore'
[0.162s] Level 1:colcon.colcon_core.package_identification:_identify(.) by extension 'ignore_ament_install'
[0.162s] Level 1:colcon.colcon_core.package_identification:_identify(.) by extensions ['colcon_pkg']
[0.162s] Level 1:colcon.colcon_core.package_identification:_identify(.) by extension 'colcon_pkg'
[0.162s] Level 1:colcon.colcon_core.package_identification:_identify(.) by extensions ['colcon_meta']
[0.162s] Level 1:colcon.colcon_core.package_identification:_identify(.) by extension 'colcon_meta'
[0.162s] Level 1:colcon.colcon_core.package_identification:_identify(.) by extensions ['ros']
[0.162s] Level 1:colcon.colcon_core.package_identification:_identify(.) by extension 'ros'
[0.169s] Level 1:colcon.colcon_core.package_identification:_identify(.) by extensions ['cmake', 'python']
[0.169s] Level 1:colcon.colcon_core.package_identification:_identify(.) by extension 'cmake'
[0.169s] Level 1:colcon.colcon_core.package_identification:_identify(.) by extension 'python'
[0.169s] Level 1:colcon.colcon_core.package_identification:_identify(.) by extensions ['python_setup_py']
[0.169s] Level 1:colcon.colcon_core.package_identification:_identify(.) by extension 'python_setup_py'
[0.169s] Level 1:colcon.colcon_core.package_identification:_identify(build) by extensions ['ignore', 'ignore_ament_install']
[0.169s] Level 1:colcon.colcon_core.package_identification:_identify(build) by extension 'ignore'
[0.169s] Level 1:colcon.colcon_core.package_identification:_identify(build) ignored
[0.169s] Level 1:colcon.colcon_core.package_identification:_identify(install) by extensions ['ignore', 'ignore_ament_install']
[0.169s] Level 1:colcon.colcon_core.package_identification:_identify(install) by extension 'ignore'
[0.169s] Level 1:colcon.colcon_core.package_identification:_identify(install) ignored
[0.169s] Level 1:colcon.colcon_core.package_identification:_identify(log) by extensions ['ignore', 'ignore_ament_install']
[0.169s] Level 1:colcon.colcon_core.package_identification:_identify(log) by extension 'ignore'
[0.169s] Level 1:colcon.colcon_core.package_identification:_identify(log) ignored
[0.169s] Level 1:colcon.colcon_core.package_identification:_identify(src) by extensions ['ignore', 'ignore_ament_install']
[0.169s] Level 1:colcon.colcon_core.package_identification:_identify(src) by extension 'ignore'
[0.169s] Level 1:colcon.colcon_core.package_identification:_identify(src) by extension 'ignore_ament_install'
[0.169s] Level 1:colcon.colcon_core.package_identification:_identify(src) by extensions ['colcon_pkg']
[0.169s] Level 1:colcon.colcon_core.package_identification:_identify(src) by extension 'colcon_pkg'
[0.169s] Level 1:colcon.colcon_core.package_identification:_identify(src) by extensions ['colcon_meta']
[0.169s] Level 1:colcon.colcon_core.package_identification:_identify(src) by extension 'colcon_meta'
[0.169s] Level 1:colcon.colcon_core.package_identification:_identify(src) by extensions ['ros']
[0.169s] Level 1:colcon.colcon_core.package_identification:_identify(src) by extension 'ros'
[0.170s] Level 1:colcon.colcon_core.package_identification:_identify(src) by extensions ['cmake', 'python']
[0.170s] Level 1:colcon.colcon_core.package_identification:_identify(src) by extension 'cmake'
[0.170s] Level 1:colcon.colcon_core.package_identification:_identify(src) by extension 'python'
[0.170s] Level 1:colcon.colcon_core.package_identification:_identify(src) by extensions ['python_setup_py']
[0.170s] Level 1:colcon.colcon_core.package_identification:_identify(src) by extension 'python_setup_py'
[0.170s] Level 1:colcon.colcon_core.package_identification:_identify(src/build) by extensions ['ignore', 'ignore_ament_install']
[0.170s] Level 1:colcon.colcon_core.package_identification:_identify(src/build) by extension 'ignore'
[0.170s] Level 1:colcon.colcon_core.package_identification:_identify(src/build) ignored
[0.170s] Level 1:colcon.colcon_core.package_identification:_identify(src/install) by extensions ['ignore', 'ignore_ament_install']
[0.170s] Level 1:colcon.colcon_core.package_identification:_identify(src/install) by extension 'ignore'
[0.170s] Level 1:colcon.colcon_core.package_identification:_identify(src/install) ignored
[0.170s] Level 1:colcon.colcon_core.package_identification:_identify(src/log) by extensions ['ignore', 'ignore_ament_install']
[0.170s] Level 1:colcon.colcon_core.package_identification:_identify(src/log) by extension 'ignore'
[0.170s] Level 1:colcon.colcon_core.package_identification:_identify(src/log) ignored
[0.170s] Level 1:colcon.colcon_core.package_identification:_identify(src/test_ch343) by extensions ['ignore', 'ignore_ament_install']
[0.170s] Level 1:colcon.colcon_core.package_identification:_identify(src/test_ch343) by extension 'ignore'
[0.170s] Level 1:colcon.colcon_core.package_identification:_identify(src/test_ch343) by extension 'ignore_ament_install'
[0.170s] Level 1:colcon.colcon_core.package_identification:_identify(src/test_ch343) by extensions ['colcon_pkg']
[0.170s] Level 1:colcon.colcon_core.package_identification:_identify(src/test_ch343) by extension 'colcon_pkg'
[0.170s] Level 1:colcon.colcon_core.package_identification:_identify(src/test_ch343) by extensions ['colcon_meta']
[0.170s] Level 1:colcon.colcon_core.package_identification:_identify(src/test_ch343) by extension 'colcon_meta'
[0.170s] Level 1:colcon.colcon_core.package_identification:_identify(src/test_ch343) by extensions ['ros']
[0.170s] Level 1:colcon.colcon_core.package_identification:_identify(src/test_ch343) by extension 'ros'
[0.172s] DEBUG:colcon.colcon_core.package_identification:Package 'src/test_ch343' with type 'ros.ament_cmake' and name 'test_ch343'
[0.172s] Level 1:colcon.colcon_core.package_identification:_identify(src/test_serialdriver) by extensions ['ignore', 'ignore_ament_install']
[0.172s] Level 1:colcon.colcon_core.package_identification:_identify(src/test_serialdriver) by extension 'ignore'
[0.172s] Level 1:colcon.colcon_core.package_identification:_identify(src/test_serialdriver) by extension 'ignore_ament_install'
[0.172s] Level 1:colcon.colcon_core.package_identification:_identify(src/test_serialdriver) by extensions ['colcon_pkg']
[0.172s] Level 1:colcon.colcon_core.package_identification:_identify(src/test_serialdriver) by extension 'colcon_pkg'
[0.172s] Level 1:colcon.colcon_core.package_identification:_identify(src/test_serialdriver) by extensions ['colcon_meta']
[0.172s] Level 1:colcon.colcon_core.package_identification:_identify(src/test_serialdriver) by extension 'colcon_meta'
[0.172s] Level 1:colcon.colcon_core.package_identification:_identify(src/test_serialdriver) by extensions ['ros']
[0.172s] Level 1:colcon.colcon_core.package_identification:_identify(src/test_serialdriver) by extension 'ros'
[0.172s] DEBUG:colcon.colcon_core.package_identification:Package 'src/test_serialdriver' with type 'ros.ament_cmake' and name 'test_serialdriver'
[0.172s] Level 1:colcon.colcon_core.package_discovery:discover_packages(recursive) using defaults
[0.172s] Level 1:colcon.colcon_core.package_discovery:discover_packages(ignore) discover
[0.172s] Level 1:colcon.colcon_core.package_discovery:discover_packages(ignore) using defaults
[0.172s] Level 1:colcon.colcon_core.package_discovery:discover_packages(path) discover
[0.172s] Level 1:colcon.colcon_core.package_discovery:discover_packages(path) using defaults
[0.190s] Level 1:colcon.colcon_core.package_discovery:discover_packages(prefix_path) check parameters
[0.190s] Level 1:colcon.colcon_core.package_discovery:discover_packages(prefix_path) discover
[0.191s] DEBUG:colcon.colcon_installed_package_information.package_discovery:Found 297 installed packages in /opt/ros/humble
[0.192s] Level 1:colcon.colcon_core.package_discovery:discover_packages(prefix_path) using defaults
[0.215s] Level 5:colcon.colcon_core.verb:set package 'test_ch343' build argument 'cmake_args' from command line to 'None'
[0.215s] Level 5:colcon.colcon_core.verb:set package 'test_ch343' build argument 'cmake_target' from command line to 'None'
[0.215s] Level 5:colcon.colcon_core.verb:set package 'test_ch343' build argument 'cmake_target_skip_unavailable' from command line to 'False'
[0.215s] Level 5:colcon.colcon_core.verb:set package 'test_ch343' build argument 'cmake_clean_cache' from command line to 'False'
[0.215s] Level 5:colcon.colcon_core.verb:set package 'test_ch343' build argument 'cmake_clean_first' from command line to 'False'
[0.215s] Level 5:colcon.colcon_core.verb:set package 'test_ch343' build argument 'cmake_force_configure' from command line to 'False'
[0.215s] Level 5:colcon.colcon_core.verb:set package 'test_ch343' build argument 'ament_cmake_args' from command line to 'None'
[0.215s] Level 5:colcon.colcon_core.verb:set package 'test_ch343' build argument 'catkin_cmake_args' from command line to 'None'
[0.215s] Level 5:colcon.colcon_core.verb:set package 'test_ch343' build argument 'catkin_skip_building_tests' from command line to 'False'
[0.215s] DEBUG:colcon.colcon_core.verb:Building package 'test_ch343' with the following arguments: {'ament_cmake_args': None, 'build_base': '/home/zoellickhan/Code/2024CV/testSerialDriver/ws_testROS/build/test_ch343', 'catkin_cmake_args': None, 'catkin_skip_building_tests': False, 'cmake_args': None, 'cmake_clean_cache': False, 'cmake_clean_first': False, 'cmake_force_configure': False, 'cmake_target': None, 'cmake_target_skip_unavailable': False, 'install_base': '/home/zoellickhan/Code/2024CV/testSerialDriver/ws_testROS/install/test_ch343', 'merge_install': False, 'path': '/home/zoellickhan/Code/2024CV/testSerialDriver/ws_testROS/src/test_ch343', 'symlink_install': False, 'test_result_base': None}
[0.215s] Level 5:colcon.colcon_core.verb:set package 'test_serialdriver' build argument 'cmake_args' from command line to 'None'
[0.215s] Level 5:colcon.colcon_core.verb:set package 'test_serialdriver' build argument 'cmake_target' from command line to 'None'
[0.215s] Level 5:colcon.colcon_core.verb:set package 'test_serialdriver' build argument 'cmake_target_skip_unavailable' from command line to 'False'
[0.215s] Level 5:colcon.colcon_core.verb:set package 'test_serialdriver' build argument 'cmake_clean_cache' from command line to 'False'
[0.215s] Level 5:colcon.colcon_core.verb:set package 'test_serialdriver' build argument 'cmake_clean_first' from command line to 'False'
[0.215s] Level 5:colcon.colcon_core.verb:set package 'test_serialdriver' build argument 'cmake_force_configure' from command line to 'False'
[0.215s] Level 5:colcon.colcon_core.verb:set package 'test_serialdriver' build argument 'ament_cmake_args' from command line to 'None'
[0.215s] Level 5:colcon.colcon_core.verb:set package 'test_serialdriver' build argument 'catkin_cmake_args' from command line to 'None'
[0.215s] Level 5:colcon.colcon_core.verb:set package 'test_serialdriver' build argument 'catkin_skip_building_tests' from command line to 'False'
[0.215s] DEBUG:colcon.colcon_core.verb:Building package 'test_serialdriver' with the following arguments: {'ament_cmake_args': None, 'build_base': '/home/zoellickhan/Code/2024CV/testSerialDriver/ws_testROS/build/test_serialdriver', 'catkin_cmake_args': None, 'catkin_skip_building_tests': False, 'cmake_args': None, 'cmake_clean_cache': False, 'cmake_clean_first': False, 'cmake_force_configure': False, 'cmake_target': None, 'cmake_target_skip_unavailable': False, 'install_base': '/home/zoellickhan/Code/2024CV/testSerialDriver/ws_testROS/install/test_serialdriver', 'merge_install': False, 'path': '/home/zoellickhan/Code/2024CV/testSerialDriver/ws_testROS/src/test_serialdriver', 'symlink_install': False, 'test_result_base': None}
[0.216s] INFO:colcon.colcon_core.executor:Executing jobs using 'parallel' executor
[0.216s] DEBUG:colcon.colcon_parallel_executor.executor.parallel:run_until_complete
[0.216s] INFO:colcon.colcon_ros.task.ament_cmake.build:Building ROS package in '/home/zoellickhan/Code/2024CV/testSerialDriver/ws_testROS/src/test_ch343' with build type 'ament_cmake'
[0.216s] INFO:colcon.colcon_cmake.task.cmake.build:Building CMake package in '/home/zoellickhan/Code/2024CV/testSerialDriver/ws_testROS/src/test_ch343'
[0.218s] INFO:colcon.colcon_core.plugin_system:Skipping extension 'colcon_core.shell.bat': Not used on non-Windows systems
[0.218s] INFO:colcon.colcon_core.shell:Skip shell extension 'powershell' for command environment: Not usable outside of PowerShell
[0.218s] DEBUG:colcon.colcon_core.shell:Skip shell extension 'dsv' for command environment
[0.220s] INFO:colcon.colcon_ros.task.ament_cmake.build:Building ROS package in '/home/zoellickhan/Code/2024CV/testSerialDriver/ws_testROS/src/test_serialdriver' with build type 'ament_cmake'
[0.220s] INFO:colcon.colcon_cmake.task.cmake.build:Building CMake package in '/home/zoellickhan/Code/2024CV/testSerialDriver/ws_testROS/src/test_serialdriver'
[0.220s] INFO:colcon.colcon_core.shell:Skip shell extension 'powershell' for command environment: Not usable outside of PowerShell
[0.220s] DEBUG:colcon.colcon_core.shell:Skip shell extension 'dsv' for command environment
[0.225s] DEBUG:colcon.colcon_core.event_handler.log_command:Invoking command in '/home/zoellickhan/Code/2024CV/testSerialDriver/ws_testROS/build/test_ch343': CMAKE_PREFIX_PATH=/opt/ros/humble /usr/bin/cmake /home/zoellickhan/Code/2024CV/testSerialDriver/ws_testROS/src/test_ch343 -DCMAKE_INSTALL_PREFIX=/home/zoellickhan/Code/2024CV/testSerialDriver/ws_testROS/install/test_ch343
[0.227s] DEBUG:colcon.colcon_core.event_handler.log_command:Invoking command in '/home/zoellickhan/Code/2024CV/testSerialDriver/ws_testROS/build/test_serialdriver': CMAKE_PREFIX_PATH=/opt/ros/humble /usr/bin/cmake /home/zoellickhan/Code/2024CV/testSerialDriver/ws_testROS/src/test_serialdriver -DCMAKE_INSTALL_PREFIX=/home/zoellickhan/Code/2024CV/testSerialDriver/ws_testROS/install/test_serialdriver
[1.208s] DEBUG:colcon.colcon_core.event_handler.log_command:Invoked command in '/home/zoellickhan/Code/2024CV/testSerialDriver/ws_testROS/build/test_serialdriver' returned '0': CMAKE_PREFIX_PATH=/opt/ros/humble /usr/bin/cmake /home/zoellickhan/Code/2024CV/testSerialDriver/ws_testROS/src/test_serialdriver -DCMAKE_INSTALL_PREFIX=/home/zoellickhan/Code/2024CV/testSerialDriver/ws_testROS/install/test_serialdriver
[1.208s] DEBUG:colcon.colcon_core.event_handler.log_command:Invoking command in '/home/zoellickhan/Code/2024CV/testSerialDriver/ws_testROS/build/test_serialdriver': CMAKE_PREFIX_PATH=/opt/ros/humble /usr/bin/cmake --build /home/zoellickhan/Code/2024CV/testSerialDriver/ws_testROS/build/test_serialdriver -- -j20 -l20
[1.350s] DEBUG:colcon.colcon_core.event_handler.log_command:Invoked command in '/home/zoellickhan/Code/2024CV/testSerialDriver/ws_testROS/build/test_ch343' returned '0': CMAKE_PREFIX_PATH=/opt/ros/humble /usr/bin/cmake /home/zoellickhan/Code/2024CV/testSerialDriver/ws_testROS/src/test_ch343 -DCMAKE_INSTALL_PREFIX=/home/zoellickhan/Code/2024CV/testSerialDriver/ws_testROS/install/test_ch343
[1.352s] DEBUG:colcon.colcon_core.event_handler.log_command:Invoking command in '/home/zoellickhan/Code/2024CV/testSerialDriver/ws_testROS/build/test_ch343': CMAKE_PREFIX_PATH=/opt/ros/humble /usr/bin/cmake --build /home/zoellickhan/Code/2024CV/testSerialDriver/ws_testROS/build/test_ch343 -- -j20 -l20
[3.104s] DEBUG:colcon.colcon_core.event_handler.log_command:Invoked command in '/home/zoellickhan/Code/2024CV/testSerialDriver/ws_testROS/build/test_serialdriver' returned '0': CMAKE_PREFIX_PATH=/opt/ros/humble /usr/bin/cmake --build /home/zoellickhan/Code/2024CV/testSerialDriver/ws_testROS/build/test_serialdriver -- -j20 -l20
[3.129s] DEBUG:colcon.colcon_core.event_handler.log_command:Invoking command in '/home/zoellickhan/Code/2024CV/testSerialDriver/ws_testROS/build/test_serialdriver': CMAKE_PREFIX_PATH=/opt/ros/humble /usr/bin/cmake --install /home/zoellickhan/Code/2024CV/testSerialDriver/ws_testROS/build/test_serialdriver
[3.135s] Level 1:colcon.colcon_core.environment:create_environment_scripts_only(test_serialdriver)
[3.137s] DEBUG:colcon.colcon_core.event_handler.log_command:Invoked command in '/home/zoellickhan/Code/2024CV/testSerialDriver/ws_testROS/build/test_serialdriver' returned '0': CMAKE_PREFIX_PATH=/opt/ros/humble /usr/bin/cmake --install /home/zoellickhan/Code/2024CV/testSerialDriver/ws_testROS/build/test_serialdriver
[3.139s] Level 1:colcon.colcon_core.environment:checking '/home/zoellickhan/Code/2024CV/testSerialDriver/ws_testROS/install/test_serialdriver' for CMake module files
[3.139s] Level 1:colcon.colcon_core.environment:checking '/home/zoellickhan/Code/2024CV/testSerialDriver/ws_testROS/install/test_serialdriver' for CMake config files
[3.140s] Level 1:colcon.colcon_core.shell:create_environment_hook('test_serialdriver', 'cmake_prefix_path')
[3.140s] INFO:colcon.colcon_core.shell:Creating environment hook '/home/zoellickhan/Code/2024CV/testSerialDriver/ws_testROS/install/test_serialdriver/share/test_serialdriver/hook/cmake_prefix_path.ps1'
[3.141s] INFO:colcon.colcon_core.shell:Creating environment descriptor '/home/zoellickhan/Code/2024CV/testSerialDriver/ws_testROS/install/test_serialdriver/share/test_serialdriver/hook/cmake_prefix_path.dsv'
[3.141s] INFO:colcon.colcon_core.shell:Creating environment hook '/home/zoellickhan/Code/2024CV/testSerialDriver/ws_testROS/install/test_serialdriver/share/test_serialdriver/hook/cmake_prefix_path.sh'
[3.142s] Level 1:colcon.colcon_core.environment:checking '/home/zoellickhan/Code/2024CV/testSerialDriver/ws_testROS/install/test_serialdriver/lib'
[3.142s] Level 1:colcon.colcon_core.environment:checking '/home/zoellickhan/Code/2024CV/testSerialDriver/ws_testROS/install/test_serialdriver/bin'
[3.142s] Level 1:colcon.colcon_core.environment:checking '/home/zoellickhan/Code/2024CV/testSerialDriver/ws_testROS/install/test_serialdriver/lib/pkgconfig/test_serialdriver.pc'
[3.142s] Level 1:colcon.colcon_core.environment:checking '/home/zoellickhan/Code/2024CV/testSerialDriver/ws_testROS/install/test_serialdriver/lib/python3.10/site-packages'
[3.143s] Level 1:colcon.colcon_core.environment:checking '/home/zoellickhan/Code/2024CV/testSerialDriver/ws_testROS/install/test_serialdriver/bin'
[3.143s] INFO:colcon.colcon_core.shell:Creating package script '/home/zoellickhan/Code/2024CV/testSerialDriver/ws_testROS/install/test_serialdriver/share/test_serialdriver/package.ps1'
[3.144s] INFO:colcon.colcon_core.shell:Creating package descriptor '/home/zoellickhan/Code/2024CV/testSerialDriver/ws_testROS/install/test_serialdriver/share/test_serialdriver/package.dsv'
[3.144s] INFO:colcon.colcon_core.shell:Creating package script '/home/zoellickhan/Code/2024CV/testSerialDriver/ws_testROS/install/test_serialdriver/share/test_serialdriver/package.sh'
[3.145s] INFO:colcon.colcon_core.shell:Creating package script '/home/zoellickhan/Code/2024CV/testSerialDriver/ws_testROS/install/test_serialdriver/share/test_serialdriver/package.bash'
[3.146s] INFO:colcon.colcon_core.shell:Creating package script '/home/zoellickhan/Code/2024CV/testSerialDriver/ws_testROS/install/test_serialdriver/share/test_serialdriver/package.zsh'
[3.147s] Level 1:colcon.colcon_core.environment:create_file_with_runtime_dependencies(/home/zoellickhan/Code/2024CV/testSerialDriver/ws_testROS/install/test_serialdriver/share/colcon-core/packages/test_serialdriver)
[3.169s] Level 1:colcon.colcon_core.environment:create_environment_scripts_only(test_serialdriver)
[3.169s] Level 1:colcon.colcon_core.environment:checking '/home/zoellickhan/Code/2024CV/testSerialDriver/ws_testROS/install/test_serialdriver' for CMake module files
[3.170s] Level 1:colcon.colcon_core.environment:checking '/home/zoellickhan/Code/2024CV/testSerialDriver/ws_testROS/install/test_serialdriver' for CMake config files
[3.171s] Level 1:colcon.colcon_core.shell:create_environment_hook('test_serialdriver', 'cmake_prefix_path')
[3.171s] INFO:colcon.colcon_core.shell:Creating environment hook '/home/zoellickhan/Code/2024CV/testSerialDriver/ws_testROS/install/test_serialdriver/share/test_serialdriver/hook/cmake_prefix_path.ps1'
[3.172s] INFO:colcon.colcon_core.shell:Creating environment descriptor '/home/zoellickhan/Code/2024CV/testSerialDriver/ws_testROS/install/test_serialdriver/share/test_serialdriver/hook/cmake_prefix_path.dsv'
[3.172s] INFO:colcon.colcon_core.shell:Creating environment hook '/home/zoellickhan/Code/2024CV/testSerialDriver/ws_testROS/install/test_serialdriver/share/test_serialdriver/hook/cmake_prefix_path.sh'
[3.173s] Level 1:colcon.colcon_core.environment:checking '/home/zoellickhan/Code/2024CV/testSerialDriver/ws_testROS/install/test_serialdriver/lib'
[3.174s] Level 1:colcon.colcon_core.environment:checking '/home/zoellickhan/Code/2024CV/testSerialDriver/ws_testROS/install/test_serialdriver/bin'
[3.174s] Level 1:colcon.colcon_core.environment:checking '/home/zoellickhan/Code/2024CV/testSerialDriver/ws_testROS/install/test_serialdriver/lib/pkgconfig/test_serialdriver.pc'
[3.174s] Level 1:colcon.colcon_core.environment:checking '/home/zoellickhan/Code/2024CV/testSerialDriver/ws_testROS/install/test_serialdriver/lib/python3.10/site-packages'
[3.175s] Level 1:colcon.colcon_core.environment:checking '/home/zoellickhan/Code/2024CV/testSerialDriver/ws_testROS/install/test_serialdriver/bin'
[3.175s] INFO:colcon.colcon_core.shell:Creating package script '/home/zoellickhan/Code/2024CV/testSerialDriver/ws_testROS/install/test_serialdriver/share/test_serialdriver/package.ps1'
[3.176s] INFO:colcon.colcon_core.shell:Creating package descriptor '/home/zoellickhan/Code/2024CV/testSerialDriver/ws_testROS/install/test_serialdriver/share/test_serialdriver/package.dsv'
[3.177s] INFO:colcon.colcon_core.shell:Creating package script '/home/zoellickhan/Code/2024CV/testSerialDriver/ws_testROS/install/test_serialdriver/share/test_serialdriver/package.sh'
[3.178s] INFO:colcon.colcon_core.shell:Creating package script '/home/zoellickhan/Code/2024CV/testSerialDriver/ws_testROS/install/test_serialdriver/share/test_serialdriver/package.bash'
[3.179s] INFO:colcon.colcon_core.shell:Creating package script '/home/zoellickhan/Code/2024CV/testSerialDriver/ws_testROS/install/test_serialdriver/share/test_serialdriver/package.zsh'
[3.180s] Level 1:colcon.colcon_core.environment:create_file_with_runtime_dependencies(/home/zoellickhan/Code/2024CV/testSerialDriver/ws_testROS/install/test_serialdriver/share/colcon-core/packages/test_serialdriver)
[3.245s] DEBUG:colcon.colcon_core.event_handler.log_command:Invoked command in '/home/zoellickhan/Code/2024CV/testSerialDriver/ws_testROS/build/test_ch343' returned '0': CMAKE_PREFIX_PATH=/opt/ros/humble /usr/bin/cmake --build /home/zoellickhan/Code/2024CV/testSerialDriver/ws_testROS/build/test_ch343 -- -j20 -l20
[3.305s] DEBUG:colcon.colcon_core.event_handler.log_command:Invoking command in '/home/zoellickhan/Code/2024CV/testSerialDriver/ws_testROS/build/test_ch343': CMAKE_PREFIX_PATH=/opt/ros/humble /usr/bin/cmake --install /home/zoellickhan/Code/2024CV/testSerialDriver/ws_testROS/build/test_ch343
[3.323s] Level 1:colcon.colcon_core.environment:create_environment_scripts_only(test_ch343)
[3.324s] Level 1:colcon.colcon_core.environment:checking '/home/zoellickhan/Code/2024CV/testSerialDriver/ws_testROS/install/test_ch343' for CMake module files
[3.325s] DEBUG:colcon.colcon_core.event_handler.log_command:Invoked command in '/home/zoellickhan/Code/2024CV/testSerialDriver/ws_testROS/build/test_ch343' returned '0': CMAKE_PREFIX_PATH=/opt/ros/humble /usr/bin/cmake --install /home/zoellickhan/Code/2024CV/testSerialDriver/ws_testROS/build/test_ch343
[3.327s] Level 1:colcon.colcon_core.environment:checking '/home/zoellickhan/Code/2024CV/testSerialDriver/ws_testROS/install/test_ch343' for CMake config files
[3.328s] Level 1:colcon.colcon_core.shell:create_environment_hook('test_ch343', 'cmake_prefix_path')
[3.329s] INFO:colcon.colcon_core.shell:Creating environment hook '/home/zoellickhan/Code/2024CV/testSerialDriver/ws_testROS/install/test_ch343/share/test_ch343/hook/cmake_prefix_path.ps1'
[3.330s] INFO:colcon.colcon_core.shell:Creating environment descriptor '/home/zoellickhan/Code/2024CV/testSerialDriver/ws_testROS/install/test_ch343/share/test_ch343/hook/cmake_prefix_path.dsv'
[3.330s] INFO:colcon.colcon_core.shell:Creating environment hook '/home/zoellickhan/Code/2024CV/testSerialDriver/ws_testROS/install/test_ch343/share/test_ch343/hook/cmake_prefix_path.sh'
[3.332s] Level 1:colcon.colcon_core.environment:checking '/home/zoellickhan/Code/2024CV/testSerialDriver/ws_testROS/install/test_ch343/lib'
[3.332s] Level 1:colcon.colcon_core.environment:checking '/home/zoellickhan/Code/2024CV/testSerialDriver/ws_testROS/install/test_ch343/bin'
[3.332s] Level 1:colcon.colcon_core.environment:checking '/home/zoellickhan/Code/2024CV/testSerialDriver/ws_testROS/install/test_ch343/lib/pkgconfig/test_ch343.pc'
[3.333s] Level 1:colcon.colcon_core.environment:checking '/home/zoellickhan/Code/2024CV/testSerialDriver/ws_testROS/install/test_ch343/lib/python3.10/site-packages'
[3.333s] Level 1:colcon.colcon_core.environment:checking '/home/zoellickhan/Code/2024CV/testSerialDriver/ws_testROS/install/test_ch343/bin'
[3.334s] INFO:colcon.colcon_core.shell:Creating package script '/home/zoellickhan/Code/2024CV/testSerialDriver/ws_testROS/install/test_ch343/share/test_ch343/package.ps1'
[3.335s] INFO:colcon.colcon_core.shell:Creating package descriptor '/home/zoellickhan/Code/2024CV/testSerialDriver/ws_testROS/install/test_ch343/share/test_ch343/package.dsv'
[3.335s] INFO:colcon.colcon_core.shell:Creating package script '/home/zoellickhan/Code/2024CV/testSerialDriver/ws_testROS/install/test_ch343/share/test_ch343/package.sh'
[3.336s] INFO:colcon.colcon_core.shell:Creating package script '/home/zoellickhan/Code/2024CV/testSerialDriver/ws_testROS/install/test_ch343/share/test_ch343/package.bash'
[3.337s] INFO:colcon.colcon_core.shell:Creating package script '/home/zoellickhan/Code/2024CV/testSerialDriver/ws_testROS/install/test_ch343/share/test_ch343/package.zsh'
[3.338s] Level 1:colcon.colcon_core.environment:create_file_with_runtime_dependencies(/home/zoellickhan/Code/2024CV/testSerialDriver/ws_testROS/install/test_ch343/share/colcon-core/packages/test_ch343)
[3.393s] Level 1:colcon.colcon_core.environment:create_environment_scripts_only(test_ch343)
[3.394s] Level 1:colcon.colcon_core.environment:checking '/home/zoellickhan/Code/2024CV/testSerialDriver/ws_testROS/install/test_ch343' for CMake module files
[3.395s] Level 1:colcon.colcon_core.environment:checking '/home/zoellickhan/Code/2024CV/testSerialDriver/ws_testROS/install/test_ch343' for CMake config files
[3.396s] Level 1:colcon.colcon_core.shell:create_environment_hook('test_ch343', 'cmake_prefix_path')
[3.397s] INFO:colcon.colcon_core.shell:Creating environment hook '/home/zoellickhan/Code/2024CV/testSerialDriver/ws_testROS/install/test_ch343/share/test_ch343/hook/cmake_prefix_path.ps1'
[3.398s] INFO:colcon.colcon_core.shell:Creating environment descriptor '/home/zoellickhan/Code/2024CV/testSerialDriver/ws_testROS/install/test_ch343/share/test_ch343/hook/cmake_prefix_path.dsv'
[3.398s] INFO:colcon.colcon_core.shell:Creating environment hook '/home/zoellickhan/Code/2024CV/testSerialDriver/ws_testROS/install/test_ch343/share/test_ch343/hook/cmake_prefix_path.sh'
[3.399s] Level 1:colcon.colcon_core.environment:checking '/home/zoellickhan/Code/2024CV/testSerialDriver/ws_testROS/install/test_ch343/lib'
[3.400s] Level 1:colcon.colcon_core.environment:checking '/home/zoellickhan/Code/2024CV/testSerialDriver/ws_testROS/install/test_ch343/bin'
[3.400s] Level 1:colcon.colcon_core.environment:checking '/home/zoellickhan/Code/2024CV/testSerialDriver/ws_testROS/install/test_ch343/lib/pkgconfig/test_ch343.pc'
[3.400s] Level 1:colcon.colcon_core.environment:checking '/home/zoellickhan/Code/2024CV/testSerialDriver/ws_testROS/install/test_ch343/lib/python3.10/site-packages'
[3.401s] Level 1:colcon.colcon_core.environment:checking '/home/zoellickhan/Code/2024CV/testSerialDriver/ws_testROS/install/test_ch343/bin'
[3.401s] INFO:colcon.colcon_core.shell:Creating package script '/home/zoellickhan/Code/2024CV/testSerialDriver/ws_testROS/install/test_ch343/share/test_ch343/package.ps1'
[3.402s] INFO:colcon.colcon_core.shell:Creating package descriptor '/home/zoellickhan/Code/2024CV/testSerialDriver/ws_testROS/install/test_ch343/share/test_ch343/package.dsv'
[3.404s] INFO:colcon.colcon_core.shell:Creating package script '/home/zoellickhan/Code/2024CV/testSerialDriver/ws_testROS/install/test_ch343/share/test_ch343/package.sh'
[3.405s] INFO:colcon.colcon_core.shell:Creating package script '/home/zoellickhan/Code/2024CV/testSerialDriver/ws_testROS/install/test_ch343/share/test_ch343/package.bash'
[3.406s] INFO:colcon.colcon_core.shell:Creating package script '/home/zoellickhan/Code/2024CV/testSerialDriver/ws_testROS/install/test_ch343/share/test_ch343/package.zsh'
[3.407s] Level 1:colcon.colcon_core.environment:create_file_with_runtime_dependencies(/home/zoellickhan/Code/2024CV/testSerialDriver/ws_testROS/install/test_ch343/share/colcon-core/packages/test_ch343)
[3.407s] DEBUG:colcon.colcon_parallel_executor.executor.parallel:closing loop
[3.408s] DEBUG:colcon.colcon_parallel_executor.executor.parallel:loop closed
[3.408s] DEBUG:colcon.colcon_parallel_executor.executor.parallel:run_until_complete finished with '0'
[3.408s] DEBUG:colcon.colcon_core.event_reactor:joining thread
[3.417s] INFO:colcon.colcon_core.plugin_system:Skipping extension 'colcon_notification.desktop_notification.terminal_notifier': Not used on non-Darwin systems
[3.417s] INFO:colcon.colcon_core.plugin_system:Skipping extension 'colcon_notification.desktop_notification.win32': Not used on non-Windows systems
[3.417s] INFO:colcon.colcon_notification.desktop_notification:Sending desktop notification using 'notify2'
[3.454s] DEBUG:colcon.colcon_core.event_reactor:joined thread
[3.455s] INFO:colcon.colcon_core.shell:Creating prefix script '/home/zoellickhan/Code/2024CV/testSerialDriver/ws_testROS/install/local_setup.ps1'
[3.457s] INFO:colcon.colcon_core.shell:Creating prefix util module '/home/zoellickhan/Code/2024CV/testSerialDriver/ws_testROS/install/_local_setup_util_ps1.py'
[3.460s] INFO:colcon.colcon_core.shell:Creating prefix chain script '/home/zoellickhan/Code/2024CV/testSerialDriver/ws_testROS/install/setup.ps1'
[3.462s] INFO:colcon.colcon_core.shell:Creating prefix script '/home/zoellickhan/Code/2024CV/testSerialDriver/ws_testROS/install/local_setup.sh'
[3.463s] INFO:colcon.colcon_core.shell:Creating prefix util module '/home/zoellickhan/Code/2024CV/testSerialDriver/ws_testROS/install/_local_setup_util_sh.py'
[3.464s] INFO:colcon.colcon_core.shell:Creating prefix chain script '/home/zoellickhan/Code/2024CV/testSerialDriver/ws_testROS/install/setup.sh'
[3.466s] INFO:colcon.colcon_core.shell:Creating prefix script '/home/zoellickhan/Code/2024CV/testSerialDriver/ws_testROS/install/local_setup.bash'
[3.467s] INFO:colcon.colcon_core.shell:Creating prefix chain script '/home/zoellickhan/Code/2024CV/testSerialDriver/ws_testROS/install/setup.bash'
[3.469s] INFO:colcon.colcon_core.shell:Creating prefix script '/home/zoellickhan/Code/2024CV/testSerialDriver/ws_testROS/install/local_setup.zsh'
[3.470s] INFO:colcon.colcon_core.shell:Creating prefix chain script '/home/zoellickhan/Code/2024CV/testSerialDriver/ws_testROS/install/setup.zsh'
