[0.175s] DEBUG:colcon:Command line arguments: ['/usr/bin/colcon', 'build']
[0.175s] DEBUG:colcon:Parsed command line arguments: Namespace(log_base=None, log_level=None, verb_name='build', build_base='build', install_base='install', merge_install=False, symlink_install=False, test_result_base=None, continue_on_error=False, executor='parallel', parallel_workers=20, event_handlers=None, ignore_user_meta=False, metas=['./colcon.meta'], base_paths=['.'], packages_ignore=None, packages_ignore_regex=None, paths=None, packages_up_to=None, packages_up_to_regex=None, packages_above=None, packages_above_and_dependencies=None, packages_above_depth=None, packages_select_by_dep=None, packages_skip_by_dep=None, packages_skip_up_to=None, packages_select_build_failed=False, packages_skip_build_finished=False, packages_select_test_failures=False, packages_skip_test_passed=False, packages_select=None, packages_skip=None, packages_select_regex=None, packages_skip_regex=None, packages_start=None, packages_end=None, allow_overriding=[], cmake_args=None, cmake_target=None, cmake_target_skip_unavailable=False, cmake_clean_cache=False, cmake_clean_first=False, cmake_force_configure=False, ament_cmake_args=None, catkin_cmake_args=None, catkin_skip_building_tests=False, mixin_files=None, mixin=None, verb_parser=<colcon_mixin.mixin.mixin_argument.MixinArgumentDecorator object at 0x707932f4a800>, verb_extension=<colcon_core.verb.build.BuildVerb object at 0x707932f4a230>, main=<bound method BuildVerb.main of <colcon_core.verb.build.BuildVerb object at 0x707932f4a230>>, mixin_verb=('build',))
[0.398s] Level 1:colcon.colcon_core.package_discovery:discover_packages(colcon_meta) check parameters
[0.398s] Level 1:colcon.colcon_core.package_discovery:discover_packages(recursive) check parameters
[0.398s] Level 1:colcon.colcon_core.package_discovery:discover_packages(ignore) check parameters
[0.398s] Level 1:colcon.colcon_core.package_discovery:discover_packages(path) check parameters
[0.398s] Level 1:colcon.colcon_core.package_discovery:discover_packages(colcon_meta) discover
[0.399s] Level 1:colcon.colcon_core.package_discovery:discover_packages(recursive) discover
[0.399s] INFO:colcon.colcon_core.package_discovery:Crawling recursively for packages in '/home/zoellickhan/Code/ws_testROS'
[0.399s] Level 1:colcon.colcon_core.package_identification:_identify(.) by extensions ['ignore', 'ignore_ament_install']
[0.399s] Level 1:colcon.colcon_core.package_identification:_identify(.) by extension 'ignore'
[0.399s] Level 1:colcon.colcon_core.package_identification:_identify(.) by extension 'ignore_ament_install'
[0.399s] Level 1:colcon.colcon_core.package_identification:_identify(.) by extensions ['colcon_pkg']
[0.399s] Level 1:colcon.colcon_core.package_identification:_identify(.) by extension 'colcon_pkg'
[0.399s] Level 1:colcon.colcon_core.package_identification:_identify(.) by extensions ['colcon_meta']
[0.399s] Level 1:colcon.colcon_core.package_identification:_identify(.) by extension 'colcon_meta'
[0.399s] Level 1:colcon.colcon_core.package_identification:_identify(.) by extensions ['ros']
[0.400s] Level 1:colcon.colcon_core.package_identification:_identify(.) by extension 'ros'
[0.416s] Level 1:colcon.colcon_core.package_identification:_identify(.) by extensions ['cmake', 'python']
[0.417s] Level 1:colcon.colcon_core.package_identification:_identify(.) by extension 'cmake'
[0.417s] Level 1:colcon.colcon_core.package_identification:_identify(.) by extension 'python'
[0.417s] Level 1:colcon.colcon_core.package_identification:_identify(.) by extensions ['python_setup_py']
[0.417s] Level 1:colcon.colcon_core.package_identification:_identify(.) by extension 'python_setup_py'
[0.417s] Level 1:colcon.colcon_core.package_identification:_identify(build) by extensions ['ignore', 'ignore_ament_install']
[0.417s] Level 1:colcon.colcon_core.package_identification:_identify(build) by extension 'ignore'
[0.417s] Level 1:colcon.colcon_core.package_identification:_identify(build) ignored
[0.418s] Level 1:colcon.colcon_core.package_identification:_identify(install) by extensions ['ignore', 'ignore_ament_install']
[0.418s] Level 1:colcon.colcon_core.package_identification:_identify(install) by extension 'ignore'
[0.418s] Level 1:colcon.colcon_core.package_identification:_identify(install) ignored
[0.418s] Level 1:colcon.colcon_core.package_identification:_identify(log) by extensions ['ignore', 'ignore_ament_install']
[0.418s] Level 1:colcon.colcon_core.package_identification:_identify(log) by extension 'ignore'
[0.418s] Level 1:colcon.colcon_core.package_identification:_identify(log) ignored
[0.419s] Level 1:colcon.colcon_core.package_identification:_identify(src) by extensions ['ignore', 'ignore_ament_install']
[0.419s] Level 1:colcon.colcon_core.package_identification:_identify(src) by extension 'ignore'
[0.419s] Level 1:colcon.colcon_core.package_identification:_identify(src) by extension 'ignore_ament_install'
[0.419s] Level 1:colcon.colcon_core.package_identification:_identify(src) by extensions ['colcon_pkg']
[0.419s] Level 1:colcon.colcon_core.package_identification:_identify(src) by extension 'colcon_pkg'
[0.419s] Level 1:colcon.colcon_core.package_identification:_identify(src) by extensions ['colcon_meta']
[0.419s] Level 1:colcon.colcon_core.package_identification:_identify(src) by extension 'colcon_meta'
[0.419s] Level 1:colcon.colcon_core.package_identification:_identify(src) by extensions ['ros']
[0.419s] Level 1:colcon.colcon_core.package_identification:_identify(src) by extension 'ros'
[0.419s] Level 1:colcon.colcon_core.package_identification:_identify(src) by extensions ['cmake', 'python']
[0.419s] Level 1:colcon.colcon_core.package_identification:_identify(src) by extension 'cmake'
[0.419s] Level 1:colcon.colcon_core.package_identification:_identify(src) by extension 'python'
[0.419s] Level 1:colcon.colcon_core.package_identification:_identify(src) by extensions ['python_setup_py']
[0.419s] Level 1:colcon.colcon_core.package_identification:_identify(src) by extension 'python_setup_py'
[0.420s] Level 1:colcon.colcon_core.package_identification:_identify(src/build) by extensions ['ignore', 'ignore_ament_install']
[0.420s] Level 1:colcon.colcon_core.package_identification:_identify(src/build) by extension 'ignore'
[0.420s] Level 1:colcon.colcon_core.package_identification:_identify(src/build) ignored
[0.420s] Level 1:colcon.colcon_core.package_identification:_identify(src/install) by extensions ['ignore', 'ignore_ament_install']
[0.420s] Level 1:colcon.colcon_core.package_identification:_identify(src/install) by extension 'ignore'
[0.420s] Level 1:colcon.colcon_core.package_identification:_identify(src/install) ignored
[0.420s] Level 1:colcon.colcon_core.package_identification:_identify(src/log) by extensions ['ignore', 'ignore_ament_install']
[0.420s] Level 1:colcon.colcon_core.package_identification:_identify(src/log) by extension 'ignore'
[0.420s] Level 1:colcon.colcon_core.package_identification:_identify(src/log) ignored
[0.421s] Level 1:colcon.colcon_core.package_identification:_identify(src/test_ch343) by extensions ['ignore', 'ignore_ament_install']
[0.421s] Level 1:colcon.colcon_core.package_identification:_identify(src/test_ch343) by extension 'ignore'
[0.421s] Level 1:colcon.colcon_core.package_identification:_identify(src/test_ch343) by extension 'ignore_ament_install'
[0.421s] Level 1:colcon.colcon_core.package_identification:_identify(src/test_ch343) by extensions ['colcon_pkg']
[0.421s] Level 1:colcon.colcon_core.package_identification:_identify(src/test_ch343) by extension 'colcon_pkg'
[0.421s] Level 1:colcon.colcon_core.package_identification:_identify(src/test_ch343) by extensions ['colcon_meta']
[0.421s] Level 1:colcon.colcon_core.package_identification:_identify(src/test_ch343) by extension 'colcon_meta'
[0.421s] Level 1:colcon.colcon_core.package_identification:_identify(src/test_ch343) by extensions ['ros']
[0.421s] Level 1:colcon.colcon_core.package_identification:_identify(src/test_ch343) by extension 'ros'
[0.425s] DEBUG:colcon.colcon_core.package_identification:Package 'src/test_ch343' with type 'ros.ament_cmake' and name 'test_ch343'
[0.425s] Level 1:colcon.colcon_core.package_identification:_identify(src/test_serialdriver) by extensions ['ignore', 'ignore_ament_install']
[0.425s] Level 1:colcon.colcon_core.package_identification:_identify(src/test_serialdriver) by extension 'ignore'
[0.426s] Level 1:colcon.colcon_core.package_identification:_identify(src/test_serialdriver) by extension 'ignore_ament_install'
[0.426s] Level 1:colcon.colcon_core.package_identification:_identify(src/test_serialdriver) by extensions ['colcon_pkg']
[0.426s] Level 1:colcon.colcon_core.package_identification:_identify(src/test_serialdriver) by extension 'colcon_pkg'
[0.426s] Level 1:colcon.colcon_core.package_identification:_identify(src/test_serialdriver) by extensions ['colcon_meta']
[0.426s] Level 1:colcon.colcon_core.package_identification:_identify(src/test_serialdriver) by extension 'colcon_meta'
[0.426s] Level 1:colcon.colcon_core.package_identification:_identify(src/test_serialdriver) by extensions ['ros']
[0.426s] Level 1:colcon.colcon_core.package_identification:_identify(src/test_serialdriver) by extension 'ros'
[0.427s] DEBUG:colcon.colcon_core.package_identification:Package 'src/test_serialdriver' with type 'ros.ament_cmake' and name 'test_serialdriver'
[0.427s] Level 1:colcon.colcon_core.package_discovery:discover_packages(recursive) using defaults
[0.427s] Level 1:colcon.colcon_core.package_discovery:discover_packages(ignore) discover
[0.427s] Level 1:colcon.colcon_core.package_discovery:discover_packages(ignore) using defaults
[0.427s] Level 1:colcon.colcon_core.package_discovery:discover_packages(path) discover
[0.427s] Level 1:colcon.colcon_core.package_discovery:discover_packages(path) using defaults
[0.484s] Level 1:colcon.colcon_core.package_discovery:discover_packages(prefix_path) check parameters
[0.484s] Level 1:colcon.colcon_core.package_discovery:discover_packages(prefix_path) discover
[0.487s] DEBUG:colcon.colcon_installed_package_information.package_discovery:Found 2 installed packages in /home/zoellickhan/Code/ws_testROS/install
[0.490s] DEBUG:colcon.colcon_installed_package_information.package_discovery:Found 297 installed packages in /opt/ros/humble
[0.492s] Level 1:colcon.colcon_core.package_discovery:discover_packages(prefix_path) using defaults
[0.546s] Level 5:colcon.colcon_core.verb:set package 'test_ch343' build argument 'cmake_args' from command line to 'None'
[0.546s] Level 5:colcon.colcon_core.verb:set package 'test_ch343' build argument 'cmake_target' from command line to 'None'
[0.546s] Level 5:colcon.colcon_core.verb:set package 'test_ch343' build argument 'cmake_target_skip_unavailable' from command line to 'False'
[0.546s] Level 5:colcon.colcon_core.verb:set package 'test_ch343' build argument 'cmake_clean_cache' from command line to 'False'
[0.546s] Level 5:colcon.colcon_core.verb:set package 'test_ch343' build argument 'cmake_clean_first' from command line to 'False'
[0.546s] Level 5:colcon.colcon_core.verb:set package 'test_ch343' build argument 'cmake_force_configure' from command line to 'False'
[0.546s] Level 5:colcon.colcon_core.verb:set package 'test_ch343' build argument 'ament_cmake_args' from command line to 'None'
[0.546s] Level 5:colcon.colcon_core.verb:set package 'test_ch343' build argument 'catkin_cmake_args' from command line to 'None'
[0.546s] Level 5:colcon.colcon_core.verb:set package 'test_ch343' build argument 'catkin_skip_building_tests' from command line to 'False'
[0.546s] DEBUG:colcon.colcon_core.verb:Building package 'test_ch343' with the following arguments: {'ament_cmake_args': None, 'build_base': '/home/zoellickhan/Code/ws_testROS/build/test_ch343', 'catkin_cmake_args': None, 'catkin_skip_building_tests': False, 'cmake_args': None, 'cmake_clean_cache': False, 'cmake_clean_first': False, 'cmake_force_configure': False, 'cmake_target': None, 'cmake_target_skip_unavailable': False, 'install_base': '/home/zoellickhan/Code/ws_testROS/install/test_ch343', 'merge_install': False, 'path': '/home/zoellickhan/Code/ws_testROS/src/test_ch343', 'symlink_install': False, 'test_result_base': None}
[0.546s] Level 5:colcon.colcon_core.verb:set package 'test_serialdriver' build argument 'cmake_args' from command line to 'None'
[0.546s] Level 5:colcon.colcon_core.verb:set package 'test_serialdriver' build argument 'cmake_target' from command line to 'None'
[0.546s] Level 5:colcon.colcon_core.verb:set package 'test_serialdriver' build argument 'cmake_target_skip_unavailable' from command line to 'False'
[0.546s] Level 5:colcon.colcon_core.verb:set package 'test_serialdriver' build argument 'cmake_clean_cache' from command line to 'False'
[0.546s] Level 5:colcon.colcon_core.verb:set package 'test_serialdriver' build argument 'cmake_clean_first' from command line to 'False'
[0.546s] Level 5:colcon.colcon_core.verb:set package 'test_serialdriver' build argument 'cmake_force_configure' from command line to 'False'
[0.546s] Level 5:colcon.colcon_core.verb:set package 'test_serialdriver' build argument 'ament_cmake_args' from command line to 'None'
[0.546s] Level 5:colcon.colcon_core.verb:set package 'test_serialdriver' build argument 'catkin_cmake_args' from command line to 'None'
[0.547s] Level 5:colcon.colcon_core.verb:set package 'test_serialdriver' build argument 'catkin_skip_building_tests' from command line to 'False'
[0.547s] DEBUG:colcon.colcon_core.verb:Building package 'test_serialdriver' with the following arguments: {'ament_cmake_args': None, 'build_base': '/home/zoellickhan/Code/ws_testROS/build/test_serialdriver', 'catkin_cmake_args': None, 'catkin_skip_building_tests': False, 'cmake_args': None, 'cmake_clean_cache': False, 'cmake_clean_first': False, 'cmake_force_configure': False, 'cmake_target': None, 'cmake_target_skip_unavailable': False, 'install_base': '/home/zoellickhan/Code/ws_testROS/install/test_serialdriver', 'merge_install': False, 'path': '/home/zoellickhan/Code/ws_testROS/src/test_serialdriver', 'symlink_install': False, 'test_result_base': None}
[0.547s] INFO:colcon.colcon_core.executor:Executing jobs using 'parallel' executor
[0.548s] DEBUG:colcon.colcon_parallel_executor.executor.parallel:run_until_complete
[0.548s] INFO:colcon.colcon_ros.task.ament_cmake.build:Building ROS package in '/home/zoellickhan/Code/ws_testROS/src/test_ch343' with build type 'ament_cmake'
[0.548s] INFO:colcon.colcon_cmake.task.cmake.build:Building CMake package in '/home/zoellickhan/Code/ws_testROS/src/test_ch343'
[0.551s] INFO:colcon.colcon_core.plugin_system:Skipping extension 'colcon_core.shell.bat': Not used on non-Windows systems
[0.551s] INFO:colcon.colcon_core.shell:Skip shell extension 'powershell' for command environment: Not usable outside of PowerShell
[0.551s] DEBUG:colcon.colcon_core.shell:Skip shell extension 'dsv' for command environment
[0.555s] INFO:colcon.colcon_ros.task.ament_cmake.build:Building ROS package in '/home/zoellickhan/Code/ws_testROS/src/test_serialdriver' with build type 'ament_cmake'
[0.555s] INFO:colcon.colcon_cmake.task.cmake.build:Building CMake package in '/home/zoellickhan/Code/ws_testROS/src/test_serialdriver'
[0.556s] INFO:colcon.colcon_core.shell:Skip shell extension 'powershell' for command environment: Not usable outside of PowerShell
[0.556s] DEBUG:colcon.colcon_core.shell:Skip shell extension 'dsv' for command environment
[0.566s] DEBUG:colcon.colcon_core.event_handler.log_command:Invoking command in '/home/zoellickhan/Code/ws_testROS/build/test_ch343': CMAKE_PREFIX_PATH=${CMAKE_PREFIX_PATH}:/opt/ros/humble /usr/bin/cmake --build /home/zoellickhan/Code/ws_testROS/build/test_ch343 -- -j20 -l20
[0.572s] DEBUG:colcon.colcon_core.event_handler.log_command:Invoking command in '/home/zoellickhan/Code/ws_testROS/build/test_serialdriver': CMAKE_PREFIX_PATH=${CMAKE_PREFIX_PATH}:/opt/ros/humble /usr/bin/cmake --build /home/zoellickhan/Code/ws_testROS/build/test_serialdriver -- -j20 -l20
[0.682s] DEBUG:colcon.colcon_core.event_handler.log_command:Invoked command in '/home/zoellickhan/Code/ws_testROS/build/test_serialdriver' returned '0': CMAKE_PREFIX_PATH=${CMAKE_PREFIX_PATH}:/opt/ros/humble /usr/bin/cmake --build /home/zoellickhan/Code/ws_testROS/build/test_serialdriver -- -j20 -l20
[0.686s] DEBUG:colcon.colcon_core.event_handler.log_command:Invoked command in '/home/zoellickhan/Code/ws_testROS/build/test_ch343' returned '0': CMAKE_PREFIX_PATH=${CMAKE_PREFIX_PATH}:/opt/ros/humble /usr/bin/cmake --build /home/zoellickhan/Code/ws_testROS/build/test_ch343 -- -j20 -l20
[0.751s] DEBUG:colcon.colcon_core.event_handler.log_command:Invoking command in '/home/zoellickhan/Code/ws_testROS/build/test_serialdriver': CMAKE_PREFIX_PATH=${CMAKE_PREFIX_PATH}:/opt/ros/humble /usr/bin/cmake --install /home/zoellickhan/Code/ws_testROS/build/test_serialdriver
[0.755s] DEBUG:colcon.colcon_core.event_handler.log_command:Invoking command in '/home/zoellickhan/Code/ws_testROS/build/test_ch343': CMAKE_PREFIX_PATH=${CMAKE_PREFIX_PATH}:/opt/ros/humble /usr/bin/cmake --install /home/zoellickhan/Code/ws_testROS/build/test_ch343
[0.766s] Level 1:colcon.colcon_core.environment:create_environment_scripts_only(test_serialdriver)
[0.769s] DEBUG:colcon.colcon_core.event_handler.log_command:Invoked command in '/home/zoellickhan/Code/ws_testROS/build/test_serialdriver' returned '0': CMAKE_PREFIX_PATH=${CMAKE_PREFIX_PATH}:/opt/ros/humble /usr/bin/cmake --install /home/zoellickhan/Code/ws_testROS/build/test_serialdriver
[0.775s] Level 1:colcon.colcon_core.environment:checking '/home/zoellickhan/Code/ws_testROS/install/test_serialdriver' for CMake module files
[0.776s] Level 1:colcon.colcon_core.environment:checking '/home/zoellickhan/Code/ws_testROS/install/test_serialdriver' for CMake config files
[0.776s] Level 1:colcon.colcon_core.shell:create_environment_hook('test_serialdriver', 'cmake_prefix_path')
[0.777s] INFO:colcon.colcon_core.shell:Creating environment hook '/home/zoellickhan/Code/ws_testROS/install/test_serialdriver/share/test_serialdriver/hook/cmake_prefix_path.ps1'
[0.778s] INFO:colcon.colcon_core.shell:Creating environment descriptor '/home/zoellickhan/Code/ws_testROS/install/test_serialdriver/share/test_serialdriver/hook/cmake_prefix_path.dsv'
[0.779s] INFO:colcon.colcon_core.shell:Creating environment hook '/home/zoellickhan/Code/ws_testROS/install/test_serialdriver/share/test_serialdriver/hook/cmake_prefix_path.sh'
[0.780s] Level 1:colcon.colcon_core.environment:checking '/home/zoellickhan/Code/ws_testROS/install/test_serialdriver/lib'
[0.781s] Level 1:colcon.colcon_core.environment:checking '/home/zoellickhan/Code/ws_testROS/install/test_serialdriver/bin'
[0.781s] Level 1:colcon.colcon_core.environment:checking '/home/zoellickhan/Code/ws_testROS/install/test_serialdriver/lib/pkgconfig/test_serialdriver.pc'
[0.781s] Level 1:colcon.colcon_core.environment:checking '/home/zoellickhan/Code/ws_testROS/install/test_serialdriver/lib/python3.10/site-packages'
[0.781s] Level 1:colcon.colcon_core.environment:checking '/home/zoellickhan/Code/ws_testROS/install/test_serialdriver/bin'
[0.782s] INFO:colcon.colcon_core.shell:Creating package script '/home/zoellickhan/Code/ws_testROS/install/test_serialdriver/share/test_serialdriver/package.ps1'
[0.783s] INFO:colcon.colcon_core.shell:Creating package descriptor '/home/zoellickhan/Code/ws_testROS/install/test_serialdriver/share/test_serialdriver/package.dsv'
[0.784s] INFO:colcon.colcon_core.shell:Creating package script '/home/zoellickhan/Code/ws_testROS/install/test_serialdriver/share/test_serialdriver/package.sh'
[0.785s] INFO:colcon.colcon_core.shell:Creating package script '/home/zoellickhan/Code/ws_testROS/install/test_serialdriver/share/test_serialdriver/package.bash'
[0.787s] INFO:colcon.colcon_core.shell:Creating package script '/home/zoellickhan/Code/ws_testROS/install/test_serialdriver/share/test_serialdriver/package.zsh'
[0.788s] Level 1:colcon.colcon_core.environment:create_file_with_runtime_dependencies(/home/zoellickhan/Code/ws_testROS/install/test_serialdriver/share/colcon-core/packages/test_serialdriver)
[0.791s] Level 1:colcon.colcon_core.environment:create_environment_scripts_only(test_ch343)
[0.791s] Level 1:colcon.colcon_core.environment:checking '/home/zoellickhan/Code/ws_testROS/install/test_ch343' for CMake module files
[0.792s] DEBUG:colcon.colcon_core.event_handler.log_command:Invoked command in '/home/zoellickhan/Code/ws_testROS/build/test_ch343' returned '0': CMAKE_PREFIX_PATH=${CMAKE_PREFIX_PATH}:/opt/ros/humble /usr/bin/cmake --install /home/zoellickhan/Code/ws_testROS/build/test_ch343
[0.793s] Level 1:colcon.colcon_core.environment:checking '/home/zoellickhan/Code/ws_testROS/install/test_ch343' for CMake config files
[0.794s] Level 1:colcon.colcon_core.shell:create_environment_hook('test_ch343', 'cmake_prefix_path')
[0.794s] INFO:colcon.colcon_core.shell:Creating environment hook '/home/zoellickhan/Code/ws_testROS/install/test_ch343/share/test_ch343/hook/cmake_prefix_path.ps1'
[0.795s] INFO:colcon.colcon_core.shell:Creating environment descriptor '/home/zoellickhan/Code/ws_testROS/install/test_ch343/share/test_ch343/hook/cmake_prefix_path.dsv'
[0.795s] INFO:colcon.colcon_core.shell:Creating environment hook '/home/zoellickhan/Code/ws_testROS/install/test_ch343/share/test_ch343/hook/cmake_prefix_path.sh'
[0.796s] Level 1:colcon.colcon_core.environment:checking '/home/zoellickhan/Code/ws_testROS/install/test_ch343/lib'
[0.796s] Level 1:colcon.colcon_core.environment:checking '/home/zoellickhan/Code/ws_testROS/install/test_ch343/bin'
[0.796s] Level 1:colcon.colcon_core.environment:checking '/home/zoellickhan/Code/ws_testROS/install/test_ch343/lib/pkgconfig/test_ch343.pc'
[0.797s] Level 1:colcon.colcon_core.environment:checking '/home/zoellickhan/Code/ws_testROS/install/test_ch343/lib/python3.10/site-packages'
[0.797s] Level 1:colcon.colcon_core.environment:checking '/home/zoellickhan/Code/ws_testROS/install/test_ch343/bin'
[0.798s] INFO:colcon.colcon_core.shell:Creating package script '/home/zoellickhan/Code/ws_testROS/install/test_ch343/share/test_ch343/package.ps1'
[0.798s] INFO:colcon.colcon_core.shell:Creating package descriptor '/home/zoellickhan/Code/ws_testROS/install/test_ch343/share/test_ch343/package.dsv'
[0.799s] INFO:colcon.colcon_core.shell:Creating package script '/home/zoellickhan/Code/ws_testROS/install/test_ch343/share/test_ch343/package.sh'
[0.799s] INFO:colcon.colcon_core.shell:Creating package script '/home/zoellickhan/Code/ws_testROS/install/test_ch343/share/test_ch343/package.bash'
[0.800s] INFO:colcon.colcon_core.shell:Creating package script '/home/zoellickhan/Code/ws_testROS/install/test_ch343/share/test_ch343/package.zsh'
[0.800s] Level 1:colcon.colcon_core.environment:create_file_with_runtime_dependencies(/home/zoellickhan/Code/ws_testROS/install/test_ch343/share/colcon-core/packages/test_ch343)
[0.845s] Level 1:colcon.colcon_core.environment:create_environment_scripts_only(test_serialdriver)
[0.846s] Level 1:colcon.colcon_core.environment:checking '/home/zoellickhan/Code/ws_testROS/install/test_serialdriver' for CMake module files
[0.847s] Level 1:colcon.colcon_core.environment:checking '/home/zoellickhan/Code/ws_testROS/install/test_serialdriver' for CMake config files
[0.848s] Level 1:colcon.colcon_core.shell:create_environment_hook('test_serialdriver', 'cmake_prefix_path')
[0.849s] INFO:colcon.colcon_core.shell:Creating environment hook '/home/zoellickhan/Code/ws_testROS/install/test_serialdriver/share/test_serialdriver/hook/cmake_prefix_path.ps1'
[0.850s] INFO:colcon.colcon_core.shell:Creating environment descriptor '/home/zoellickhan/Code/ws_testROS/install/test_serialdriver/share/test_serialdriver/hook/cmake_prefix_path.dsv'
[0.851s] INFO:colcon.colcon_core.shell:Creating environment hook '/home/zoellickhan/Code/ws_testROS/install/test_serialdriver/share/test_serialdriver/hook/cmake_prefix_path.sh'
[0.852s] Level 1:colcon.colcon_core.environment:checking '/home/zoellickhan/Code/ws_testROS/install/test_serialdriver/lib'
[0.852s] Level 1:colcon.colcon_core.environment:checking '/home/zoellickhan/Code/ws_testROS/install/test_serialdriver/bin'
[0.853s] Level 1:colcon.colcon_core.environment:checking '/home/zoellickhan/Code/ws_testROS/install/test_serialdriver/lib/pkgconfig/test_serialdriver.pc'
[0.853s] Level 1:colcon.colcon_core.environment:checking '/home/zoellickhan/Code/ws_testROS/install/test_serialdriver/lib/python3.10/site-packages'
[0.854s] Level 1:colcon.colcon_core.environment:checking '/home/zoellickhan/Code/ws_testROS/install/test_serialdriver/bin'
[0.854s] INFO:colcon.colcon_core.shell:Creating package script '/home/zoellickhan/Code/ws_testROS/install/test_serialdriver/share/test_serialdriver/package.ps1'
[0.856s] INFO:colcon.colcon_core.shell:Creating package descriptor '/home/zoellickhan/Code/ws_testROS/install/test_serialdriver/share/test_serialdriver/package.dsv'
[0.857s] INFO:colcon.colcon_core.shell:Creating package script '/home/zoellickhan/Code/ws_testROS/install/test_serialdriver/share/test_serialdriver/package.sh'
[0.858s] INFO:colcon.colcon_core.shell:Creating package script '/home/zoellickhan/Code/ws_testROS/install/test_serialdriver/share/test_serialdriver/package.bash'
[0.859s] INFO:colcon.colcon_core.shell:Creating package script '/home/zoellickhan/Code/ws_testROS/install/test_serialdriver/share/test_serialdriver/package.zsh'
[0.859s] Level 1:colcon.colcon_core.environment:create_file_with_runtime_dependencies(/home/zoellickhan/Code/ws_testROS/install/test_serialdriver/share/colcon-core/packages/test_serialdriver)
[0.862s] Level 1:colcon.colcon_core.environment:create_environment_scripts_only(test_ch343)
[0.863s] Level 1:colcon.colcon_core.environment:checking '/home/zoellickhan/Code/ws_testROS/install/test_ch343' for CMake module files
[0.864s] Level 1:colcon.colcon_core.environment:checking '/home/zoellickhan/Code/ws_testROS/install/test_ch343' for CMake config files
[0.865s] Level 1:colcon.colcon_core.shell:create_environment_hook('test_ch343', 'cmake_prefix_path')
[0.866s] INFO:colcon.colcon_core.shell:Creating environment hook '/home/zoellickhan/Code/ws_testROS/install/test_ch343/share/test_ch343/hook/cmake_prefix_path.ps1'
[0.867s] INFO:colcon.colcon_core.shell:Creating environment descriptor '/home/zoellickhan/Code/ws_testROS/install/test_ch343/share/test_ch343/hook/cmake_prefix_path.dsv'
[0.868s] INFO:colcon.colcon_core.shell:Creating environment hook '/home/zoellickhan/Code/ws_testROS/install/test_ch343/share/test_ch343/hook/cmake_prefix_path.sh'
[0.869s] Level 1:colcon.colcon_core.environment:checking '/home/zoellickhan/Code/ws_testROS/install/test_ch343/lib'
[0.869s] Level 1:colcon.colcon_core.environment:checking '/home/zoellickhan/Code/ws_testROS/install/test_ch343/bin'
[0.869s] Level 1:colcon.colcon_core.environment:checking '/home/zoellickhan/Code/ws_testROS/install/test_ch343/lib/pkgconfig/test_ch343.pc'
[0.870s] Level 1:colcon.colcon_core.environment:checking '/home/zoellickhan/Code/ws_testROS/install/test_ch343/lib/python3.10/site-packages'
[0.870s] Level 1:colcon.colcon_core.environment:checking '/home/zoellickhan/Code/ws_testROS/install/test_ch343/bin'
[0.871s] INFO:colcon.colcon_core.shell:Creating package script '/home/zoellickhan/Code/ws_testROS/install/test_ch343/share/test_ch343/package.ps1'
[0.872s] INFO:colcon.colcon_core.shell:Creating package descriptor '/home/zoellickhan/Code/ws_testROS/install/test_ch343/share/test_ch343/package.dsv'
[0.873s] INFO:colcon.colcon_core.shell:Creating package script '/home/zoellickhan/Code/ws_testROS/install/test_ch343/share/test_ch343/package.sh'
[0.874s] INFO:colcon.colcon_core.shell:Creating package script '/home/zoellickhan/Code/ws_testROS/install/test_ch343/share/test_ch343/package.bash'
[0.875s] INFO:colcon.colcon_core.shell:Creating package script '/home/zoellickhan/Code/ws_testROS/install/test_ch343/share/test_ch343/package.zsh'
[0.876s] Level 1:colcon.colcon_core.environment:create_file_with_runtime_dependencies(/home/zoellickhan/Code/ws_testROS/install/test_ch343/share/colcon-core/packages/test_ch343)
[0.877s] DEBUG:colcon.colcon_parallel_executor.executor.parallel:closing loop
[0.877s] DEBUG:colcon.colcon_parallel_executor.executor.parallel:loop closed
[0.877s] DEBUG:colcon.colcon_parallel_executor.executor.parallel:run_until_complete finished with '0'
[0.878s] DEBUG:colcon.colcon_core.event_reactor:joining thread
[0.888s] INFO:colcon.colcon_core.plugin_system:Skipping extension 'colcon_notification.desktop_notification.terminal_notifier': Not used on non-Darwin systems
[0.888s] INFO:colcon.colcon_core.plugin_system:Skipping extension 'colcon_notification.desktop_notification.win32': Not used on non-Windows systems
[0.888s] INFO:colcon.colcon_notification.desktop_notification:Sending desktop notification using 'notify2'
[0.901s] DEBUG:colcon.colcon_core.event_reactor:joined thread
[0.902s] INFO:colcon.colcon_core.shell:Creating prefix script '/home/zoellickhan/Code/ws_testROS/install/local_setup.ps1'
[0.904s] INFO:colcon.colcon_core.shell:Creating prefix util module '/home/zoellickhan/Code/ws_testROS/install/_local_setup_util_ps1.py'
[0.906s] INFO:colcon.colcon_core.shell:Creating prefix chain script '/home/zoellickhan/Code/ws_testROS/install/setup.ps1'
[0.909s] INFO:colcon.colcon_core.shell:Creating prefix script '/home/zoellickhan/Code/ws_testROS/install/local_setup.sh'
[0.911s] INFO:colcon.colcon_core.shell:Creating prefix util module '/home/zoellickhan/Code/ws_testROS/install/_local_setup_util_sh.py'
[0.912s] INFO:colcon.colcon_core.shell:Creating prefix chain script '/home/zoellickhan/Code/ws_testROS/install/setup.sh'
[0.914s] INFO:colcon.colcon_core.shell:Creating prefix script '/home/zoellickhan/Code/ws_testROS/install/local_setup.bash'
[0.915s] INFO:colcon.colcon_core.shell:Creating prefix chain script '/home/zoellickhan/Code/ws_testROS/install/setup.bash'
[0.918s] INFO:colcon.colcon_core.shell:Creating prefix script '/home/zoellickhan/Code/ws_testROS/install/local_setup.zsh'
[0.919s] INFO:colcon.colcon_core.shell:Creating prefix chain script '/home/zoellickhan/Code/ws_testROS/install/setup.zsh'
