[0.057s] DEBUG:colcon:Command line arguments: ['/usr/bin/colcon', 'build']
[0.057s] DEBUG:colcon:Parsed command line arguments: Namespace(log_base=None, log_level=None, verb_name='build', build_base='build', install_base='install', merge_install=False, symlink_install=False, test_result_base=None, continue_on_error=False, executor='parallel', parallel_workers=20, event_handlers=None, ignore_user_meta=False, metas=['./colcon.meta'], base_paths=['.'], packages_ignore=None, packages_ignore_regex=None, paths=None, packages_up_to=None, packages_up_to_regex=None, packages_above=None, packages_above_and_dependencies=None, packages_above_depth=None, packages_select_by_dep=None, packages_skip_by_dep=None, packages_skip_up_to=None, packages_select_build_failed=False, packages_skip_build_finished=False, packages_select_test_failures=False, packages_skip_test_passed=False, packages_select=None, packages_skip=None, packages_select_regex=None, packages_skip_regex=None, packages_start=None, packages_end=None, allow_overriding=[], cmake_args=None, cmake_target=None, cmake_target_skip_unavailable=False, cmake_clean_cache=False, cmake_clean_first=False, cmake_force_configure=False, ament_cmake_args=None, catkin_cmake_args=None, catkin_skip_building_tests=False, mixin_files=None, mixin=None, verb_parser=<colcon_mixin.mixin.mixin_argument.MixinArgumentDecorator object at 0x72166bb425c0>, verb_extension=<colcon_core.verb.build.BuildVerb object at 0x72166bb41ff0>, main=<bound method BuildVerb.main of <colcon_core.verb.build.BuildVerb object at 0x72166bb41ff0>>, mixin_verb=('build',))
[0.141s] Level 1:colcon.colcon_core.package_discovery:discover_packages(colcon_meta) check parameters
[0.141s] Level 1:colcon.colcon_core.package_discovery:discover_packages(recursive) check parameters
[0.141s] Level 1:colcon.colcon_core.package_discovery:discover_packages(ignore) check parameters
[0.141s] Level 1:colcon.colcon_core.package_discovery:discover_packages(path) check parameters
[0.141s] Level 1:colcon.colcon_core.package_discovery:discover_packages(colcon_meta) discover
[0.141s] Level 1:colcon.colcon_core.package_discovery:discover_packages(recursive) discover
[0.141s] INFO:colcon.colcon_core.package_discovery:Crawling recursively for packages in '/home/zoellickhan/Code/ws_testROS'
[0.141s] Level 1:colcon.colcon_core.package_identification:_identify(.) by extensions ['ignore', 'ignore_ament_install']
[0.141s] Level 1:colcon.colcon_core.package_identification:_identify(.) by extension 'ignore'
[0.141s] Level 1:colcon.colcon_core.package_identification:_identify(.) by extension 'ignore_ament_install'
[0.141s] Level 1:colcon.colcon_core.package_identification:_identify(.) by extensions ['colcon_pkg']
[0.141s] Level 1:colcon.colcon_core.package_identification:_identify(.) by extension 'colcon_pkg'
[0.141s] Level 1:colcon.colcon_core.package_identification:_identify(.) by extensions ['colcon_meta']
[0.141s] Level 1:colcon.colcon_core.package_identification:_identify(.) by extension 'colcon_meta'
[0.141s] Level 1:colcon.colcon_core.package_identification:_identify(.) by extensions ['ros']
[0.141s] Level 1:colcon.colcon_core.package_identification:_identify(.) by extension 'ros'
[0.147s] Level 1:colcon.colcon_core.package_identification:_identify(.) by extensions ['cmake', 'python']
[0.147s] Level 1:colcon.colcon_core.package_identification:_identify(.) by extension 'cmake'
[0.147s] Level 1:colcon.colcon_core.package_identification:_identify(.) by extension 'python'
[0.147s] Level 1:colcon.colcon_core.package_identification:_identify(.) by extensions ['python_setup_py']
[0.147s] Level 1:colcon.colcon_core.package_identification:_identify(.) by extension 'python_setup_py'
[0.147s] Level 1:colcon.colcon_core.package_identification:_identify(build) by extensions ['ignore', 'ignore_ament_install']
[0.147s] Level 1:colcon.colcon_core.package_identification:_identify(build) by extension 'ignore'
[0.147s] Level 1:colcon.colcon_core.package_identification:_identify(build) ignored
[0.147s] Level 1:colcon.colcon_core.package_identification:_identify(install) by extensions ['ignore', 'ignore_ament_install']
[0.148s] Level 1:colcon.colcon_core.package_identification:_identify(install) by extension 'ignore'
[0.148s] Level 1:colcon.colcon_core.package_identification:_identify(install) ignored
[0.148s] Level 1:colcon.colcon_core.package_identification:_identify(log) by extensions ['ignore', 'ignore_ament_install']
[0.148s] Level 1:colcon.colcon_core.package_identification:_identify(log) by extension 'ignore'
[0.148s] Level 1:colcon.colcon_core.package_identification:_identify(log) ignored
[0.148s] Level 1:colcon.colcon_core.package_identification:_identify(src) by extensions ['ignore', 'ignore_ament_install']
[0.148s] Level 1:colcon.colcon_core.package_identification:_identify(src) by extension 'ignore'
[0.148s] Level 1:colcon.colcon_core.package_identification:_identify(src) by extension 'ignore_ament_install'
[0.148s] Level 1:colcon.colcon_core.package_identification:_identify(src) by extensions ['colcon_pkg']
[0.148s] Level 1:colcon.colcon_core.package_identification:_identify(src) by extension 'colcon_pkg'
[0.148s] Level 1:colcon.colcon_core.package_identification:_identify(src) by extensions ['colcon_meta']
[0.148s] Level 1:colcon.colcon_core.package_identification:_identify(src) by extension 'colcon_meta'
[0.148s] Level 1:colcon.colcon_core.package_identification:_identify(src) by extensions ['ros']
[0.148s] Level 1:colcon.colcon_core.package_identification:_identify(src) by extension 'ros'
[0.148s] Level 1:colcon.colcon_core.package_identification:_identify(src) by extensions ['cmake', 'python']
[0.148s] Level 1:colcon.colcon_core.package_identification:_identify(src) by extension 'cmake'
[0.148s] Level 1:colcon.colcon_core.package_identification:_identify(src) by extension 'python'
[0.148s] Level 1:colcon.colcon_core.package_identification:_identify(src) by extensions ['python_setup_py']
[0.148s] Level 1:colcon.colcon_core.package_identification:_identify(src) by extension 'python_setup_py'
[0.148s] Level 1:colcon.colcon_core.package_identification:_identify(src/build) by extensions ['ignore', 'ignore_ament_install']
[0.148s] Level 1:colcon.colcon_core.package_identification:_identify(src/build) by extension 'ignore'
[0.148s] Level 1:colcon.colcon_core.package_identification:_identify(src/build) ignored
[0.148s] Level 1:colcon.colcon_core.package_identification:_identify(src/install) by extensions ['ignore', 'ignore_ament_install']
[0.148s] Level 1:colcon.colcon_core.package_identification:_identify(src/install) by extension 'ignore'
[0.148s] Level 1:colcon.colcon_core.package_identification:_identify(src/install) ignored
[0.148s] Level 1:colcon.colcon_core.package_identification:_identify(src/log) by extensions ['ignore', 'ignore_ament_install']
[0.148s] Level 1:colcon.colcon_core.package_identification:_identify(src/log) by extension 'ignore'
[0.148s] Level 1:colcon.colcon_core.package_identification:_identify(src/log) ignored
[0.148s] Level 1:colcon.colcon_core.package_identification:_identify(src/test_ch343) by extensions ['ignore', 'ignore_ament_install']
[0.148s] Level 1:colcon.colcon_core.package_identification:_identify(src/test_ch343) by extension 'ignore'
[0.148s] Level 1:colcon.colcon_core.package_identification:_identify(src/test_ch343) by extension 'ignore_ament_install'
[0.149s] Level 1:colcon.colcon_core.package_identification:_identify(src/test_ch343) by extensions ['colcon_pkg']
[0.149s] Level 1:colcon.colcon_core.package_identification:_identify(src/test_ch343) by extension 'colcon_pkg'
[0.149s] Level 1:colcon.colcon_core.package_identification:_identify(src/test_ch343) by extensions ['colcon_meta']
[0.149s] Level 1:colcon.colcon_core.package_identification:_identify(src/test_ch343) by extension 'colcon_meta'
[0.149s] Level 1:colcon.colcon_core.package_identification:_identify(src/test_ch343) by extensions ['ros']
[0.149s] Level 1:colcon.colcon_core.package_identification:_identify(src/test_ch343) by extension 'ros'
[0.150s] DEBUG:colcon.colcon_core.package_identification:Package 'src/test_ch343' with type 'ros.ament_cmake' and name 'test_ch343'
[0.150s] Level 1:colcon.colcon_core.package_identification:_identify(src/test_serialdriver) by extensions ['ignore', 'ignore_ament_install']
[0.150s] Level 1:colcon.colcon_core.package_identification:_identify(src/test_serialdriver) by extension 'ignore'
[0.150s] Level 1:colcon.colcon_core.package_identification:_identify(src/test_serialdriver) by extension 'ignore_ament_install'
[0.150s] Level 1:colcon.colcon_core.package_identification:_identify(src/test_serialdriver) by extensions ['colcon_pkg']
[0.150s] Level 1:colcon.colcon_core.package_identification:_identify(src/test_serialdriver) by extension 'colcon_pkg'
[0.150s] Level 1:colcon.colcon_core.package_identification:_identify(src/test_serialdriver) by extensions ['colcon_meta']
[0.150s] Level 1:colcon.colcon_core.package_identification:_identify(src/test_serialdriver) by extension 'colcon_meta'
[0.150s] Level 1:colcon.colcon_core.package_identification:_identify(src/test_serialdriver) by extensions ['ros']
[0.150s] Level 1:colcon.colcon_core.package_identification:_identify(src/test_serialdriver) by extension 'ros'
[0.150s] DEBUG:colcon.colcon_core.package_identification:Package 'src/test_serialdriver' with type 'ros.ament_cmake' and name 'test_serialdriver'
[0.150s] Level 1:colcon.colcon_core.package_discovery:discover_packages(recursive) using defaults
[0.150s] Level 1:colcon.colcon_core.package_discovery:discover_packages(ignore) discover
[0.151s] Level 1:colcon.colcon_core.package_discovery:discover_packages(ignore) using defaults
[0.151s] Level 1:colcon.colcon_core.package_discovery:discover_packages(path) discover
[0.151s] Level 1:colcon.colcon_core.package_discovery:discover_packages(path) using defaults
[0.167s] Level 1:colcon.colcon_core.package_discovery:discover_packages(prefix_path) check parameters
[0.167s] Level 1:colcon.colcon_core.package_discovery:discover_packages(prefix_path) discover
[0.169s] DEBUG:colcon.colcon_installed_package_information.package_discovery:Found 297 installed packages in /opt/ros/humble
[0.169s] Level 1:colcon.colcon_core.package_discovery:discover_packages(prefix_path) using defaults
[0.190s] Level 5:colcon.colcon_core.verb:set package 'test_ch343' build argument 'cmake_args' from command line to 'None'
[0.191s] Level 5:colcon.colcon_core.verb:set package 'test_ch343' build argument 'cmake_target' from command line to 'None'
[0.191s] Level 5:colcon.colcon_core.verb:set package 'test_ch343' build argument 'cmake_target_skip_unavailable' from command line to 'False'
[0.191s] Level 5:colcon.colcon_core.verb:set package 'test_ch343' build argument 'cmake_clean_cache' from command line to 'False'
[0.191s] Level 5:colcon.colcon_core.verb:set package 'test_ch343' build argument 'cmake_clean_first' from command line to 'False'
[0.191s] Level 5:colcon.colcon_core.verb:set package 'test_ch343' build argument 'cmake_force_configure' from command line to 'False'
[0.191s] Level 5:colcon.colcon_core.verb:set package 'test_ch343' build argument 'ament_cmake_args' from command line to 'None'
[0.191s] Level 5:colcon.colcon_core.verb:set package 'test_ch343' build argument 'catkin_cmake_args' from command line to 'None'
[0.191s] Level 5:colcon.colcon_core.verb:set package 'test_ch343' build argument 'catkin_skip_building_tests' from command line to 'False'
[0.191s] DEBUG:colcon.colcon_core.verb:Building package 'test_ch343' with the following arguments: {'ament_cmake_args': None, 'build_base': '/home/zoellickhan/Code/ws_testROS/build/test_ch343', 'catkin_cmake_args': None, 'catkin_skip_building_tests': False, 'cmake_args': None, 'cmake_clean_cache': False, 'cmake_clean_first': False, 'cmake_force_configure': False, 'cmake_target': None, 'cmake_target_skip_unavailable': False, 'install_base': '/home/zoellickhan/Code/ws_testROS/install/test_ch343', 'merge_install': False, 'path': '/home/zoellickhan/Code/ws_testROS/src/test_ch343', 'symlink_install': False, 'test_result_base': None}
[0.191s] Level 5:colcon.colcon_core.verb:set package 'test_serialdriver' build argument 'cmake_args' from command line to 'None'
[0.191s] Level 5:colcon.colcon_core.verb:set package 'test_serialdriver' build argument 'cmake_target' from command line to 'None'
[0.191s] Level 5:colcon.colcon_core.verb:set package 'test_serialdriver' build argument 'cmake_target_skip_unavailable' from command line to 'False'
[0.191s] Level 5:colcon.colcon_core.verb:set package 'test_serialdriver' build argument 'cmake_clean_cache' from command line to 'False'
[0.191s] Level 5:colcon.colcon_core.verb:set package 'test_serialdriver' build argument 'cmake_clean_first' from command line to 'False'
[0.191s] Level 5:colcon.colcon_core.verb:set package 'test_serialdriver' build argument 'cmake_force_configure' from command line to 'False'
[0.191s] Level 5:colcon.colcon_core.verb:set package 'test_serialdriver' build argument 'ament_cmake_args' from command line to 'None'
[0.191s] Level 5:colcon.colcon_core.verb:set package 'test_serialdriver' build argument 'catkin_cmake_args' from command line to 'None'
[0.191s] Level 5:colcon.colcon_core.verb:set package 'test_serialdriver' build argument 'catkin_skip_building_tests' from command line to 'False'
[0.191s] DEBUG:colcon.colcon_core.verb:Building package 'test_serialdriver' with the following arguments: {'ament_cmake_args': None, 'build_base': '/home/zoellickhan/Code/ws_testROS/build/test_serialdriver', 'catkin_cmake_args': None, 'catkin_skip_building_tests': False, 'cmake_args': None, 'cmake_clean_cache': False, 'cmake_clean_first': False, 'cmake_force_configure': False, 'cmake_target': None, 'cmake_target_skip_unavailable': False, 'install_base': '/home/zoellickhan/Code/ws_testROS/install/test_serialdriver', 'merge_install': False, 'path': '/home/zoellickhan/Code/ws_testROS/src/test_serialdriver', 'symlink_install': False, 'test_result_base': None}
[0.191s] INFO:colcon.colcon_core.executor:Executing jobs using 'parallel' executor
[0.192s] DEBUG:colcon.colcon_parallel_executor.executor.parallel:run_until_complete
[0.192s] INFO:colcon.colcon_ros.task.ament_cmake.build:Building ROS package in '/home/zoellickhan/Code/ws_testROS/src/test_ch343' with build type 'ament_cmake'
[0.192s] INFO:colcon.colcon_cmake.task.cmake.build:Building CMake package in '/home/zoellickhan/Code/ws_testROS/src/test_ch343'
[0.193s] INFO:colcon.colcon_core.plugin_system:Skipping extension 'colcon_core.shell.bat': Not used on non-Windows systems
[0.193s] INFO:colcon.colcon_core.shell:Skip shell extension 'powershell' for command environment: Not usable outside of PowerShell
[0.193s] DEBUG:colcon.colcon_core.shell:Skip shell extension 'dsv' for command environment
[0.195s] INFO:colcon.colcon_ros.task.ament_cmake.build:Building ROS package in '/home/zoellickhan/Code/ws_testROS/src/test_serialdriver' with build type 'ament_cmake'
[0.195s] INFO:colcon.colcon_cmake.task.cmake.build:Building CMake package in '/home/zoellickhan/Code/ws_testROS/src/test_serialdriver'
[0.195s] INFO:colcon.colcon_core.shell:Skip shell extension 'powershell' for command environment: Not usable outside of PowerShell
[0.195s] DEBUG:colcon.colcon_core.shell:Skip shell extension 'dsv' for command environment
[0.199s] DEBUG:colcon.colcon_core.event_handler.log_command:Invoking command in '/home/zoellickhan/Code/ws_testROS/build/test_ch343': CMAKE_PREFIX_PATH=/opt/ros/humble /usr/bin/cmake --build /home/zoellickhan/Code/ws_testROS/build/test_ch343 -- -j20 -l20
[0.201s] DEBUG:colcon.colcon_core.event_handler.log_command:Invoking command in '/home/zoellickhan/Code/ws_testROS/build/test_serialdriver': CMAKE_PREFIX_PATH=/opt/ros/humble /usr/bin/cmake --build /home/zoellickhan/Code/ws_testROS/build/test_serialdriver -- -j20 -l20
[0.240s] DEBUG:colcon.colcon_core.event_handler.log_command:Invoked command in '/home/zoellickhan/Code/ws_testROS/build/test_serialdriver' returned '0': CMAKE_PREFIX_PATH=/opt/ros/humble /usr/bin/cmake --build /home/zoellickhan/Code/ws_testROS/build/test_serialdriver -- -j20 -l20
[0.243s] DEBUG:colcon.colcon_core.event_handler.log_command:Invoked command in '/home/zoellickhan/Code/ws_testROS/build/test_ch343' returned '0': CMAKE_PREFIX_PATH=/opt/ros/humble /usr/bin/cmake --build /home/zoellickhan/Code/ws_testROS/build/test_ch343 -- -j20 -l20
[0.260s] DEBUG:colcon.colcon_core.event_handler.log_command:Invoking command in '/home/zoellickhan/Code/ws_testROS/build/test_serialdriver': CMAKE_PREFIX_PATH=/opt/ros/humble /usr/bin/cmake --install /home/zoellickhan/Code/ws_testROS/build/test_serialdriver
[0.262s] DEBUG:colcon.colcon_core.event_handler.log_command:Invoking command in '/home/zoellickhan/Code/ws_testROS/build/test_ch343': CMAKE_PREFIX_PATH=/opt/ros/humble /usr/bin/cmake --install /home/zoellickhan/Code/ws_testROS/build/test_ch343
[0.266s] Level 1:colcon.colcon_core.environment:create_environment_scripts_only(test_serialdriver)
[0.268s] Level 1:colcon.colcon_core.environment:checking '/home/zoellickhan/Code/ws_testROS/install/test_serialdriver' for CMake module files
[0.269s] DEBUG:colcon.colcon_core.event_handler.log_command:Invoked command in '/home/zoellickhan/Code/ws_testROS/build/test_serialdriver' returned '0': CMAKE_PREFIX_PATH=/opt/ros/humble /usr/bin/cmake --install /home/zoellickhan/Code/ws_testROS/build/test_serialdriver
[0.269s] Level 1:colcon.colcon_core.environment:checking '/home/zoellickhan/Code/ws_testROS/install/test_serialdriver' for CMake config files
[0.269s] Level 1:colcon.colcon_core.shell:create_environment_hook('test_serialdriver', 'cmake_prefix_path')
[0.269s] INFO:colcon.colcon_core.shell:Creating environment hook '/home/zoellickhan/Code/ws_testROS/install/test_serialdriver/share/test_serialdriver/hook/cmake_prefix_path.ps1'
[0.270s] INFO:colcon.colcon_core.shell:Creating environment descriptor '/home/zoellickhan/Code/ws_testROS/install/test_serialdriver/share/test_serialdriver/hook/cmake_prefix_path.dsv'
[0.270s] INFO:colcon.colcon_core.shell:Creating environment hook '/home/zoellickhan/Code/ws_testROS/install/test_serialdriver/share/test_serialdriver/hook/cmake_prefix_path.sh'
[0.270s] Level 1:colcon.colcon_core.environment:checking '/home/zoellickhan/Code/ws_testROS/install/test_serialdriver/lib'
[0.271s] Level 1:colcon.colcon_core.environment:checking '/home/zoellickhan/Code/ws_testROS/install/test_serialdriver/bin'
[0.271s] Level 1:colcon.colcon_core.environment:checking '/home/zoellickhan/Code/ws_testROS/install/test_serialdriver/lib/pkgconfig/test_serialdriver.pc'
[0.271s] Level 1:colcon.colcon_core.environment:checking '/home/zoellickhan/Code/ws_testROS/install/test_serialdriver/lib/python3.10/site-packages'
[0.271s] Level 1:colcon.colcon_core.environment:checking '/home/zoellickhan/Code/ws_testROS/install/test_serialdriver/bin'
[0.271s] INFO:colcon.colcon_core.shell:Creating package script '/home/zoellickhan/Code/ws_testROS/install/test_serialdriver/share/test_serialdriver/package.ps1'
[0.271s] INFO:colcon.colcon_core.shell:Creating package descriptor '/home/zoellickhan/Code/ws_testROS/install/test_serialdriver/share/test_serialdriver/package.dsv'
[0.272s] INFO:colcon.colcon_core.shell:Creating package script '/home/zoellickhan/Code/ws_testROS/install/test_serialdriver/share/test_serialdriver/package.sh'
[0.272s] INFO:colcon.colcon_core.shell:Creating package script '/home/zoellickhan/Code/ws_testROS/install/test_serialdriver/share/test_serialdriver/package.bash'
[0.272s] INFO:colcon.colcon_core.shell:Creating package script '/home/zoellickhan/Code/ws_testROS/install/test_serialdriver/share/test_serialdriver/package.zsh'
[0.273s] Level 1:colcon.colcon_core.environment:create_file_with_runtime_dependencies(/home/zoellickhan/Code/ws_testROS/install/test_serialdriver/share/colcon-core/packages/test_serialdriver)
[0.274s] Level 1:colcon.colcon_core.environment:create_environment_scripts_only(test_ch343)
[0.274s] Level 1:colcon.colcon_core.environment:checking '/home/zoellickhan/Code/ws_testROS/install/test_ch343' for CMake module files
[0.274s] DEBUG:colcon.colcon_core.event_handler.log_command:Invoked command in '/home/zoellickhan/Code/ws_testROS/build/test_ch343' returned '0': CMAKE_PREFIX_PATH=/opt/ros/humble /usr/bin/cmake --install /home/zoellickhan/Code/ws_testROS/build/test_ch343
[0.274s] Level 1:colcon.colcon_core.environment:checking '/home/zoellickhan/Code/ws_testROS/install/test_ch343' for CMake config files
[0.274s] Level 1:colcon.colcon_core.shell:create_environment_hook('test_ch343', 'cmake_prefix_path')
[0.275s] INFO:colcon.colcon_core.shell:Creating environment hook '/home/zoellickhan/Code/ws_testROS/install/test_ch343/share/test_ch343/hook/cmake_prefix_path.ps1'
[0.275s] INFO:colcon.colcon_core.shell:Creating environment descriptor '/home/zoellickhan/Code/ws_testROS/install/test_ch343/share/test_ch343/hook/cmake_prefix_path.dsv'
[0.275s] INFO:colcon.colcon_core.shell:Creating environment hook '/home/zoellickhan/Code/ws_testROS/install/test_ch343/share/test_ch343/hook/cmake_prefix_path.sh'
[0.275s] Level 1:colcon.colcon_core.environment:checking '/home/zoellickhan/Code/ws_testROS/install/test_ch343/lib'
[0.275s] Level 1:colcon.colcon_core.environment:checking '/home/zoellickhan/Code/ws_testROS/install/test_ch343/bin'
[0.275s] Level 1:colcon.colcon_core.environment:checking '/home/zoellickhan/Code/ws_testROS/install/test_ch343/lib/pkgconfig/test_ch343.pc'
[0.275s] Level 1:colcon.colcon_core.environment:checking '/home/zoellickhan/Code/ws_testROS/install/test_ch343/lib/python3.10/site-packages'
[0.275s] Level 1:colcon.colcon_core.environment:checking '/home/zoellickhan/Code/ws_testROS/install/test_ch343/bin'
[0.276s] INFO:colcon.colcon_core.shell:Creating package script '/home/zoellickhan/Code/ws_testROS/install/test_ch343/share/test_ch343/package.ps1'
[0.276s] INFO:colcon.colcon_core.shell:Creating package descriptor '/home/zoellickhan/Code/ws_testROS/install/test_ch343/share/test_ch343/package.dsv'
[0.276s] INFO:colcon.colcon_core.shell:Creating package script '/home/zoellickhan/Code/ws_testROS/install/test_ch343/share/test_ch343/package.sh'
[0.276s] INFO:colcon.colcon_core.shell:Creating package script '/home/zoellickhan/Code/ws_testROS/install/test_ch343/share/test_ch343/package.bash'
[0.276s] INFO:colcon.colcon_core.shell:Creating package script '/home/zoellickhan/Code/ws_testROS/install/test_ch343/share/test_ch343/package.zsh'
[0.276s] Level 1:colcon.colcon_core.environment:create_file_with_runtime_dependencies(/home/zoellickhan/Code/ws_testROS/install/test_ch343/share/colcon-core/packages/test_ch343)
[0.288s] Level 1:colcon.colcon_core.environment:create_environment_scripts_only(test_serialdriver)
[0.288s] Level 1:colcon.colcon_core.environment:checking '/home/zoellickhan/Code/ws_testROS/install/test_serialdriver' for CMake module files
[0.288s] Level 1:colcon.colcon_core.environment:checking '/home/zoellickhan/Code/ws_testROS/install/test_serialdriver' for CMake config files
[0.288s] Level 1:colcon.colcon_core.shell:create_environment_hook('test_serialdriver', 'cmake_prefix_path')
[0.288s] INFO:colcon.colcon_core.shell:Creating environment hook '/home/zoellickhan/Code/ws_testROS/install/test_serialdriver/share/test_serialdriver/hook/cmake_prefix_path.ps1'
[0.289s] INFO:colcon.colcon_core.shell:Creating environment descriptor '/home/zoellickhan/Code/ws_testROS/install/test_serialdriver/share/test_serialdriver/hook/cmake_prefix_path.dsv'
[0.289s] INFO:colcon.colcon_core.shell:Creating environment hook '/home/zoellickhan/Code/ws_testROS/install/test_serialdriver/share/test_serialdriver/hook/cmake_prefix_path.sh'
[0.289s] Level 1:colcon.colcon_core.environment:checking '/home/zoellickhan/Code/ws_testROS/install/test_serialdriver/lib'
[0.289s] Level 1:colcon.colcon_core.environment:checking '/home/zoellickhan/Code/ws_testROS/install/test_serialdriver/bin'
[0.289s] Level 1:colcon.colcon_core.environment:checking '/home/zoellickhan/Code/ws_testROS/install/test_serialdriver/lib/pkgconfig/test_serialdriver.pc'
[0.289s] Level 1:colcon.colcon_core.environment:checking '/home/zoellickhan/Code/ws_testROS/install/test_serialdriver/lib/python3.10/site-packages'
[0.290s] Level 1:colcon.colcon_core.environment:checking '/home/zoellickhan/Code/ws_testROS/install/test_serialdriver/bin'
[0.290s] INFO:colcon.colcon_core.shell:Creating package script '/home/zoellickhan/Code/ws_testROS/install/test_serialdriver/share/test_serialdriver/package.ps1'
[0.290s] INFO:colcon.colcon_core.shell:Creating package descriptor '/home/zoellickhan/Code/ws_testROS/install/test_serialdriver/share/test_serialdriver/package.dsv'
[0.290s] INFO:colcon.colcon_core.shell:Creating package script '/home/zoellickhan/Code/ws_testROS/install/test_serialdriver/share/test_serialdriver/package.sh'
[0.290s] INFO:colcon.colcon_core.shell:Creating package script '/home/zoellickhan/Code/ws_testROS/install/test_serialdriver/share/test_serialdriver/package.bash'
[0.291s] INFO:colcon.colcon_core.shell:Creating package script '/home/zoellickhan/Code/ws_testROS/install/test_serialdriver/share/test_serialdriver/package.zsh'
[0.291s] Level 1:colcon.colcon_core.environment:create_file_with_runtime_dependencies(/home/zoellickhan/Code/ws_testROS/install/test_serialdriver/share/colcon-core/packages/test_serialdriver)
[0.292s] Level 1:colcon.colcon_core.environment:create_environment_scripts_only(test_ch343)
[0.293s] Level 1:colcon.colcon_core.environment:checking '/home/zoellickhan/Code/ws_testROS/install/test_ch343' for CMake module files
[0.293s] Level 1:colcon.colcon_core.environment:checking '/home/zoellickhan/Code/ws_testROS/install/test_ch343' for CMake config files
[0.293s] Level 1:colcon.colcon_core.shell:create_environment_hook('test_ch343', 'cmake_prefix_path')
[0.293s] INFO:colcon.colcon_core.shell:Creating environment hook '/home/zoellickhan/Code/ws_testROS/install/test_ch343/share/test_ch343/hook/cmake_prefix_path.ps1'
[0.293s] INFO:colcon.colcon_core.shell:Creating environment descriptor '/home/zoellickhan/Code/ws_testROS/install/test_ch343/share/test_ch343/hook/cmake_prefix_path.dsv'
[0.293s] INFO:colcon.colcon_core.shell:Creating environment hook '/home/zoellickhan/Code/ws_testROS/install/test_ch343/share/test_ch343/hook/cmake_prefix_path.sh'
[0.294s] Level 1:colcon.colcon_core.environment:checking '/home/zoellickhan/Code/ws_testROS/install/test_ch343/lib'
[0.294s] Level 1:colcon.colcon_core.environment:checking '/home/zoellickhan/Code/ws_testROS/install/test_ch343/bin'
[0.294s] Level 1:colcon.colcon_core.environment:checking '/home/zoellickhan/Code/ws_testROS/install/test_ch343/lib/pkgconfig/test_ch343.pc'
[0.294s] Level 1:colcon.colcon_core.environment:checking '/home/zoellickhan/Code/ws_testROS/install/test_ch343/lib/python3.10/site-packages'
[0.294s] Level 1:colcon.colcon_core.environment:checking '/home/zoellickhan/Code/ws_testROS/install/test_ch343/bin'
[0.294s] INFO:colcon.colcon_core.shell:Creating package script '/home/zoellickhan/Code/ws_testROS/install/test_ch343/share/test_ch343/package.ps1'
[0.294s] INFO:colcon.colcon_core.shell:Creating package descriptor '/home/zoellickhan/Code/ws_testROS/install/test_ch343/share/test_ch343/package.dsv'
[0.295s] INFO:colcon.colcon_core.shell:Creating package script '/home/zoellickhan/Code/ws_testROS/install/test_ch343/share/test_ch343/package.sh'
[0.295s] INFO:colcon.colcon_core.shell:Creating package script '/home/zoellickhan/Code/ws_testROS/install/test_ch343/share/test_ch343/package.bash'
[0.295s] INFO:colcon.colcon_core.shell:Creating package script '/home/zoellickhan/Code/ws_testROS/install/test_ch343/share/test_ch343/package.zsh'
[0.295s] Level 1:colcon.colcon_core.environment:create_file_with_runtime_dependencies(/home/zoellickhan/Code/ws_testROS/install/test_ch343/share/colcon-core/packages/test_ch343)
[0.295s] DEBUG:colcon.colcon_parallel_executor.executor.parallel:closing loop
[0.296s] DEBUG:colcon.colcon_parallel_executor.executor.parallel:loop closed
[0.296s] DEBUG:colcon.colcon_parallel_executor.executor.parallel:run_until_complete finished with '0'
[0.296s] DEBUG:colcon.colcon_core.event_reactor:joining thread
[0.301s] INFO:colcon.colcon_core.plugin_system:Skipping extension 'colcon_notification.desktop_notification.terminal_notifier': Not used on non-Darwin systems
[0.301s] INFO:colcon.colcon_core.plugin_system:Skipping extension 'colcon_notification.desktop_notification.win32': Not used on non-Windows systems
[0.301s] INFO:colcon.colcon_notification.desktop_notification:Sending desktop notification using 'notify2'
[0.308s] DEBUG:colcon.colcon_core.event_reactor:joined thread
[0.308s] INFO:colcon.colcon_core.shell:Creating prefix script '/home/zoellickhan/Code/ws_testROS/install/local_setup.ps1'
[0.309s] INFO:colcon.colcon_core.shell:Creating prefix util module '/home/zoellickhan/Code/ws_testROS/install/_local_setup_util_ps1.py'
[0.310s] INFO:colcon.colcon_core.shell:Creating prefix chain script '/home/zoellickhan/Code/ws_testROS/install/setup.ps1'
[0.310s] INFO:colcon.colcon_core.shell:Creating prefix script '/home/zoellickhan/Code/ws_testROS/install/local_setup.sh'
[0.311s] INFO:colcon.colcon_core.shell:Creating prefix util module '/home/zoellickhan/Code/ws_testROS/install/_local_setup_util_sh.py'
[0.311s] INFO:colcon.colcon_core.shell:Creating prefix chain script '/home/zoellickhan/Code/ws_testROS/install/setup.sh'
[0.311s] INFO:colcon.colcon_core.shell:Creating prefix script '/home/zoellickhan/Code/ws_testROS/install/local_setup.bash'
[0.312s] INFO:colcon.colcon_core.shell:Creating prefix chain script '/home/zoellickhan/Code/ws_testROS/install/setup.bash'
[0.312s] INFO:colcon.colcon_core.shell:Creating prefix script '/home/zoellickhan/Code/ws_testROS/install/local_setup.zsh'
[0.312s] INFO:colcon.colcon_core.shell:Creating prefix chain script '/home/zoellickhan/Code/ws_testROS/install/setup.zsh'
