[0.115s] DEBUG:colcon:Command line arguments: ['/usr/bin/colcon', 'build']
[0.115s] DEBUG:colcon:Parsed command line arguments: Namespace(log_base=None, log_level=None, verb_name='build', build_base='build', install_base='install', merge_install=False, symlink_install=False, test_result_base=None, continue_on_error=False, executor='parallel', parallel_workers=20, event_handlers=None, ignore_user_meta=False, metas=['./colcon.meta'], base_paths=['.'], packages_ignore=None, packages_ignore_regex=None, paths=None, packages_up_to=None, packages_up_to_regex=None, packages_above=None, packages_above_and_dependencies=None, packages_above_depth=None, packages_select_by_dep=None, packages_skip_by_dep=None, packages_skip_up_to=None, packages_select_build_failed=False, packages_skip_build_finished=False, packages_select_test_failures=False, packages_skip_test_passed=False, packages_select=None, packages_skip=None, packages_select_regex=None, packages_skip_regex=None, packages_start=None, packages_end=None, allow_overriding=[], cmake_args=None, cmake_target=None, cmake_target_skip_unavailable=False, cmake_clean_cache=False, cmake_clean_first=False, cmake_force_configure=False, ament_cmake_args=None, catkin_cmake_args=None, catkin_skip_building_tests=False, mixin_files=None, mixin=None, verb_parser=<colcon_mixin.mixin.mixin_argument.MixinArgumentDecorator object at 0x7a2a550b2830>, verb_extension=<colcon_core.verb.build.BuildVerb object at 0x7a2a550b2260>, main=<bound method BuildVerb.main of <colcon_core.verb.build.BuildVerb object at 0x7a2a550b2260>>, mixin_verb=('build',))
[0.287s] Level 1:colcon.colcon_core.package_discovery:discover_packages(colcon_meta) check parameters
[0.287s] Level 1:colcon.colcon_core.package_discovery:discover_packages(recursive) check parameters
[0.287s] Level 1:colcon.colcon_core.package_discovery:discover_packages(ignore) check parameters
[0.287s] Level 1:colcon.colcon_core.package_discovery:discover_packages(path) check parameters
[0.287s] Level 1:colcon.colcon_core.package_discovery:discover_packages(colcon_meta) discover
[0.288s] Level 1:colcon.colcon_core.package_discovery:discover_packages(recursive) discover
[0.288s] INFO:colcon.colcon_core.package_discovery:Crawling recursively for packages in '/home/zoellickhan/Code/2024CV/ws_testROS'
[0.288s] Level 1:colcon.colcon_core.package_identification:_identify(.) by extensions ['ignore', 'ignore_ament_install']
[0.288s] Level 1:colcon.colcon_core.package_identification:_identify(.) by extension 'ignore'
[0.288s] Level 1:colcon.colcon_core.package_identification:_identify(.) by extension 'ignore_ament_install'
[0.288s] Level 1:colcon.colcon_core.package_identification:_identify(.) by extensions ['colcon_pkg']
[0.288s] Level 1:colcon.colcon_core.package_identification:_identify(.) by extension 'colcon_pkg'
[0.288s] Level 1:colcon.colcon_core.package_identification:_identify(.) by extensions ['colcon_meta']
[0.288s] Level 1:colcon.colcon_core.package_identification:_identify(.) by extension 'colcon_meta'
[0.288s] Level 1:colcon.colcon_core.package_identification:_identify(.) by extensions ['ros']
[0.288s] Level 1:colcon.colcon_core.package_identification:_identify(.) by extension 'ros'
[0.300s] Level 1:colcon.colcon_core.package_identification:_identify(.) by extensions ['cmake', 'python']
[0.300s] Level 1:colcon.colcon_core.package_identification:_identify(.) by extension 'cmake'
[0.300s] Level 1:colcon.colcon_core.package_identification:_identify(.) by extension 'python'
[0.300s] Level 1:colcon.colcon_core.package_identification:_identify(.) by extensions ['python_setup_py']
[0.300s] Level 1:colcon.colcon_core.package_identification:_identify(.) by extension 'python_setup_py'
[0.300s] Level 1:colcon.colcon_core.package_identification:_identify(build) by extensions ['ignore', 'ignore_ament_install']
[0.301s] Level 1:colcon.colcon_core.package_identification:_identify(build) by extension 'ignore'
[0.301s] Level 1:colcon.colcon_core.package_identification:_identify(build) ignored
[0.301s] Level 1:colcon.colcon_core.package_identification:_identify(install) by extensions ['ignore', 'ignore_ament_install']
[0.301s] Level 1:colcon.colcon_core.package_identification:_identify(install) by extension 'ignore'
[0.301s] Level 1:colcon.colcon_core.package_identification:_identify(install) ignored
[0.301s] Level 1:colcon.colcon_core.package_identification:_identify(log) by extensions ['ignore', 'ignore_ament_install']
[0.301s] Level 1:colcon.colcon_core.package_identification:_identify(log) by extension 'ignore'
[0.301s] Level 1:colcon.colcon_core.package_identification:_identify(log) ignored
[0.301s] Level 1:colcon.colcon_core.package_identification:_identify(src) by extensions ['ignore', 'ignore_ament_install']
[0.301s] Level 1:colcon.colcon_core.package_identification:_identify(src) by extension 'ignore'
[0.301s] Level 1:colcon.colcon_core.package_identification:_identify(src) by extension 'ignore_ament_install'
[0.301s] Level 1:colcon.colcon_core.package_identification:_identify(src) by extensions ['colcon_pkg']
[0.301s] Level 1:colcon.colcon_core.package_identification:_identify(src) by extension 'colcon_pkg'
[0.302s] Level 1:colcon.colcon_core.package_identification:_identify(src) by extensions ['colcon_meta']
[0.302s] Level 1:colcon.colcon_core.package_identification:_identify(src) by extension 'colcon_meta'
[0.302s] Level 1:colcon.colcon_core.package_identification:_identify(src) by extensions ['ros']
[0.302s] Level 1:colcon.colcon_core.package_identification:_identify(src) by extension 'ros'
[0.302s] Level 1:colcon.colcon_core.package_identification:_identify(src) by extensions ['cmake', 'python']
[0.302s] Level 1:colcon.colcon_core.package_identification:_identify(src) by extension 'cmake'
[0.302s] Level 1:colcon.colcon_core.package_identification:_identify(src) by extension 'python'
[0.302s] Level 1:colcon.colcon_core.package_identification:_identify(src) by extensions ['python_setup_py']
[0.302s] Level 1:colcon.colcon_core.package_identification:_identify(src) by extension 'python_setup_py'
[0.302s] Level 1:colcon.colcon_core.package_identification:_identify(src/build) by extensions ['ignore', 'ignore_ament_install']
[0.302s] Level 1:colcon.colcon_core.package_identification:_identify(src/build) by extension 'ignore'
[0.302s] Level 1:colcon.colcon_core.package_identification:_identify(src/build) ignored
[0.302s] Level 1:colcon.colcon_core.package_identification:_identify(src/install) by extensions ['ignore', 'ignore_ament_install']
[0.302s] Level 1:colcon.colcon_core.package_identification:_identify(src/install) by extension 'ignore'
[0.302s] Level 1:colcon.colcon_core.package_identification:_identify(src/install) ignored
[0.302s] Level 1:colcon.colcon_core.package_identification:_identify(src/log) by extensions ['ignore', 'ignore_ament_install']
[0.302s] Level 1:colcon.colcon_core.package_identification:_identify(src/log) by extension 'ignore'
[0.302s] Level 1:colcon.colcon_core.package_identification:_identify(src/log) ignored
[0.303s] Level 1:colcon.colcon_core.package_identification:_identify(src/test_ch343) by extensions ['ignore', 'ignore_ament_install']
[0.303s] Level 1:colcon.colcon_core.package_identification:_identify(src/test_ch343) by extension 'ignore'
[0.303s] Level 1:colcon.colcon_core.package_identification:_identify(src/test_ch343) by extension 'ignore_ament_install'
[0.303s] Level 1:colcon.colcon_core.package_identification:_identify(src/test_ch343) by extensions ['colcon_pkg']
[0.303s] Level 1:colcon.colcon_core.package_identification:_identify(src/test_ch343) by extension 'colcon_pkg'
[0.303s] Level 1:colcon.colcon_core.package_identification:_identify(src/test_ch343) by extensions ['colcon_meta']
[0.303s] Level 1:colcon.colcon_core.package_identification:_identify(src/test_ch343) by extension 'colcon_meta'
[0.303s] Level 1:colcon.colcon_core.package_identification:_identify(src/test_ch343) by extensions ['ros']
[0.303s] Level 1:colcon.colcon_core.package_identification:_identify(src/test_ch343) by extension 'ros'
[0.305s] DEBUG:colcon.colcon_core.package_identification:Package 'src/test_ch343' with type 'ros.ament_cmake' and name 'test_ch343'
[0.306s] Level 1:colcon.colcon_core.package_identification:_identify(src/test_serialdriver) by extensions ['ignore', 'ignore_ament_install']
[0.306s] Level 1:colcon.colcon_core.package_identification:_identify(src/test_serialdriver) by extension 'ignore'
[0.306s] Level 1:colcon.colcon_core.package_identification:_identify(src/test_serialdriver) by extension 'ignore_ament_install'
[0.306s] Level 1:colcon.colcon_core.package_identification:_identify(src/test_serialdriver) by extensions ['colcon_pkg']
[0.306s] Level 1:colcon.colcon_core.package_identification:_identify(src/test_serialdriver) by extension 'colcon_pkg'
[0.306s] Level 1:colcon.colcon_core.package_identification:_identify(src/test_serialdriver) by extensions ['colcon_meta']
[0.306s] Level 1:colcon.colcon_core.package_identification:_identify(src/test_serialdriver) by extension 'colcon_meta'
[0.306s] Level 1:colcon.colcon_core.package_identification:_identify(src/test_serialdriver) by extensions ['ros']
[0.306s] Level 1:colcon.colcon_core.package_identification:_identify(src/test_serialdriver) by extension 'ros'
[0.306s] DEBUG:colcon.colcon_core.package_identification:Package 'src/test_serialdriver' with type 'ros.ament_cmake' and name 'test_serialdriver'
[0.307s] Level 1:colcon.colcon_core.package_discovery:discover_packages(recursive) using defaults
[0.307s] Level 1:colcon.colcon_core.package_discovery:discover_packages(ignore) discover
[0.307s] Level 1:colcon.colcon_core.package_discovery:discover_packages(ignore) using defaults
[0.307s] Level 1:colcon.colcon_core.package_discovery:discover_packages(path) discover
[0.307s] Level 1:colcon.colcon_core.package_discovery:discover_packages(path) using defaults
[0.338s] Level 1:colcon.colcon_core.package_discovery:discover_packages(prefix_path) check parameters
[0.338s] Level 1:colcon.colcon_core.package_discovery:discover_packages(prefix_path) discover
[0.340s] DEBUG:colcon.colcon_installed_package_information.package_discovery:Found 297 installed packages in /opt/ros/humble
[0.342s] Level 1:colcon.colcon_core.package_discovery:discover_packages(prefix_path) using defaults
[0.391s] Level 5:colcon.colcon_core.verb:set package 'test_ch343' build argument 'cmake_args' from command line to 'None'
[0.391s] Level 5:colcon.colcon_core.verb:set package 'test_ch343' build argument 'cmake_target' from command line to 'None'
[0.391s] Level 5:colcon.colcon_core.verb:set package 'test_ch343' build argument 'cmake_target_skip_unavailable' from command line to 'False'
[0.391s] Level 5:colcon.colcon_core.verb:set package 'test_ch343' build argument 'cmake_clean_cache' from command line to 'False'
[0.391s] Level 5:colcon.colcon_core.verb:set package 'test_ch343' build argument 'cmake_clean_first' from command line to 'False'
[0.391s] Level 5:colcon.colcon_core.verb:set package 'test_ch343' build argument 'cmake_force_configure' from command line to 'False'
[0.391s] Level 5:colcon.colcon_core.verb:set package 'test_ch343' build argument 'ament_cmake_args' from command line to 'None'
[0.391s] Level 5:colcon.colcon_core.verb:set package 'test_ch343' build argument 'catkin_cmake_args' from command line to 'None'
[0.391s] Level 5:colcon.colcon_core.verb:set package 'test_ch343' build argument 'catkin_skip_building_tests' from command line to 'False'
[0.391s] DEBUG:colcon.colcon_core.verb:Building package 'test_ch343' with the following arguments: {'ament_cmake_args': None, 'build_base': '/home/zoellickhan/Code/2024CV/ws_testROS/build/test_ch343', 'catkin_cmake_args': None, 'catkin_skip_building_tests': False, 'cmake_args': None, 'cmake_clean_cache': False, 'cmake_clean_first': False, 'cmake_force_configure': False, 'cmake_target': None, 'cmake_target_skip_unavailable': False, 'install_base': '/home/zoellickhan/Code/2024CV/ws_testROS/install/test_ch343', 'merge_install': False, 'path': '/home/zoellickhan/Code/2024CV/ws_testROS/src/test_ch343', 'symlink_install': False, 'test_result_base': None}
[0.392s] Level 5:colcon.colcon_core.verb:set package 'test_serialdriver' build argument 'cmake_args' from command line to 'None'
[0.392s] Level 5:colcon.colcon_core.verb:set package 'test_serialdriver' build argument 'cmake_target' from command line to 'None'
[0.392s] Level 5:colcon.colcon_core.verb:set package 'test_serialdriver' build argument 'cmake_target_skip_unavailable' from command line to 'False'
[0.392s] Level 5:colcon.colcon_core.verb:set package 'test_serialdriver' build argument 'cmake_clean_cache' from command line to 'False'
[0.392s] Level 5:colcon.colcon_core.verb:set package 'test_serialdriver' build argument 'cmake_clean_first' from command line to 'False'
[0.392s] Level 5:colcon.colcon_core.verb:set package 'test_serialdriver' build argument 'cmake_force_configure' from command line to 'False'
[0.392s] Level 5:colcon.colcon_core.verb:set package 'test_serialdriver' build argument 'ament_cmake_args' from command line to 'None'
[0.392s] Level 5:colcon.colcon_core.verb:set package 'test_serialdriver' build argument 'catkin_cmake_args' from command line to 'None'
[0.392s] Level 5:colcon.colcon_core.verb:set package 'test_serialdriver' build argument 'catkin_skip_building_tests' from command line to 'False'
[0.392s] DEBUG:colcon.colcon_core.verb:Building package 'test_serialdriver' with the following arguments: {'ament_cmake_args': None, 'build_base': '/home/zoellickhan/Code/2024CV/ws_testROS/build/test_serialdriver', 'catkin_cmake_args': None, 'catkin_skip_building_tests': False, 'cmake_args': None, 'cmake_clean_cache': False, 'cmake_clean_first': False, 'cmake_force_configure': False, 'cmake_target': None, 'cmake_target_skip_unavailable': False, 'install_base': '/home/zoellickhan/Code/2024CV/ws_testROS/install/test_serialdriver', 'merge_install': False, 'path': '/home/zoellickhan/Code/2024CV/ws_testROS/src/test_serialdriver', 'symlink_install': False, 'test_result_base': None}
[0.392s] INFO:colcon.colcon_core.executor:Executing jobs using 'parallel' executor
[0.394s] DEBUG:colcon.colcon_parallel_executor.executor.parallel:run_until_complete
[0.395s] INFO:colcon.colcon_ros.task.ament_cmake.build:Building ROS package in '/home/zoellickhan/Code/2024CV/ws_testROS/src/test_ch343' with build type 'ament_cmake'
[0.395s] INFO:colcon.colcon_cmake.task.cmake.build:Building CMake package in '/home/zoellickhan/Code/2024CV/ws_testROS/src/test_ch343'
[0.399s] INFO:colcon.colcon_core.plugin_system:Skipping extension 'colcon_core.shell.bat': Not used on non-Windows systems
[0.399s] INFO:colcon.colcon_core.shell:Skip shell extension 'powershell' for command environment: Not usable outside of PowerShell
[0.399s] DEBUG:colcon.colcon_core.shell:Skip shell extension 'dsv' for command environment
[0.404s] INFO:colcon.colcon_ros.task.ament_cmake.build:Building ROS package in '/home/zoellickhan/Code/2024CV/ws_testROS/src/test_serialdriver' with build type 'ament_cmake'
[0.405s] INFO:colcon.colcon_cmake.task.cmake.build:Building CMake package in '/home/zoellickhan/Code/2024CV/ws_testROS/src/test_serialdriver'
[0.405s] INFO:colcon.colcon_core.shell:Skip shell extension 'powershell' for command environment: Not usable outside of PowerShell
[0.405s] DEBUG:colcon.colcon_core.shell:Skip shell extension 'dsv' for command environment
[0.421s] DEBUG:colcon.colcon_core.event_handler.log_command:Invoking command in '/home/zoellickhan/Code/2024CV/ws_testROS/build/test_ch343': CMAKE_PREFIX_PATH=/opt/ros/humble /usr/bin/cmake --build /home/zoellickhan/Code/2024CV/ws_testROS/build/test_ch343 -- -j20 -l20
[0.426s] DEBUG:colcon.colcon_core.event_handler.log_command:Invoking command in '/home/zoellickhan/Code/2024CV/ws_testROS/build/test_serialdriver': CMAKE_PREFIX_PATH=/opt/ros/humble /usr/bin/cmake --build /home/zoellickhan/Code/2024CV/ws_testROS/build/test_serialdriver -- -j20 -l20
[0.531s] DEBUG:colcon.colcon_core.event_handler.log_command:Invoked command in '/home/zoellickhan/Code/2024CV/ws_testROS/build/test_serialdriver' returned '0': CMAKE_PREFIX_PATH=/opt/ros/humble /usr/bin/cmake --build /home/zoellickhan/Code/2024CV/ws_testROS/build/test_serialdriver -- -j20 -l20
[0.584s] DEBUG:colcon.colcon_core.event_handler.log_command:Invoking command in '/home/zoellickhan/Code/2024CV/ws_testROS/build/test_serialdriver': CMAKE_PREFIX_PATH=/opt/ros/humble /usr/bin/cmake --install /home/zoellickhan/Code/2024CV/ws_testROS/build/test_serialdriver
[0.595s] Level 1:colcon.colcon_core.environment:create_environment_scripts_only(test_serialdriver)
[0.596s] DEBUG:colcon.colcon_core.event_handler.log_command:Invoked command in '/home/zoellickhan/Code/2024CV/ws_testROS/build/test_serialdriver' returned '0': CMAKE_PREFIX_PATH=/opt/ros/humble /usr/bin/cmake --install /home/zoellickhan/Code/2024CV/ws_testROS/build/test_serialdriver
[0.600s] Level 1:colcon.colcon_core.environment:checking '/home/zoellickhan/Code/2024CV/ws_testROS/install/test_serialdriver' for CMake module files
[0.601s] Level 1:colcon.colcon_core.environment:checking '/home/zoellickhan/Code/2024CV/ws_testROS/install/test_serialdriver' for CMake config files
[0.602s] Level 1:colcon.colcon_core.shell:create_environment_hook('test_serialdriver', 'cmake_prefix_path')
[0.602s] INFO:colcon.colcon_core.shell:Creating environment hook '/home/zoellickhan/Code/2024CV/ws_testROS/install/test_serialdriver/share/test_serialdriver/hook/cmake_prefix_path.ps1'
[0.603s] INFO:colcon.colcon_core.shell:Creating environment descriptor '/home/zoellickhan/Code/2024CV/ws_testROS/install/test_serialdriver/share/test_serialdriver/hook/cmake_prefix_path.dsv'
[0.604s] INFO:colcon.colcon_core.shell:Creating environment hook '/home/zoellickhan/Code/2024CV/ws_testROS/install/test_serialdriver/share/test_serialdriver/hook/cmake_prefix_path.sh'
[0.605s] Level 1:colcon.colcon_core.environment:checking '/home/zoellickhan/Code/2024CV/ws_testROS/install/test_serialdriver/lib'
[0.606s] Level 1:colcon.colcon_core.environment:checking '/home/zoellickhan/Code/2024CV/ws_testROS/install/test_serialdriver/bin'
[0.606s] Level 1:colcon.colcon_core.environment:checking '/home/zoellickhan/Code/2024CV/ws_testROS/install/test_serialdriver/lib/pkgconfig/test_serialdriver.pc'
[0.606s] Level 1:colcon.colcon_core.environment:checking '/home/zoellickhan/Code/2024CV/ws_testROS/install/test_serialdriver/lib/python3.10/site-packages'
[0.607s] Level 1:colcon.colcon_core.environment:checking '/home/zoellickhan/Code/2024CV/ws_testROS/install/test_serialdriver/bin'
[0.608s] INFO:colcon.colcon_core.shell:Creating package script '/home/zoellickhan/Code/2024CV/ws_testROS/install/test_serialdriver/share/test_serialdriver/package.ps1'
[0.609s] INFO:colcon.colcon_core.shell:Creating package descriptor '/home/zoellickhan/Code/2024CV/ws_testROS/install/test_serialdriver/share/test_serialdriver/package.dsv'
[0.610s] INFO:colcon.colcon_core.shell:Creating package script '/home/zoellickhan/Code/2024CV/ws_testROS/install/test_serialdriver/share/test_serialdriver/package.sh'
[0.611s] INFO:colcon.colcon_core.shell:Creating package script '/home/zoellickhan/Code/2024CV/ws_testROS/install/test_serialdriver/share/test_serialdriver/package.bash'
[0.613s] INFO:colcon.colcon_core.shell:Creating package script '/home/zoellickhan/Code/2024CV/ws_testROS/install/test_serialdriver/share/test_serialdriver/package.zsh'
[0.614s] Level 1:colcon.colcon_core.environment:create_file_with_runtime_dependencies(/home/zoellickhan/Code/2024CV/ws_testROS/install/test_serialdriver/share/colcon-core/packages/test_serialdriver)
[0.661s] Level 1:colcon.colcon_core.environment:create_environment_scripts_only(test_serialdriver)
[0.661s] Level 1:colcon.colcon_core.environment:checking '/home/zoellickhan/Code/2024CV/ws_testROS/install/test_serialdriver' for CMake module files
[0.663s] Level 1:colcon.colcon_core.environment:checking '/home/zoellickhan/Code/2024CV/ws_testROS/install/test_serialdriver' for CMake config files
[0.664s] Level 1:colcon.colcon_core.shell:create_environment_hook('test_serialdriver', 'cmake_prefix_path')
[0.664s] INFO:colcon.colcon_core.shell:Creating environment hook '/home/zoellickhan/Code/2024CV/ws_testROS/install/test_serialdriver/share/test_serialdriver/hook/cmake_prefix_path.ps1'
[0.665s] INFO:colcon.colcon_core.shell:Creating environment descriptor '/home/zoellickhan/Code/2024CV/ws_testROS/install/test_serialdriver/share/test_serialdriver/hook/cmake_prefix_path.dsv'
[0.666s] INFO:colcon.colcon_core.shell:Creating environment hook '/home/zoellickhan/Code/2024CV/ws_testROS/install/test_serialdriver/share/test_serialdriver/hook/cmake_prefix_path.sh'
[0.667s] Level 1:colcon.colcon_core.environment:checking '/home/zoellickhan/Code/2024CV/ws_testROS/install/test_serialdriver/lib'
[0.667s] Level 1:colcon.colcon_core.environment:checking '/home/zoellickhan/Code/2024CV/ws_testROS/install/test_serialdriver/bin'
[0.667s] Level 1:colcon.colcon_core.environment:checking '/home/zoellickhan/Code/2024CV/ws_testROS/install/test_serialdriver/lib/pkgconfig/test_serialdriver.pc'
[0.667s] Level 1:colcon.colcon_core.environment:checking '/home/zoellickhan/Code/2024CV/ws_testROS/install/test_serialdriver/lib/python3.10/site-packages'
[0.668s] Level 1:colcon.colcon_core.environment:checking '/home/zoellickhan/Code/2024CV/ws_testROS/install/test_serialdriver/bin'
[0.668s] INFO:colcon.colcon_core.shell:Creating package script '/home/zoellickhan/Code/2024CV/ws_testROS/install/test_serialdriver/share/test_serialdriver/package.ps1'
[0.670s] INFO:colcon.colcon_core.shell:Creating package descriptor '/home/zoellickhan/Code/2024CV/ws_testROS/install/test_serialdriver/share/test_serialdriver/package.dsv'
[0.671s] INFO:colcon.colcon_core.shell:Creating package script '/home/zoellickhan/Code/2024CV/ws_testROS/install/test_serialdriver/share/test_serialdriver/package.sh'
[0.672s] INFO:colcon.colcon_core.shell:Creating package script '/home/zoellickhan/Code/2024CV/ws_testROS/install/test_serialdriver/share/test_serialdriver/package.bash'
[0.673s] INFO:colcon.colcon_core.shell:Creating package script '/home/zoellickhan/Code/2024CV/ws_testROS/install/test_serialdriver/share/test_serialdriver/package.zsh'
[0.674s] Level 1:colcon.colcon_core.environment:create_file_with_runtime_dependencies(/home/zoellickhan/Code/2024CV/ws_testROS/install/test_serialdriver/share/colcon-core/packages/test_serialdriver)
[1.560s] DEBUG:colcon.colcon_core.event_handler.log_command:Invoked command in '/home/zoellickhan/Code/2024CV/ws_testROS/build/test_ch343' returned '0': CMAKE_PREFIX_PATH=/opt/ros/humble /usr/bin/cmake --build /home/zoellickhan/Code/2024CV/ws_testROS/build/test_ch343 -- -j20 -l20
[1.600s] DEBUG:colcon.colcon_core.event_handler.log_command:Invoking command in '/home/zoellickhan/Code/2024CV/ws_testROS/build/test_ch343': CMAKE_PREFIX_PATH=/opt/ros/humble /usr/bin/cmake --install /home/zoellickhan/Code/2024CV/ws_testROS/build/test_ch343
[1.613s] Level 1:colcon.colcon_core.environment:create_environment_scripts_only(test_ch343)
[1.613s] Level 1:colcon.colcon_core.environment:checking '/home/zoellickhan/Code/2024CV/ws_testROS/install/test_ch343' for CMake module files
[1.614s] DEBUG:colcon.colcon_core.event_handler.log_command:Invoked command in '/home/zoellickhan/Code/2024CV/ws_testROS/build/test_ch343' returned '0': CMAKE_PREFIX_PATH=/opt/ros/humble /usr/bin/cmake --install /home/zoellickhan/Code/2024CV/ws_testROS/build/test_ch343
[1.616s] Level 1:colcon.colcon_core.environment:checking '/home/zoellickhan/Code/2024CV/ws_testROS/install/test_ch343' for CMake config files
[1.617s] Level 1:colcon.colcon_core.shell:create_environment_hook('test_ch343', 'cmake_prefix_path')
[1.617s] INFO:colcon.colcon_core.shell:Creating environment hook '/home/zoellickhan/Code/2024CV/ws_testROS/install/test_ch343/share/test_ch343/hook/cmake_prefix_path.ps1'
[1.618s] INFO:colcon.colcon_core.shell:Creating environment descriptor '/home/zoellickhan/Code/2024CV/ws_testROS/install/test_ch343/share/test_ch343/hook/cmake_prefix_path.dsv'
[1.619s] INFO:colcon.colcon_core.shell:Creating environment hook '/home/zoellickhan/Code/2024CV/ws_testROS/install/test_ch343/share/test_ch343/hook/cmake_prefix_path.sh'
[1.620s] Level 1:colcon.colcon_core.environment:checking '/home/zoellickhan/Code/2024CV/ws_testROS/install/test_ch343/lib'
[1.620s] Level 1:colcon.colcon_core.environment:checking '/home/zoellickhan/Code/2024CV/ws_testROS/install/test_ch343/bin'
[1.621s] Level 1:colcon.colcon_core.environment:checking '/home/zoellickhan/Code/2024CV/ws_testROS/install/test_ch343/lib/pkgconfig/test_ch343.pc'
[1.621s] Level 1:colcon.colcon_core.environment:checking '/home/zoellickhan/Code/2024CV/ws_testROS/install/test_ch343/lib/python3.10/site-packages'
[1.622s] Level 1:colcon.colcon_core.environment:checking '/home/zoellickhan/Code/2024CV/ws_testROS/install/test_ch343/bin'
[1.622s] INFO:colcon.colcon_core.shell:Creating package script '/home/zoellickhan/Code/2024CV/ws_testROS/install/test_ch343/share/test_ch343/package.ps1'
[1.623s] INFO:colcon.colcon_core.shell:Creating package descriptor '/home/zoellickhan/Code/2024CV/ws_testROS/install/test_ch343/share/test_ch343/package.dsv'
[1.625s] INFO:colcon.colcon_core.shell:Creating package script '/home/zoellickhan/Code/2024CV/ws_testROS/install/test_ch343/share/test_ch343/package.sh'
[1.626s] INFO:colcon.colcon_core.shell:Creating package script '/home/zoellickhan/Code/2024CV/ws_testROS/install/test_ch343/share/test_ch343/package.bash'
[1.626s] INFO:colcon.colcon_core.shell:Creating package script '/home/zoellickhan/Code/2024CV/ws_testROS/install/test_ch343/share/test_ch343/package.zsh'
[1.627s] Level 1:colcon.colcon_core.environment:create_file_with_runtime_dependencies(/home/zoellickhan/Code/2024CV/ws_testROS/install/test_ch343/share/colcon-core/packages/test_ch343)
[1.669s] Level 1:colcon.colcon_core.environment:create_environment_scripts_only(test_ch343)
[1.670s] Level 1:colcon.colcon_core.environment:checking '/home/zoellickhan/Code/2024CV/ws_testROS/install/test_ch343' for CMake module files
[1.671s] Level 1:colcon.colcon_core.environment:checking '/home/zoellickhan/Code/2024CV/ws_testROS/install/test_ch343' for CMake config files
[1.672s] Level 1:colcon.colcon_core.shell:create_environment_hook('test_ch343', 'cmake_prefix_path')
[1.672s] INFO:colcon.colcon_core.shell:Creating environment hook '/home/zoellickhan/Code/2024CV/ws_testROS/install/test_ch343/share/test_ch343/hook/cmake_prefix_path.ps1'
[1.673s] INFO:colcon.colcon_core.shell:Creating environment descriptor '/home/zoellickhan/Code/2024CV/ws_testROS/install/test_ch343/share/test_ch343/hook/cmake_prefix_path.dsv'
[1.674s] INFO:colcon.colcon_core.shell:Creating environment hook '/home/zoellickhan/Code/2024CV/ws_testROS/install/test_ch343/share/test_ch343/hook/cmake_prefix_path.sh'
[1.675s] Level 1:colcon.colcon_core.environment:checking '/home/zoellickhan/Code/2024CV/ws_testROS/install/test_ch343/lib'
[1.675s] Level 1:colcon.colcon_core.environment:checking '/home/zoellickhan/Code/2024CV/ws_testROS/install/test_ch343/bin'
[1.675s] Level 1:colcon.colcon_core.environment:checking '/home/zoellickhan/Code/2024CV/ws_testROS/install/test_ch343/lib/pkgconfig/test_ch343.pc'
[1.676s] Level 1:colcon.colcon_core.environment:checking '/home/zoellickhan/Code/2024CV/ws_testROS/install/test_ch343/lib/python3.10/site-packages'
[1.676s] Level 1:colcon.colcon_core.environment:checking '/home/zoellickhan/Code/2024CV/ws_testROS/install/test_ch343/bin'
[1.677s] INFO:colcon.colcon_core.shell:Creating package script '/home/zoellickhan/Code/2024CV/ws_testROS/install/test_ch343/share/test_ch343/package.ps1'
[1.678s] INFO:colcon.colcon_core.shell:Creating package descriptor '/home/zoellickhan/Code/2024CV/ws_testROS/install/test_ch343/share/test_ch343/package.dsv'
[1.679s] INFO:colcon.colcon_core.shell:Creating package script '/home/zoellickhan/Code/2024CV/ws_testROS/install/test_ch343/share/test_ch343/package.sh'
[1.680s] INFO:colcon.colcon_core.shell:Creating package script '/home/zoellickhan/Code/2024CV/ws_testROS/install/test_ch343/share/test_ch343/package.bash'
[1.681s] INFO:colcon.colcon_core.shell:Creating package script '/home/zoellickhan/Code/2024CV/ws_testROS/install/test_ch343/share/test_ch343/package.zsh'
[1.682s] Level 1:colcon.colcon_core.environment:create_file_with_runtime_dependencies(/home/zoellickhan/Code/2024CV/ws_testROS/install/test_ch343/share/colcon-core/packages/test_ch343)
[1.682s] DEBUG:colcon.colcon_parallel_executor.executor.parallel:closing loop
[1.683s] DEBUG:colcon.colcon_parallel_executor.executor.parallel:loop closed
[1.683s] DEBUG:colcon.colcon_parallel_executor.executor.parallel:run_until_complete finished with '0'
[1.683s] DEBUG:colcon.colcon_core.event_reactor:joining thread
[1.692s] INFO:colcon.colcon_core.plugin_system:Skipping extension 'colcon_notification.desktop_notification.terminal_notifier': Not used on non-Darwin systems
[1.692s] INFO:colcon.colcon_core.plugin_system:Skipping extension 'colcon_notification.desktop_notification.win32': Not used on non-Windows systems
[1.692s] INFO:colcon.colcon_notification.desktop_notification:Sending desktop notification using 'notify2'
[1.715s] DEBUG:colcon.colcon_core.event_reactor:joined thread
[1.716s] INFO:colcon.colcon_core.shell:Creating prefix script '/home/zoellickhan/Code/2024CV/ws_testROS/install/local_setup.ps1'
[1.718s] INFO:colcon.colcon_core.shell:Creating prefix util module '/home/zoellickhan/Code/2024CV/ws_testROS/install/_local_setup_util_ps1.py'
[1.721s] INFO:colcon.colcon_core.shell:Creating prefix chain script '/home/zoellickhan/Code/2024CV/ws_testROS/install/setup.ps1'
[1.724s] INFO:colcon.colcon_core.shell:Creating prefix script '/home/zoellickhan/Code/2024CV/ws_testROS/install/local_setup.sh'
[1.725s] INFO:colcon.colcon_core.shell:Creating prefix util module '/home/zoellickhan/Code/2024CV/ws_testROS/install/_local_setup_util_sh.py'
[1.726s] INFO:colcon.colcon_core.shell:Creating prefix chain script '/home/zoellickhan/Code/2024CV/ws_testROS/install/setup.sh'
[1.729s] INFO:colcon.colcon_core.shell:Creating prefix script '/home/zoellickhan/Code/2024CV/ws_testROS/install/local_setup.bash'
[1.730s] INFO:colcon.colcon_core.shell:Creating prefix chain script '/home/zoellickhan/Code/2024CV/ws_testROS/install/setup.bash'
[1.732s] INFO:colcon.colcon_core.shell:Creating prefix script '/home/zoellickhan/Code/2024CV/ws_testROS/install/local_setup.zsh'
[1.733s] INFO:colcon.colcon_core.shell:Creating prefix chain script '/home/zoellickhan/Code/2024CV/ws_testROS/install/setup.zsh'
