[0.146s] DEBUG:colcon:Command line arguments: ['/usr/bin/colcon', 'build']
[0.146s] DEBUG:colcon:Parsed command line arguments: Namespace(log_base=None, log_level=None, verb_name='build', build_base='build', install_base='install', merge_install=False, symlink_install=False, test_result_base=None, continue_on_error=False, executor='parallel', parallel_workers=20, event_handlers=None, ignore_user_meta=False, metas=['./colcon.meta'], base_paths=['.'], packages_ignore=None, packages_ignore_regex=None, paths=None, packages_up_to=None, packages_up_to_regex=None, packages_above=None, packages_above_and_dependencies=None, packages_above_depth=None, packages_select_by_dep=None, packages_skip_by_dep=None, packages_skip_up_to=None, packages_select_build_failed=False, packages_skip_build_finished=False, packages_select_test_failures=False, packages_skip_test_passed=False, packages_select=None, packages_skip=None, packages_select_regex=None, packages_skip_regex=None, packages_start=None, packages_end=None, allow_overriding=[], cmake_args=None, cmake_target=None, cmake_target_skip_unavailable=False, cmake_clean_cache=False, cmake_clean_first=False, cmake_force_configure=False, ament_cmake_args=None, catkin_cmake_args=None, catkin_skip_building_tests=False, mixin_files=None, mixin=None, verb_parser=<colcon_mixin.mixin.mixin_argument.MixinArgumentDecorator object at 0x7d55f8522800>, verb_extension=<colcon_core.verb.build.BuildVerb object at 0x7d55f8522230>, main=<bound method BuildVerb.main of <colcon_core.verb.build.BuildVerb object at 0x7d55f8522230>>, mixin_verb=('build',))
[0.370s] Level 1:colcon.colcon_core.package_discovery:discover_packages(colcon_meta) check parameters
[0.370s] Level 1:colcon.colcon_core.package_discovery:discover_packages(recursive) check parameters
[0.370s] Level 1:colcon.colcon_core.package_discovery:discover_packages(ignore) check parameters
[0.370s] Level 1:colcon.colcon_core.package_discovery:discover_packages(path) check parameters
[0.370s] Level 1:colcon.colcon_core.package_discovery:discover_packages(colcon_meta) discover
[0.370s] Level 1:colcon.colcon_core.package_discovery:discover_packages(recursive) discover
[0.370s] INFO:colcon.colcon_core.package_discovery:Crawling recursively for packages in '/home/zoellickhan/Code/ws_testROS'
[0.370s] Level 1:colcon.colcon_core.package_identification:_identify(.) by extensions ['ignore', 'ignore_ament_install']
[0.370s] Level 1:colcon.colcon_core.package_identification:_identify(.) by extension 'ignore'
[0.370s] Level 1:colcon.colcon_core.package_identification:_identify(.) by extension 'ignore_ament_install'
[0.371s] Level 1:colcon.colcon_core.package_identification:_identify(.) by extensions ['colcon_pkg']
[0.371s] Level 1:colcon.colcon_core.package_identification:_identify(.) by extension 'colcon_pkg'
[0.371s] Level 1:colcon.colcon_core.package_identification:_identify(.) by extensions ['colcon_meta']
[0.371s] Level 1:colcon.colcon_core.package_identification:_identify(.) by extension 'colcon_meta'
[0.371s] Level 1:colcon.colcon_core.package_identification:_identify(.) by extensions ['ros']
[0.371s] Level 1:colcon.colcon_core.package_identification:_identify(.) by extension 'ros'
[0.390s] Level 1:colcon.colcon_core.package_identification:_identify(.) by extensions ['cmake', 'python']
[0.390s] Level 1:colcon.colcon_core.package_identification:_identify(.) by extension 'cmake'
[0.390s] Level 1:colcon.colcon_core.package_identification:_identify(.) by extension 'python'
[0.390s] Level 1:colcon.colcon_core.package_identification:_identify(.) by extensions ['python_setup_py']
[0.390s] Level 1:colcon.colcon_core.package_identification:_identify(.) by extension 'python_setup_py'
[0.390s] Level 1:colcon.colcon_core.package_identification:_identify(build) by extensions ['ignore', 'ignore_ament_install']
[0.391s] Level 1:colcon.colcon_core.package_identification:_identify(build) by extension 'ignore'
[0.391s] Level 1:colcon.colcon_core.package_identification:_identify(build) ignored
[0.391s] Level 1:colcon.colcon_core.package_identification:_identify(install) by extensions ['ignore', 'ignore_ament_install']
[0.391s] Level 1:colcon.colcon_core.package_identification:_identify(install) by extension 'ignore'
[0.391s] Level 1:colcon.colcon_core.package_identification:_identify(install) ignored
[0.392s] Level 1:colcon.colcon_core.package_identification:_identify(log) by extensions ['ignore', 'ignore_ament_install']
[0.392s] Level 1:colcon.colcon_core.package_identification:_identify(log) by extension 'ignore'
[0.392s] Level 1:colcon.colcon_core.package_identification:_identify(log) ignored
[0.392s] Level 1:colcon.colcon_core.package_identification:_identify(src) by extensions ['ignore', 'ignore_ament_install']
[0.392s] Level 1:colcon.colcon_core.package_identification:_identify(src) by extension 'ignore'
[0.392s] Level 1:colcon.colcon_core.package_identification:_identify(src) by extension 'ignore_ament_install'
[0.392s] Level 1:colcon.colcon_core.package_identification:_identify(src) by extensions ['colcon_pkg']
[0.393s] Level 1:colcon.colcon_core.package_identification:_identify(src) by extension 'colcon_pkg'
[0.393s] Level 1:colcon.colcon_core.package_identification:_identify(src) by extensions ['colcon_meta']
[0.393s] Level 1:colcon.colcon_core.package_identification:_identify(src) by extension 'colcon_meta'
[0.393s] Level 1:colcon.colcon_core.package_identification:_identify(src) by extensions ['ros']
[0.393s] Level 1:colcon.colcon_core.package_identification:_identify(src) by extension 'ros'
[0.393s] Level 1:colcon.colcon_core.package_identification:_identify(src) by extensions ['cmake', 'python']
[0.393s] Level 1:colcon.colcon_core.package_identification:_identify(src) by extension 'cmake'
[0.393s] Level 1:colcon.colcon_core.package_identification:_identify(src) by extension 'python'
[0.393s] Level 1:colcon.colcon_core.package_identification:_identify(src) by extensions ['python_setup_py']
[0.393s] Level 1:colcon.colcon_core.package_identification:_identify(src) by extension 'python_setup_py'
[0.393s] Level 1:colcon.colcon_core.package_identification:_identify(src/build) by extensions ['ignore', 'ignore_ament_install']
[0.393s] Level 1:colcon.colcon_core.package_identification:_identify(src/build) by extension 'ignore'
[0.394s] Level 1:colcon.colcon_core.package_identification:_identify(src/build) ignored
[0.394s] Level 1:colcon.colcon_core.package_identification:_identify(src/install) by extensions ['ignore', 'ignore_ament_install']
[0.394s] Level 1:colcon.colcon_core.package_identification:_identify(src/install) by extension 'ignore'
[0.394s] Level 1:colcon.colcon_core.package_identification:_identify(src/install) ignored
[0.394s] Level 1:colcon.colcon_core.package_identification:_identify(src/log) by extensions ['ignore', 'ignore_ament_install']
[0.394s] Level 1:colcon.colcon_core.package_identification:_identify(src/log) by extension 'ignore'
[0.394s] Level 1:colcon.colcon_core.package_identification:_identify(src/log) ignored
[0.394s] Level 1:colcon.colcon_core.package_identification:_identify(src/test_ch343) by extensions ['ignore', 'ignore_ament_install']
[0.395s] Level 1:colcon.colcon_core.package_identification:_identify(src/test_ch343) by extension 'ignore'
[0.395s] Level 1:colcon.colcon_core.package_identification:_identify(src/test_ch343) by extension 'ignore_ament_install'
[0.395s] Level 1:colcon.colcon_core.package_identification:_identify(src/test_ch343) by extensions ['colcon_pkg']
[0.395s] Level 1:colcon.colcon_core.package_identification:_identify(src/test_ch343) by extension 'colcon_pkg'
[0.395s] Level 1:colcon.colcon_core.package_identification:_identify(src/test_ch343) by extensions ['colcon_meta']
[0.395s] Level 1:colcon.colcon_core.package_identification:_identify(src/test_ch343) by extension 'colcon_meta'
[0.395s] Level 1:colcon.colcon_core.package_identification:_identify(src/test_ch343) by extensions ['ros']
[0.395s] Level 1:colcon.colcon_core.package_identification:_identify(src/test_ch343) by extension 'ros'
[0.400s] DEBUG:colcon.colcon_core.package_identification:Package 'src/test_ch343' with type 'ros.ament_cmake' and name 'test_ch343'
[0.400s] Level 1:colcon.colcon_core.package_identification:_identify(src/test_serialdriver) by extensions ['ignore', 'ignore_ament_install']
[0.401s] Level 1:colcon.colcon_core.package_identification:_identify(src/test_serialdriver) by extension 'ignore'
[0.401s] Level 1:colcon.colcon_core.package_identification:_identify(src/test_serialdriver) by extension 'ignore_ament_install'
[0.401s] Level 1:colcon.colcon_core.package_identification:_identify(src/test_serialdriver) by extensions ['colcon_pkg']
[0.401s] Level 1:colcon.colcon_core.package_identification:_identify(src/test_serialdriver) by extension 'colcon_pkg'
[0.401s] Level 1:colcon.colcon_core.package_identification:_identify(src/test_serialdriver) by extensions ['colcon_meta']
[0.401s] Level 1:colcon.colcon_core.package_identification:_identify(src/test_serialdriver) by extension 'colcon_meta'
[0.401s] Level 1:colcon.colcon_core.package_identification:_identify(src/test_serialdriver) by extensions ['ros']
[0.401s] Level 1:colcon.colcon_core.package_identification:_identify(src/test_serialdriver) by extension 'ros'
[0.402s] DEBUG:colcon.colcon_core.package_identification:Package 'src/test_serialdriver' with type 'ros.ament_cmake' and name 'test_serialdriver'
[0.402s] Level 1:colcon.colcon_core.package_discovery:discover_packages(recursive) using defaults
[0.402s] Level 1:colcon.colcon_core.package_discovery:discover_packages(ignore) discover
[0.402s] Level 1:colcon.colcon_core.package_discovery:discover_packages(ignore) using defaults
[0.402s] Level 1:colcon.colcon_core.package_discovery:discover_packages(path) discover
[0.402s] Level 1:colcon.colcon_core.package_discovery:discover_packages(path) using defaults
[0.466s] Level 1:colcon.colcon_core.package_discovery:discover_packages(prefix_path) check parameters
[0.466s] Level 1:colcon.colcon_core.package_discovery:discover_packages(prefix_path) discover
[0.469s] DEBUG:colcon.colcon_installed_package_information.package_discovery:Found 2 installed packages in /home/zoellickhan/Code/ws_testROS/install
[0.472s] DEBUG:colcon.colcon_installed_package_information.package_discovery:Found 297 installed packages in /opt/ros/humble
[0.476s] Level 1:colcon.colcon_core.package_discovery:discover_packages(prefix_path) using defaults
[0.548s] Level 5:colcon.colcon_core.verb:set package 'test_ch343' build argument 'cmake_args' from command line to 'None'
[0.548s] Level 5:colcon.colcon_core.verb:set package 'test_ch343' build argument 'cmake_target' from command line to 'None'
[0.548s] Level 5:colcon.colcon_core.verb:set package 'test_ch343' build argument 'cmake_target_skip_unavailable' from command line to 'False'
[0.548s] Level 5:colcon.colcon_core.verb:set package 'test_ch343' build argument 'cmake_clean_cache' from command line to 'False'
[0.548s] Level 5:colcon.colcon_core.verb:set package 'test_ch343' build argument 'cmake_clean_first' from command line to 'False'
[0.548s] Level 5:colcon.colcon_core.verb:set package 'test_ch343' build argument 'cmake_force_configure' from command line to 'False'
[0.549s] Level 5:colcon.colcon_core.verb:set package 'test_ch343' build argument 'ament_cmake_args' from command line to 'None'
[0.549s] Level 5:colcon.colcon_core.verb:set package 'test_ch343' build argument 'catkin_cmake_args' from command line to 'None'
[0.549s] Level 5:colcon.colcon_core.verb:set package 'test_ch343' build argument 'catkin_skip_building_tests' from command line to 'False'
[0.549s] DEBUG:colcon.colcon_core.verb:Building package 'test_ch343' with the following arguments: {'ament_cmake_args': None, 'build_base': '/home/zoellickhan/Code/ws_testROS/build/test_ch343', 'catkin_cmake_args': None, 'catkin_skip_building_tests': False, 'cmake_args': None, 'cmake_clean_cache': False, 'cmake_clean_first': False, 'cmake_force_configure': False, 'cmake_target': None, 'cmake_target_skip_unavailable': False, 'install_base': '/home/zoellickhan/Code/ws_testROS/install/test_ch343', 'merge_install': False, 'path': '/home/zoellickhan/Code/ws_testROS/src/test_ch343', 'symlink_install': False, 'test_result_base': None}
[0.549s] Level 5:colcon.colcon_core.verb:set package 'test_serialdriver' build argument 'cmake_args' from command line to 'None'
[0.549s] Level 5:colcon.colcon_core.verb:set package 'test_serialdriver' build argument 'cmake_target' from command line to 'None'
[0.549s] Level 5:colcon.colcon_core.verb:set package 'test_serialdriver' build argument 'cmake_target_skip_unavailable' from command line to 'False'
[0.549s] Level 5:colcon.colcon_core.verb:set package 'test_serialdriver' build argument 'cmake_clean_cache' from command line to 'False'
[0.549s] Level 5:colcon.colcon_core.verb:set package 'test_serialdriver' build argument 'cmake_clean_first' from command line to 'False'
[0.550s] Level 5:colcon.colcon_core.verb:set package 'test_serialdriver' build argument 'cmake_force_configure' from command line to 'False'
[0.550s] Level 5:colcon.colcon_core.verb:set package 'test_serialdriver' build argument 'ament_cmake_args' from command line to 'None'
[0.550s] Level 5:colcon.colcon_core.verb:set package 'test_serialdriver' build argument 'catkin_cmake_args' from command line to 'None'
[0.550s] Level 5:colcon.colcon_core.verb:set package 'test_serialdriver' build argument 'catkin_skip_building_tests' from command line to 'False'
[0.550s] DEBUG:colcon.colcon_core.verb:Building package 'test_serialdriver' with the following arguments: {'ament_cmake_args': None, 'build_base': '/home/zoellickhan/Code/ws_testROS/build/test_serialdriver', 'catkin_cmake_args': None, 'catkin_skip_building_tests': False, 'cmake_args': None, 'cmake_clean_cache': False, 'cmake_clean_first': False, 'cmake_force_configure': False, 'cmake_target': None, 'cmake_target_skip_unavailable': False, 'install_base': '/home/zoellickhan/Code/ws_testROS/install/test_serialdriver', 'merge_install': False, 'path': '/home/zoellickhan/Code/ws_testROS/src/test_serialdriver', 'symlink_install': False, 'test_result_base': None}
[0.550s] INFO:colcon.colcon_core.executor:Executing jobs using 'parallel' executor
[0.551s] DEBUG:colcon.colcon_parallel_executor.executor.parallel:run_until_complete
[0.552s] INFO:colcon.colcon_ros.task.ament_cmake.build:Building ROS package in '/home/zoellickhan/Code/ws_testROS/src/test_ch343' with build type 'ament_cmake'
[0.552s] INFO:colcon.colcon_cmake.task.cmake.build:Building CMake package in '/home/zoellickhan/Code/ws_testROS/src/test_ch343'
[0.555s] INFO:colcon.colcon_core.plugin_system:Skipping extension 'colcon_core.shell.bat': Not used on non-Windows systems
[0.555s] INFO:colcon.colcon_core.shell:Skip shell extension 'powershell' for command environment: Not usable outside of PowerShell
[0.555s] DEBUG:colcon.colcon_core.shell:Skip shell extension 'dsv' for command environment
[0.561s] INFO:colcon.colcon_ros.task.ament_cmake.build:Building ROS package in '/home/zoellickhan/Code/ws_testROS/src/test_serialdriver' with build type 'ament_cmake'
[0.561s] INFO:colcon.colcon_cmake.task.cmake.build:Building CMake package in '/home/zoellickhan/Code/ws_testROS/src/test_serialdriver'
[0.561s] INFO:colcon.colcon_core.shell:Skip shell extension 'powershell' for command environment: Not usable outside of PowerShell
[0.561s] DEBUG:colcon.colcon_core.shell:Skip shell extension 'dsv' for command environment
[0.577s] DEBUG:colcon.colcon_core.event_handler.log_command:Invoking command in '/home/zoellickhan/Code/ws_testROS/build/test_ch343': CMAKE_PREFIX_PATH=${CMAKE_PREFIX_PATH}:/opt/ros/humble /usr/bin/cmake --build /home/zoellickhan/Code/ws_testROS/build/test_ch343 -- -j20 -l20
[0.584s] DEBUG:colcon.colcon_core.event_handler.log_command:Invoking command in '/home/zoellickhan/Code/ws_testROS/build/test_serialdriver': CMAKE_PREFIX_PATH=${CMAKE_PREFIX_PATH}:/opt/ros/humble /usr/bin/cmake --build /home/zoellickhan/Code/ws_testROS/build/test_serialdriver -- -j20 -l20
[0.707s] DEBUG:colcon.colcon_core.event_handler.log_command:Invoked command in '/home/zoellickhan/Code/ws_testROS/build/test_serialdriver' returned '0': CMAKE_PREFIX_PATH=${CMAKE_PREFIX_PATH}:/opt/ros/humble /usr/bin/cmake --build /home/zoellickhan/Code/ws_testROS/build/test_serialdriver -- -j20 -l20
[0.784s] DEBUG:colcon.colcon_core.event_handler.log_command:Invoking command in '/home/zoellickhan/Code/ws_testROS/build/test_serialdriver': CMAKE_PREFIX_PATH=${CMAKE_PREFIX_PATH}:/opt/ros/humble /usr/bin/cmake --install /home/zoellickhan/Code/ws_testROS/build/test_serialdriver
[0.801s] Level 1:colcon.colcon_core.environment:create_environment_scripts_only(test_serialdriver)
[0.803s] DEBUG:colcon.colcon_core.event_handler.log_command:Invoked command in '/home/zoellickhan/Code/ws_testROS/build/test_serialdriver' returned '0': CMAKE_PREFIX_PATH=${CMAKE_PREFIX_PATH}:/opt/ros/humble /usr/bin/cmake --install /home/zoellickhan/Code/ws_testROS/build/test_serialdriver
[0.809s] Level 1:colcon.colcon_core.environment:checking '/home/zoellickhan/Code/ws_testROS/install/test_serialdriver' for CMake module files
[0.811s] Level 1:colcon.colcon_core.environment:checking '/home/zoellickhan/Code/ws_testROS/install/test_serialdriver' for CMake config files
[0.812s] Level 1:colcon.colcon_core.shell:create_environment_hook('test_serialdriver', 'cmake_prefix_path')
[0.813s] INFO:colcon.colcon_core.shell:Creating environment hook '/home/zoellickhan/Code/ws_testROS/install/test_serialdriver/share/test_serialdriver/hook/cmake_prefix_path.ps1'
[0.814s] INFO:colcon.colcon_core.shell:Creating environment descriptor '/home/zoellickhan/Code/ws_testROS/install/test_serialdriver/share/test_serialdriver/hook/cmake_prefix_path.dsv'
[0.815s] INFO:colcon.colcon_core.shell:Creating environment hook '/home/zoellickhan/Code/ws_testROS/install/test_serialdriver/share/test_serialdriver/hook/cmake_prefix_path.sh'
[0.817s] Level 1:colcon.colcon_core.environment:checking '/home/zoellickhan/Code/ws_testROS/install/test_serialdriver/lib'
[0.818s] Level 1:colcon.colcon_core.environment:checking '/home/zoellickhan/Code/ws_testROS/install/test_serialdriver/bin'
[0.818s] Level 1:colcon.colcon_core.environment:checking '/home/zoellickhan/Code/ws_testROS/install/test_serialdriver/lib/pkgconfig/test_serialdriver.pc'
[0.818s] Level 1:colcon.colcon_core.environment:checking '/home/zoellickhan/Code/ws_testROS/install/test_serialdriver/lib/python3.10/site-packages'
[0.819s] Level 1:colcon.colcon_core.environment:checking '/home/zoellickhan/Code/ws_testROS/install/test_serialdriver/bin'
[0.820s] INFO:colcon.colcon_core.shell:Creating package script '/home/zoellickhan/Code/ws_testROS/install/test_serialdriver/share/test_serialdriver/package.ps1'
[0.822s] INFO:colcon.colcon_core.shell:Creating package descriptor '/home/zoellickhan/Code/ws_testROS/install/test_serialdriver/share/test_serialdriver/package.dsv'
[0.823s] INFO:colcon.colcon_core.shell:Creating package script '/home/zoellickhan/Code/ws_testROS/install/test_serialdriver/share/test_serialdriver/package.sh'
[0.825s] INFO:colcon.colcon_core.shell:Creating package script '/home/zoellickhan/Code/ws_testROS/install/test_serialdriver/share/test_serialdriver/package.bash'
[0.828s] INFO:colcon.colcon_core.shell:Creating package script '/home/zoellickhan/Code/ws_testROS/install/test_serialdriver/share/test_serialdriver/package.zsh'
[0.830s] Level 1:colcon.colcon_core.environment:create_file_with_runtime_dependencies(/home/zoellickhan/Code/ws_testROS/install/test_serialdriver/share/colcon-core/packages/test_serialdriver)
[0.885s] Level 1:colcon.colcon_core.environment:create_environment_scripts_only(test_serialdriver)
[0.885s] Level 1:colcon.colcon_core.environment:checking '/home/zoellickhan/Code/ws_testROS/install/test_serialdriver' for CMake module files
[0.887s] Level 1:colcon.colcon_core.environment:checking '/home/zoellickhan/Code/ws_testROS/install/test_serialdriver' for CMake config files
[0.887s] Level 1:colcon.colcon_core.shell:create_environment_hook('test_serialdriver', 'cmake_prefix_path')
[0.888s] INFO:colcon.colcon_core.shell:Creating environment hook '/home/zoellickhan/Code/ws_testROS/install/test_serialdriver/share/test_serialdriver/hook/cmake_prefix_path.ps1'
[0.889s] INFO:colcon.colcon_core.shell:Creating environment descriptor '/home/zoellickhan/Code/ws_testROS/install/test_serialdriver/share/test_serialdriver/hook/cmake_prefix_path.dsv'
[0.890s] INFO:colcon.colcon_core.shell:Creating environment hook '/home/zoellickhan/Code/ws_testROS/install/test_serialdriver/share/test_serialdriver/hook/cmake_prefix_path.sh'
[0.891s] Level 1:colcon.colcon_core.environment:checking '/home/zoellickhan/Code/ws_testROS/install/test_serialdriver/lib'
[0.891s] Level 1:colcon.colcon_core.environment:checking '/home/zoellickhan/Code/ws_testROS/install/test_serialdriver/bin'
[0.891s] Level 1:colcon.colcon_core.environment:checking '/home/zoellickhan/Code/ws_testROS/install/test_serialdriver/lib/pkgconfig/test_serialdriver.pc'
[0.892s] Level 1:colcon.colcon_core.environment:checking '/home/zoellickhan/Code/ws_testROS/install/test_serialdriver/lib/python3.10/site-packages'
[0.892s] Level 1:colcon.colcon_core.environment:checking '/home/zoellickhan/Code/ws_testROS/install/test_serialdriver/bin'
[0.893s] INFO:colcon.colcon_core.shell:Creating package script '/home/zoellickhan/Code/ws_testROS/install/test_serialdriver/share/test_serialdriver/package.ps1'
[0.894s] INFO:colcon.colcon_core.shell:Creating package descriptor '/home/zoellickhan/Code/ws_testROS/install/test_serialdriver/share/test_serialdriver/package.dsv'
[0.895s] INFO:colcon.colcon_core.shell:Creating package script '/home/zoellickhan/Code/ws_testROS/install/test_serialdriver/share/test_serialdriver/package.sh'
[0.897s] INFO:colcon.colcon_core.shell:Creating package script '/home/zoellickhan/Code/ws_testROS/install/test_serialdriver/share/test_serialdriver/package.bash'
[0.898s] INFO:colcon.colcon_core.shell:Creating package script '/home/zoellickhan/Code/ws_testROS/install/test_serialdriver/share/test_serialdriver/package.zsh'
[0.898s] Level 1:colcon.colcon_core.environment:create_file_with_runtime_dependencies(/home/zoellickhan/Code/ws_testROS/install/test_serialdriver/share/colcon-core/packages/test_serialdriver)
[5.361s] DEBUG:colcon.colcon_core.event_handler.log_command:Invoked command in '/home/zoellickhan/Code/ws_testROS/build/test_ch343' returned '0': CMAKE_PREFIX_PATH=${CMAKE_PREFIX_PATH}:/opt/ros/humble /usr/bin/cmake --build /home/zoellickhan/Code/ws_testROS/build/test_ch343 -- -j20 -l20
[5.413s] DEBUG:colcon.colcon_core.event_handler.log_command:Invoking command in '/home/zoellickhan/Code/ws_testROS/build/test_ch343': CMAKE_PREFIX_PATH=${CMAKE_PREFIX_PATH}:/opt/ros/humble /usr/bin/cmake --install /home/zoellickhan/Code/ws_testROS/build/test_ch343
[5.429s] Level 1:colcon.colcon_core.environment:create_environment_scripts_only(test_ch343)
[5.429s] Level 1:colcon.colcon_core.environment:checking '/home/zoellickhan/Code/ws_testROS/install/test_ch343' for CMake module files
[5.431s] DEBUG:colcon.colcon_core.event_handler.log_command:Invoked command in '/home/zoellickhan/Code/ws_testROS/build/test_ch343' returned '0': CMAKE_PREFIX_PATH=${CMAKE_PREFIX_PATH}:/opt/ros/humble /usr/bin/cmake --install /home/zoellickhan/Code/ws_testROS/build/test_ch343
[5.432s] Level 1:colcon.colcon_core.environment:checking '/home/zoellickhan/Code/ws_testROS/install/test_ch343' for CMake config files
[5.432s] Level 1:colcon.colcon_core.shell:create_environment_hook('test_ch343', 'cmake_prefix_path')
[5.433s] INFO:colcon.colcon_core.shell:Creating environment hook '/home/zoellickhan/Code/ws_testROS/install/test_ch343/share/test_ch343/hook/cmake_prefix_path.ps1'
[5.434s] INFO:colcon.colcon_core.shell:Creating environment descriptor '/home/zoellickhan/Code/ws_testROS/install/test_ch343/share/test_ch343/hook/cmake_prefix_path.dsv'
[5.435s] INFO:colcon.colcon_core.shell:Creating environment hook '/home/zoellickhan/Code/ws_testROS/install/test_ch343/share/test_ch343/hook/cmake_prefix_path.sh'
[5.436s] Level 1:colcon.colcon_core.environment:checking '/home/zoellickhan/Code/ws_testROS/install/test_ch343/lib'
[5.436s] Level 1:colcon.colcon_core.environment:checking '/home/zoellickhan/Code/ws_testROS/install/test_ch343/bin'
[5.436s] Level 1:colcon.colcon_core.environment:checking '/home/zoellickhan/Code/ws_testROS/install/test_ch343/lib/pkgconfig/test_ch343.pc'
[5.436s] Level 1:colcon.colcon_core.environment:checking '/home/zoellickhan/Code/ws_testROS/install/test_ch343/lib/python3.10/site-packages'
[5.437s] Level 1:colcon.colcon_core.environment:checking '/home/zoellickhan/Code/ws_testROS/install/test_ch343/bin'
[5.438s] INFO:colcon.colcon_core.shell:Creating package script '/home/zoellickhan/Code/ws_testROS/install/test_ch343/share/test_ch343/package.ps1'
[5.438s] INFO:colcon.colcon_core.shell:Creating package descriptor '/home/zoellickhan/Code/ws_testROS/install/test_ch343/share/test_ch343/package.dsv'
[5.439s] INFO:colcon.colcon_core.shell:Creating package script '/home/zoellickhan/Code/ws_testROS/install/test_ch343/share/test_ch343/package.sh'
[5.440s] INFO:colcon.colcon_core.shell:Creating package script '/home/zoellickhan/Code/ws_testROS/install/test_ch343/share/test_ch343/package.bash'
[5.440s] INFO:colcon.colcon_core.shell:Creating package script '/home/zoellickhan/Code/ws_testROS/install/test_ch343/share/test_ch343/package.zsh'
[5.441s] Level 1:colcon.colcon_core.environment:create_file_with_runtime_dependencies(/home/zoellickhan/Code/ws_testROS/install/test_ch343/share/colcon-core/packages/test_ch343)
[5.491s] Level 1:colcon.colcon_core.environment:create_environment_scripts_only(test_ch343)
[5.491s] Level 1:colcon.colcon_core.environment:checking '/home/zoellickhan/Code/ws_testROS/install/test_ch343' for CMake module files
[5.492s] Level 1:colcon.colcon_core.environment:checking '/home/zoellickhan/Code/ws_testROS/install/test_ch343' for CMake config files
[5.493s] Level 1:colcon.colcon_core.shell:create_environment_hook('test_ch343', 'cmake_prefix_path')
[5.494s] INFO:colcon.colcon_core.shell:Creating environment hook '/home/zoellickhan/Code/ws_testROS/install/test_ch343/share/test_ch343/hook/cmake_prefix_path.ps1'
[5.495s] INFO:colcon.colcon_core.shell:Creating environment descriptor '/home/zoellickhan/Code/ws_testROS/install/test_ch343/share/test_ch343/hook/cmake_prefix_path.dsv'
[5.495s] INFO:colcon.colcon_core.shell:Creating environment hook '/home/zoellickhan/Code/ws_testROS/install/test_ch343/share/test_ch343/hook/cmake_prefix_path.sh'
[5.497s] Level 1:colcon.colcon_core.environment:checking '/home/zoellickhan/Code/ws_testROS/install/test_ch343/lib'
[5.497s] Level 1:colcon.colcon_core.environment:checking '/home/zoellickhan/Code/ws_testROS/install/test_ch343/bin'
[5.497s] Level 1:colcon.colcon_core.environment:checking '/home/zoellickhan/Code/ws_testROS/install/test_ch343/lib/pkgconfig/test_ch343.pc'
[5.498s] Level 1:colcon.colcon_core.environment:checking '/home/zoellickhan/Code/ws_testROS/install/test_ch343/lib/python3.10/site-packages'
[5.498s] Level 1:colcon.colcon_core.environment:checking '/home/zoellickhan/Code/ws_testROS/install/test_ch343/bin'
[5.499s] INFO:colcon.colcon_core.shell:Creating package script '/home/zoellickhan/Code/ws_testROS/install/test_ch343/share/test_ch343/package.ps1'
[5.500s] INFO:colcon.colcon_core.shell:Creating package descriptor '/home/zoellickhan/Code/ws_testROS/install/test_ch343/share/test_ch343/package.dsv'
[5.501s] INFO:colcon.colcon_core.shell:Creating package script '/home/zoellickhan/Code/ws_testROS/install/test_ch343/share/test_ch343/package.sh'
[5.502s] INFO:colcon.colcon_core.shell:Creating package script '/home/zoellickhan/Code/ws_testROS/install/test_ch343/share/test_ch343/package.bash'
[5.503s] INFO:colcon.colcon_core.shell:Creating package script '/home/zoellickhan/Code/ws_testROS/install/test_ch343/share/test_ch343/package.zsh'
[5.504s] Level 1:colcon.colcon_core.environment:create_file_with_runtime_dependencies(/home/zoellickhan/Code/ws_testROS/install/test_ch343/share/colcon-core/packages/test_ch343)
[5.504s] DEBUG:colcon.colcon_parallel_executor.executor.parallel:closing loop
[5.505s] DEBUG:colcon.colcon_parallel_executor.executor.parallel:loop closed
[5.505s] DEBUG:colcon.colcon_parallel_executor.executor.parallel:run_until_complete finished with '0'
[5.505s] DEBUG:colcon.colcon_core.event_reactor:joining thread
[5.518s] INFO:colcon.colcon_core.plugin_system:Skipping extension 'colcon_notification.desktop_notification.terminal_notifier': Not used on non-Darwin systems
[5.518s] INFO:colcon.colcon_core.plugin_system:Skipping extension 'colcon_notification.desktop_notification.win32': Not used on non-Windows systems
[5.518s] INFO:colcon.colcon_notification.desktop_notification:Sending desktop notification using 'notify2'
[5.547s] DEBUG:colcon.colcon_core.event_reactor:joined thread
[5.548s] INFO:colcon.colcon_core.shell:Creating prefix script '/home/zoellickhan/Code/ws_testROS/install/local_setup.ps1'
[5.550s] INFO:colcon.colcon_core.shell:Creating prefix util module '/home/zoellickhan/Code/ws_testROS/install/_local_setup_util_ps1.py'
[5.553s] INFO:colcon.colcon_core.shell:Creating prefix chain script '/home/zoellickhan/Code/ws_testROS/install/setup.ps1'
[5.556s] INFO:colcon.colcon_core.shell:Creating prefix script '/home/zoellickhan/Code/ws_testROS/install/local_setup.sh'
[5.558s] INFO:colcon.colcon_core.shell:Creating prefix util module '/home/zoellickhan/Code/ws_testROS/install/_local_setup_util_sh.py'
[5.559s] INFO:colcon.colcon_core.shell:Creating prefix chain script '/home/zoellickhan/Code/ws_testROS/install/setup.sh'
[5.562s] INFO:colcon.colcon_core.shell:Creating prefix script '/home/zoellickhan/Code/ws_testROS/install/local_setup.bash'
[5.564s] INFO:colcon.colcon_core.shell:Creating prefix chain script '/home/zoellickhan/Code/ws_testROS/install/setup.bash'
[5.567s] INFO:colcon.colcon_core.shell:Creating prefix script '/home/zoellickhan/Code/ws_testROS/install/local_setup.zsh'
[5.568s] INFO:colcon.colcon_core.shell:Creating prefix chain script '/home/zoellickhan/Code/ws_testROS/install/setup.zsh'
