[0.117s] DEBUG:colcon:Command line arguments: ['/usr/bin/colcon', 'build']
[0.117s] DEBUG:colcon:Parsed command line arguments: Namespace(log_base=None, log_level=None, verb_name='build', build_base='build', install_base='install', merge_install=False, symlink_install=False, test_result_base=None, continue_on_error=False, executor='parallel', parallel_workers=20, event_handlers=None, ignore_user_meta=False, metas=['./colcon.meta'], base_paths=['.'], packages_ignore=None, packages_ignore_regex=None, paths=None, packages_up_to=None, packages_up_to_regex=None, packages_above=None, packages_above_and_dependencies=None, packages_above_depth=None, packages_select_by_dep=None, packages_skip_by_dep=None, packages_skip_up_to=None, packages_select_build_failed=False, packages_skip_build_finished=False, packages_select_test_failures=False, packages_skip_test_passed=False, packages_select=None, packages_skip=None, packages_select_regex=None, packages_skip_regex=None, packages_start=None, packages_end=None, allow_overriding=[], cmake_args=None, cmake_target=None, cmake_target_skip_unavailable=False, cmake_clean_cache=False, cmake_clean_first=False, cmake_force_configure=False, ament_cmake_args=None, catkin_cmake_args=None, catkin_skip_building_tests=False, mixin_files=None, mixin=None, verb_parser=<colcon_mixin.mixin.mixin_argument.MixinArgumentDecorator object at 0x7408ec43e800>, verb_extension=<colcon_core.verb.build.BuildVerb object at 0x7408ec43e230>, main=<bound method BuildVerb.main of <colcon_core.verb.build.BuildVerb object at 0x7408ec43e230>>, mixin_verb=('build',))
[0.347s] Level 1:colcon.colcon_core.package_discovery:discover_packages(colcon_meta) check parameters
[0.347s] Level 1:colcon.colcon_core.package_discovery:discover_packages(recursive) check parameters
[0.347s] Level 1:colcon.colcon_core.package_discovery:discover_packages(ignore) check parameters
[0.347s] Level 1:colcon.colcon_core.package_discovery:discover_packages(path) check parameters
[0.347s] Level 1:colcon.colcon_core.package_discovery:discover_packages(colcon_meta) discover
[0.347s] Level 1:colcon.colcon_core.package_discovery:discover_packages(recursive) discover
[0.347s] INFO:colcon.colcon_core.package_discovery:Crawling recursively for packages in '/home/zoellickhan/Code/ws_testROS'
[0.348s] Level 1:colcon.colcon_core.package_identification:_identify(.) by extensions ['ignore', 'ignore_ament_install']
[0.348s] Level 1:colcon.colcon_core.package_identification:_identify(.) by extension 'ignore'
[0.348s] Level 1:colcon.colcon_core.package_identification:_identify(.) by extension 'ignore_ament_install'
[0.348s] Level 1:colcon.colcon_core.package_identification:_identify(.) by extensions ['colcon_pkg']
[0.348s] Level 1:colcon.colcon_core.package_identification:_identify(.) by extension 'colcon_pkg'
[0.348s] Level 1:colcon.colcon_core.package_identification:_identify(.) by extensions ['colcon_meta']
[0.348s] Level 1:colcon.colcon_core.package_identification:_identify(.) by extension 'colcon_meta'
[0.348s] Level 1:colcon.colcon_core.package_identification:_identify(.) by extensions ['ros']
[0.348s] Level 1:colcon.colcon_core.package_identification:_identify(.) by extension 'ros'
[0.361s] Level 1:colcon.colcon_core.package_identification:_identify(.) by extensions ['cmake', 'python']
[0.361s] Level 1:colcon.colcon_core.package_identification:_identify(.) by extension 'cmake'
[0.361s] Level 1:colcon.colcon_core.package_identification:_identify(.) by extension 'python'
[0.361s] Level 1:colcon.colcon_core.package_identification:_identify(.) by extensions ['python_setup_py']
[0.362s] Level 1:colcon.colcon_core.package_identification:_identify(.) by extension 'python_setup_py'
[0.362s] Level 1:colcon.colcon_core.package_identification:_identify(build) by extensions ['ignore', 'ignore_ament_install']
[0.362s] Level 1:colcon.colcon_core.package_identification:_identify(build) by extension 'ignore'
[0.362s] Level 1:colcon.colcon_core.package_identification:_identify(build) ignored
[0.362s] Level 1:colcon.colcon_core.package_identification:_identify(install) by extensions ['ignore', 'ignore_ament_install']
[0.362s] Level 1:colcon.colcon_core.package_identification:_identify(install) by extension 'ignore'
[0.362s] Level 1:colcon.colcon_core.package_identification:_identify(install) ignored
[0.363s] Level 1:colcon.colcon_core.package_identification:_identify(log) by extensions ['ignore', 'ignore_ament_install']
[0.363s] Level 1:colcon.colcon_core.package_identification:_identify(log) by extension 'ignore'
[0.363s] Level 1:colcon.colcon_core.package_identification:_identify(log) ignored
[0.363s] Level 1:colcon.colcon_core.package_identification:_identify(src) by extensions ['ignore', 'ignore_ament_install']
[0.363s] Level 1:colcon.colcon_core.package_identification:_identify(src) by extension 'ignore'
[0.363s] Level 1:colcon.colcon_core.package_identification:_identify(src) by extension 'ignore_ament_install'
[0.363s] Level 1:colcon.colcon_core.package_identification:_identify(src) by extensions ['colcon_pkg']
[0.363s] Level 1:colcon.colcon_core.package_identification:_identify(src) by extension 'colcon_pkg'
[0.363s] Level 1:colcon.colcon_core.package_identification:_identify(src) by extensions ['colcon_meta']
[0.363s] Level 1:colcon.colcon_core.package_identification:_identify(src) by extension 'colcon_meta'
[0.364s] Level 1:colcon.colcon_core.package_identification:_identify(src) by extensions ['ros']
[0.364s] Level 1:colcon.colcon_core.package_identification:_identify(src) by extension 'ros'
[0.364s] Level 1:colcon.colcon_core.package_identification:_identify(src) by extensions ['cmake', 'python']
[0.364s] Level 1:colcon.colcon_core.package_identification:_identify(src) by extension 'cmake'
[0.364s] Level 1:colcon.colcon_core.package_identification:_identify(src) by extension 'python'
[0.364s] Level 1:colcon.colcon_core.package_identification:_identify(src) by extensions ['python_setup_py']
[0.364s] Level 1:colcon.colcon_core.package_identification:_identify(src) by extension 'python_setup_py'
[0.364s] Level 1:colcon.colcon_core.package_identification:_identify(src/build) by extensions ['ignore', 'ignore_ament_install']
[0.364s] Level 1:colcon.colcon_core.package_identification:_identify(src/build) by extension 'ignore'
[0.364s] Level 1:colcon.colcon_core.package_identification:_identify(src/build) ignored
[0.364s] Level 1:colcon.colcon_core.package_identification:_identify(src/install) by extensions ['ignore', 'ignore_ament_install']
[0.364s] Level 1:colcon.colcon_core.package_identification:_identify(src/install) by extension 'ignore'
[0.364s] Level 1:colcon.colcon_core.package_identification:_identify(src/install) ignored
[0.365s] Level 1:colcon.colcon_core.package_identification:_identify(src/log) by extensions ['ignore', 'ignore_ament_install']
[0.365s] Level 1:colcon.colcon_core.package_identification:_identify(src/log) by extension 'ignore'
[0.365s] Level 1:colcon.colcon_core.package_identification:_identify(src/log) ignored
[0.365s] Level 1:colcon.colcon_core.package_identification:_identify(src/test_ch343) by extensions ['ignore', 'ignore_ament_install']
[0.365s] Level 1:colcon.colcon_core.package_identification:_identify(src/test_ch343) by extension 'ignore'
[0.365s] Level 1:colcon.colcon_core.package_identification:_identify(src/test_ch343) by extension 'ignore_ament_install'
[0.365s] Level 1:colcon.colcon_core.package_identification:_identify(src/test_ch343) by extensions ['colcon_pkg']
[0.365s] Level 1:colcon.colcon_core.package_identification:_identify(src/test_ch343) by extension 'colcon_pkg'
[0.365s] Level 1:colcon.colcon_core.package_identification:_identify(src/test_ch343) by extensions ['colcon_meta']
[0.365s] Level 1:colcon.colcon_core.package_identification:_identify(src/test_ch343) by extension 'colcon_meta'
[0.365s] Level 1:colcon.colcon_core.package_identification:_identify(src/test_ch343) by extensions ['ros']
[0.365s] Level 1:colcon.colcon_core.package_identification:_identify(src/test_ch343) by extension 'ros'
[0.369s] DEBUG:colcon.colcon_core.package_identification:Package 'src/test_ch343' with type 'ros.ament_cmake' and name 'test_ch343'
[0.369s] Level 1:colcon.colcon_core.package_identification:_identify(src/test_serialdriver) by extensions ['ignore', 'ignore_ament_install']
[0.369s] Level 1:colcon.colcon_core.package_identification:_identify(src/test_serialdriver) by extension 'ignore'
[0.369s] Level 1:colcon.colcon_core.package_identification:_identify(src/test_serialdriver) by extension 'ignore_ament_install'
[0.369s] Level 1:colcon.colcon_core.package_identification:_identify(src/test_serialdriver) by extensions ['colcon_pkg']
[0.370s] Level 1:colcon.colcon_core.package_identification:_identify(src/test_serialdriver) by extension 'colcon_pkg'
[0.370s] Level 1:colcon.colcon_core.package_identification:_identify(src/test_serialdriver) by extensions ['colcon_meta']
[0.370s] Level 1:colcon.colcon_core.package_identification:_identify(src/test_serialdriver) by extension 'colcon_meta'
[0.370s] Level 1:colcon.colcon_core.package_identification:_identify(src/test_serialdriver) by extensions ['ros']
[0.370s] Level 1:colcon.colcon_core.package_identification:_identify(src/test_serialdriver) by extension 'ros'
[0.371s] DEBUG:colcon.colcon_core.package_identification:Package 'src/test_serialdriver' with type 'ros.ament_cmake' and name 'test_serialdriver'
[0.371s] Level 1:colcon.colcon_core.package_discovery:discover_packages(recursive) using defaults
[0.371s] Level 1:colcon.colcon_core.package_discovery:discover_packages(ignore) discover
[0.371s] Level 1:colcon.colcon_core.package_discovery:discover_packages(ignore) using defaults
[0.371s] Level 1:colcon.colcon_core.package_discovery:discover_packages(path) discover
[0.371s] Level 1:colcon.colcon_core.package_discovery:discover_packages(path) using defaults
[0.423s] Level 1:colcon.colcon_core.package_discovery:discover_packages(prefix_path) check parameters
[0.423s] Level 1:colcon.colcon_core.package_discovery:discover_packages(prefix_path) discover
[0.425s] DEBUG:colcon.colcon_installed_package_information.package_discovery:Found 2 installed packages in /home/zoellickhan/Code/ws_testROS/install
[0.428s] DEBUG:colcon.colcon_installed_package_information.package_discovery:Found 297 installed packages in /opt/ros/humble
[0.430s] Level 1:colcon.colcon_core.package_discovery:discover_packages(prefix_path) using defaults
[0.491s] Level 5:colcon.colcon_core.verb:set package 'test_ch343' build argument 'cmake_args' from command line to 'None'
[0.492s] Level 5:colcon.colcon_core.verb:set package 'test_ch343' build argument 'cmake_target' from command line to 'None'
[0.492s] Level 5:colcon.colcon_core.verb:set package 'test_ch343' build argument 'cmake_target_skip_unavailable' from command line to 'False'
[0.492s] Level 5:colcon.colcon_core.verb:set package 'test_ch343' build argument 'cmake_clean_cache' from command line to 'False'
[0.492s] Level 5:colcon.colcon_core.verb:set package 'test_ch343' build argument 'cmake_clean_first' from command line to 'False'
[0.492s] Level 5:colcon.colcon_core.verb:set package 'test_ch343' build argument 'cmake_force_configure' from command line to 'False'
[0.492s] Level 5:colcon.colcon_core.verb:set package 'test_ch343' build argument 'ament_cmake_args' from command line to 'None'
[0.492s] Level 5:colcon.colcon_core.verb:set package 'test_ch343' build argument 'catkin_cmake_args' from command line to 'None'
[0.492s] Level 5:colcon.colcon_core.verb:set package 'test_ch343' build argument 'catkin_skip_building_tests' from command line to 'False'
[0.492s] DEBUG:colcon.colcon_core.verb:Building package 'test_ch343' with the following arguments: {'ament_cmake_args': None, 'build_base': '/home/zoellickhan/Code/ws_testROS/build/test_ch343', 'catkin_cmake_args': None, 'catkin_skip_building_tests': False, 'cmake_args': None, 'cmake_clean_cache': False, 'cmake_clean_first': False, 'cmake_force_configure': False, 'cmake_target': None, 'cmake_target_skip_unavailable': False, 'install_base': '/home/zoellickhan/Code/ws_testROS/install/test_ch343', 'merge_install': False, 'path': '/home/zoellickhan/Code/ws_testROS/src/test_ch343', 'symlink_install': False, 'test_result_base': None}
[0.492s] Level 5:colcon.colcon_core.verb:set package 'test_serialdriver' build argument 'cmake_args' from command line to 'None'
[0.492s] Level 5:colcon.colcon_core.verb:set package 'test_serialdriver' build argument 'cmake_target' from command line to 'None'
[0.493s] Level 5:colcon.colcon_core.verb:set package 'test_serialdriver' build argument 'cmake_target_skip_unavailable' from command line to 'False'
[0.493s] Level 5:colcon.colcon_core.verb:set package 'test_serialdriver' build argument 'cmake_clean_cache' from command line to 'False'
[0.493s] Level 5:colcon.colcon_core.verb:set package 'test_serialdriver' build argument 'cmake_clean_first' from command line to 'False'
[0.493s] Level 5:colcon.colcon_core.verb:set package 'test_serialdriver' build argument 'cmake_force_configure' from command line to 'False'
[0.493s] Level 5:colcon.colcon_core.verb:set package 'test_serialdriver' build argument 'ament_cmake_args' from command line to 'None'
[0.493s] Level 5:colcon.colcon_core.verb:set package 'test_serialdriver' build argument 'catkin_cmake_args' from command line to 'None'
[0.493s] Level 5:colcon.colcon_core.verb:set package 'test_serialdriver' build argument 'catkin_skip_building_tests' from command line to 'False'
[0.493s] DEBUG:colcon.colcon_core.verb:Building package 'test_serialdriver' with the following arguments: {'ament_cmake_args': None, 'build_base': '/home/zoellickhan/Code/ws_testROS/build/test_serialdriver', 'catkin_cmake_args': None, 'catkin_skip_building_tests': False, 'cmake_args': None, 'cmake_clean_cache': False, 'cmake_clean_first': False, 'cmake_force_configure': False, 'cmake_target': None, 'cmake_target_skip_unavailable': False, 'install_base': '/home/zoellickhan/Code/ws_testROS/install/test_serialdriver', 'merge_install': False, 'path': '/home/zoellickhan/Code/ws_testROS/src/test_serialdriver', 'symlink_install': False, 'test_result_base': None}
[0.493s] INFO:colcon.colcon_core.executor:Executing jobs using 'parallel' executor
[0.495s] DEBUG:colcon.colcon_parallel_executor.executor.parallel:run_until_complete
[0.495s] INFO:colcon.colcon_ros.task.ament_cmake.build:Building ROS package in '/home/zoellickhan/Code/ws_testROS/src/test_ch343' with build type 'ament_cmake'
[0.495s] INFO:colcon.colcon_cmake.task.cmake.build:Building CMake package in '/home/zoellickhan/Code/ws_testROS/src/test_ch343'
[0.499s] INFO:colcon.colcon_core.plugin_system:Skipping extension 'colcon_core.shell.bat': Not used on non-Windows systems
[0.499s] INFO:colcon.colcon_core.shell:Skip shell extension 'powershell' for command environment: Not usable outside of PowerShell
[0.499s] DEBUG:colcon.colcon_core.shell:Skip shell extension 'dsv' for command environment
[0.504s] INFO:colcon.colcon_ros.task.ament_cmake.build:Building ROS package in '/home/zoellickhan/Code/ws_testROS/src/test_serialdriver' with build type 'ament_cmake'
[0.504s] INFO:colcon.colcon_cmake.task.cmake.build:Building CMake package in '/home/zoellickhan/Code/ws_testROS/src/test_serialdriver'
[0.505s] INFO:colcon.colcon_core.shell:Skip shell extension 'powershell' for command environment: Not usable outside of PowerShell
[0.505s] DEBUG:colcon.colcon_core.shell:Skip shell extension 'dsv' for command environment
[0.518s] DEBUG:colcon.colcon_core.event_handler.log_command:Invoking command in '/home/zoellickhan/Code/ws_testROS/build/test_ch343': CMAKE_PREFIX_PATH=${CMAKE_PREFIX_PATH}:/opt/ros/humble /usr/bin/cmake --build /home/zoellickhan/Code/ws_testROS/build/test_ch343 -- -j20 -l20
[0.525s] DEBUG:colcon.colcon_core.event_handler.log_command:Invoking command in '/home/zoellickhan/Code/ws_testROS/build/test_serialdriver': CMAKE_PREFIX_PATH=${CMAKE_PREFIX_PATH}:/opt/ros/humble /usr/bin/cmake --build /home/zoellickhan/Code/ws_testROS/build/test_serialdriver -- -j20 -l20
[0.648s] DEBUG:colcon.colcon_core.event_handler.log_command:Invoked command in '/home/zoellickhan/Code/ws_testROS/build/test_serialdriver' returned '0': CMAKE_PREFIX_PATH=${CMAKE_PREFIX_PATH}:/opt/ros/humble /usr/bin/cmake --build /home/zoellickhan/Code/ws_testROS/build/test_serialdriver -- -j20 -l20
[0.716s] DEBUG:colcon.colcon_core.event_handler.log_command:Invoking command in '/home/zoellickhan/Code/ws_testROS/build/test_serialdriver': CMAKE_PREFIX_PATH=${CMAKE_PREFIX_PATH}:/opt/ros/humble /usr/bin/cmake --install /home/zoellickhan/Code/ws_testROS/build/test_serialdriver
[0.732s] Level 1:colcon.colcon_core.environment:create_environment_scripts_only(test_serialdriver)
[0.733s] DEBUG:colcon.colcon_core.event_handler.log_command:Invoked command in '/home/zoellickhan/Code/ws_testROS/build/test_serialdriver' returned '0': CMAKE_PREFIX_PATH=${CMAKE_PREFIX_PATH}:/opt/ros/humble /usr/bin/cmake --install /home/zoellickhan/Code/ws_testROS/build/test_serialdriver
[0.738s] Level 1:colcon.colcon_core.environment:checking '/home/zoellickhan/Code/ws_testROS/install/test_serialdriver' for CMake module files
[0.739s] Level 1:colcon.colcon_core.environment:checking '/home/zoellickhan/Code/ws_testROS/install/test_serialdriver' for CMake config files
[0.740s] Level 1:colcon.colcon_core.shell:create_environment_hook('test_serialdriver', 'cmake_prefix_path')
[0.741s] INFO:colcon.colcon_core.shell:Creating environment hook '/home/zoellickhan/Code/ws_testROS/install/test_serialdriver/share/test_serialdriver/hook/cmake_prefix_path.ps1'
[0.742s] INFO:colcon.colcon_core.shell:Creating environment descriptor '/home/zoellickhan/Code/ws_testROS/install/test_serialdriver/share/test_serialdriver/hook/cmake_prefix_path.dsv'
[0.743s] INFO:colcon.colcon_core.shell:Creating environment hook '/home/zoellickhan/Code/ws_testROS/install/test_serialdriver/share/test_serialdriver/hook/cmake_prefix_path.sh'
[0.745s] Level 1:colcon.colcon_core.environment:checking '/home/zoellickhan/Code/ws_testROS/install/test_serialdriver/lib'
[0.746s] Level 1:colcon.colcon_core.environment:checking '/home/zoellickhan/Code/ws_testROS/install/test_serialdriver/bin'
[0.746s] Level 1:colcon.colcon_core.environment:checking '/home/zoellickhan/Code/ws_testROS/install/test_serialdriver/lib/pkgconfig/test_serialdriver.pc'
[0.746s] Level 1:colcon.colcon_core.environment:checking '/home/zoellickhan/Code/ws_testROS/install/test_serialdriver/lib/python3.10/site-packages'
[0.747s] Level 1:colcon.colcon_core.environment:checking '/home/zoellickhan/Code/ws_testROS/install/test_serialdriver/bin'
[0.748s] INFO:colcon.colcon_core.shell:Creating package script '/home/zoellickhan/Code/ws_testROS/install/test_serialdriver/share/test_serialdriver/package.ps1'
[0.750s] INFO:colcon.colcon_core.shell:Creating package descriptor '/home/zoellickhan/Code/ws_testROS/install/test_serialdriver/share/test_serialdriver/package.dsv'
[0.751s] INFO:colcon.colcon_core.shell:Creating package script '/home/zoellickhan/Code/ws_testROS/install/test_serialdriver/share/test_serialdriver/package.sh'
[0.753s] INFO:colcon.colcon_core.shell:Creating package script '/home/zoellickhan/Code/ws_testROS/install/test_serialdriver/share/test_serialdriver/package.bash'
[0.755s] INFO:colcon.colcon_core.shell:Creating package script '/home/zoellickhan/Code/ws_testROS/install/test_serialdriver/share/test_serialdriver/package.zsh'
[0.756s] Level 1:colcon.colcon_core.environment:create_file_with_runtime_dependencies(/home/zoellickhan/Code/ws_testROS/install/test_serialdriver/share/colcon-core/packages/test_serialdriver)
[0.815s] Level 1:colcon.colcon_core.environment:create_environment_scripts_only(test_serialdriver)
[0.816s] Level 1:colcon.colcon_core.environment:checking '/home/zoellickhan/Code/ws_testROS/install/test_serialdriver' for CMake module files
[0.817s] Level 1:colcon.colcon_core.environment:checking '/home/zoellickhan/Code/ws_testROS/install/test_serialdriver' for CMake config files
[0.818s] Level 1:colcon.colcon_core.shell:create_environment_hook('test_serialdriver', 'cmake_prefix_path')
[0.819s] INFO:colcon.colcon_core.shell:Creating environment hook '/home/zoellickhan/Code/ws_testROS/install/test_serialdriver/share/test_serialdriver/hook/cmake_prefix_path.ps1'
[0.820s] INFO:colcon.colcon_core.shell:Creating environment descriptor '/home/zoellickhan/Code/ws_testROS/install/test_serialdriver/share/test_serialdriver/hook/cmake_prefix_path.dsv'
[0.821s] INFO:colcon.colcon_core.shell:Creating environment hook '/home/zoellickhan/Code/ws_testROS/install/test_serialdriver/share/test_serialdriver/hook/cmake_prefix_path.sh'
[0.822s] Level 1:colcon.colcon_core.environment:checking '/home/zoellickhan/Code/ws_testROS/install/test_serialdriver/lib'
[0.822s] Level 1:colcon.colcon_core.environment:checking '/home/zoellickhan/Code/ws_testROS/install/test_serialdriver/bin'
[0.822s] Level 1:colcon.colcon_core.environment:checking '/home/zoellickhan/Code/ws_testROS/install/test_serialdriver/lib/pkgconfig/test_serialdriver.pc'
[0.823s] Level 1:colcon.colcon_core.environment:checking '/home/zoellickhan/Code/ws_testROS/install/test_serialdriver/lib/python3.10/site-packages'
[0.823s] Level 1:colcon.colcon_core.environment:checking '/home/zoellickhan/Code/ws_testROS/install/test_serialdriver/bin'
[0.824s] INFO:colcon.colcon_core.shell:Creating package script '/home/zoellickhan/Code/ws_testROS/install/test_serialdriver/share/test_serialdriver/package.ps1'
[0.825s] INFO:colcon.colcon_core.shell:Creating package descriptor '/home/zoellickhan/Code/ws_testROS/install/test_serialdriver/share/test_serialdriver/package.dsv'
[0.826s] INFO:colcon.colcon_core.shell:Creating package script '/home/zoellickhan/Code/ws_testROS/install/test_serialdriver/share/test_serialdriver/package.sh'
[0.827s] INFO:colcon.colcon_core.shell:Creating package script '/home/zoellickhan/Code/ws_testROS/install/test_serialdriver/share/test_serialdriver/package.bash'
[0.828s] INFO:colcon.colcon_core.shell:Creating package script '/home/zoellickhan/Code/ws_testROS/install/test_serialdriver/share/test_serialdriver/package.zsh'
[0.829s] Level 1:colcon.colcon_core.environment:create_file_with_runtime_dependencies(/home/zoellickhan/Code/ws_testROS/install/test_serialdriver/share/colcon-core/packages/test_serialdriver)
[2.050s] DEBUG:colcon.colcon_core.event_handler.log_command:Invoked command in '/home/zoellickhan/Code/ws_testROS/build/test_ch343' returned '0': CMAKE_PREFIX_PATH=${CMAKE_PREFIX_PATH}:/opt/ros/humble /usr/bin/cmake --build /home/zoellickhan/Code/ws_testROS/build/test_ch343 -- -j20 -l20
[2.101s] DEBUG:colcon.colcon_core.event_handler.log_command:Invoking command in '/home/zoellickhan/Code/ws_testROS/build/test_ch343': CMAKE_PREFIX_PATH=${CMAKE_PREFIX_PATH}:/opt/ros/humble /usr/bin/cmake --install /home/zoellickhan/Code/ws_testROS/build/test_ch343
[2.116s] Level 1:colcon.colcon_core.environment:create_environment_scripts_only(test_ch343)
[2.117s] Level 1:colcon.colcon_core.environment:checking '/home/zoellickhan/Code/ws_testROS/install/test_ch343' for CMake module files
[2.118s] DEBUG:colcon.colcon_core.event_handler.log_command:Invoked command in '/home/zoellickhan/Code/ws_testROS/build/test_ch343' returned '0': CMAKE_PREFIX_PATH=${CMAKE_PREFIX_PATH}:/opt/ros/humble /usr/bin/cmake --install /home/zoellickhan/Code/ws_testROS/build/test_ch343
[2.119s] Level 1:colcon.colcon_core.environment:checking '/home/zoellickhan/Code/ws_testROS/install/test_ch343' for CMake config files
[2.120s] Level 1:colcon.colcon_core.shell:create_environment_hook('test_ch343', 'cmake_prefix_path')
[2.120s] INFO:colcon.colcon_core.shell:Creating environment hook '/home/zoellickhan/Code/ws_testROS/install/test_ch343/share/test_ch343/hook/cmake_prefix_path.ps1'
[2.121s] INFO:colcon.colcon_core.shell:Creating environment descriptor '/home/zoellickhan/Code/ws_testROS/install/test_ch343/share/test_ch343/hook/cmake_prefix_path.dsv'
[2.121s] INFO:colcon.colcon_core.shell:Creating environment hook '/home/zoellickhan/Code/ws_testROS/install/test_ch343/share/test_ch343/hook/cmake_prefix_path.sh'
[2.122s] Level 1:colcon.colcon_core.environment:checking '/home/zoellickhan/Code/ws_testROS/install/test_ch343/lib'
[2.123s] Level 1:colcon.colcon_core.environment:checking '/home/zoellickhan/Code/ws_testROS/install/test_ch343/bin'
[2.123s] Level 1:colcon.colcon_core.environment:checking '/home/zoellickhan/Code/ws_testROS/install/test_ch343/lib/pkgconfig/test_ch343.pc'
[2.123s] Level 1:colcon.colcon_core.environment:checking '/home/zoellickhan/Code/ws_testROS/install/test_ch343/lib/python3.10/site-packages'
[2.124s] Level 1:colcon.colcon_core.environment:checking '/home/zoellickhan/Code/ws_testROS/install/test_ch343/bin'
[2.124s] INFO:colcon.colcon_core.shell:Creating package script '/home/zoellickhan/Code/ws_testROS/install/test_ch343/share/test_ch343/package.ps1'
[2.125s] INFO:colcon.colcon_core.shell:Creating package descriptor '/home/zoellickhan/Code/ws_testROS/install/test_ch343/share/test_ch343/package.dsv'
[2.126s] INFO:colcon.colcon_core.shell:Creating package script '/home/zoellickhan/Code/ws_testROS/install/test_ch343/share/test_ch343/package.sh'
[2.127s] INFO:colcon.colcon_core.shell:Creating package script '/home/zoellickhan/Code/ws_testROS/install/test_ch343/share/test_ch343/package.bash'
[2.127s] INFO:colcon.colcon_core.shell:Creating package script '/home/zoellickhan/Code/ws_testROS/install/test_ch343/share/test_ch343/package.zsh'
[2.128s] Level 1:colcon.colcon_core.environment:create_file_with_runtime_dependencies(/home/zoellickhan/Code/ws_testROS/install/test_ch343/share/colcon-core/packages/test_ch343)
[2.179s] Level 1:colcon.colcon_core.environment:create_environment_scripts_only(test_ch343)
[2.179s] Level 1:colcon.colcon_core.environment:checking '/home/zoellickhan/Code/ws_testROS/install/test_ch343' for CMake module files
[2.180s] Level 1:colcon.colcon_core.environment:checking '/home/zoellickhan/Code/ws_testROS/install/test_ch343' for CMake config files
[2.181s] Level 1:colcon.colcon_core.shell:create_environment_hook('test_ch343', 'cmake_prefix_path')
[2.182s] INFO:colcon.colcon_core.shell:Creating environment hook '/home/zoellickhan/Code/ws_testROS/install/test_ch343/share/test_ch343/hook/cmake_prefix_path.ps1'
[2.183s] INFO:colcon.colcon_core.shell:Creating environment descriptor '/home/zoellickhan/Code/ws_testROS/install/test_ch343/share/test_ch343/hook/cmake_prefix_path.dsv'
[2.184s] INFO:colcon.colcon_core.shell:Creating environment hook '/home/zoellickhan/Code/ws_testROS/install/test_ch343/share/test_ch343/hook/cmake_prefix_path.sh'
[2.185s] Level 1:colcon.colcon_core.environment:checking '/home/zoellickhan/Code/ws_testROS/install/test_ch343/lib'
[2.185s] Level 1:colcon.colcon_core.environment:checking '/home/zoellickhan/Code/ws_testROS/install/test_ch343/bin'
[2.185s] Level 1:colcon.colcon_core.environment:checking '/home/zoellickhan/Code/ws_testROS/install/test_ch343/lib/pkgconfig/test_ch343.pc'
[2.186s] Level 1:colcon.colcon_core.environment:checking '/home/zoellickhan/Code/ws_testROS/install/test_ch343/lib/python3.10/site-packages'
[2.186s] Level 1:colcon.colcon_core.environment:checking '/home/zoellickhan/Code/ws_testROS/install/test_ch343/bin'
[2.187s] INFO:colcon.colcon_core.shell:Creating package script '/home/zoellickhan/Code/ws_testROS/install/test_ch343/share/test_ch343/package.ps1'
[2.188s] INFO:colcon.colcon_core.shell:Creating package descriptor '/home/zoellickhan/Code/ws_testROS/install/test_ch343/share/test_ch343/package.dsv'
[2.189s] INFO:colcon.colcon_core.shell:Creating package script '/home/zoellickhan/Code/ws_testROS/install/test_ch343/share/test_ch343/package.sh'
[2.190s] INFO:colcon.colcon_core.shell:Creating package script '/home/zoellickhan/Code/ws_testROS/install/test_ch343/share/test_ch343/package.bash'
[2.191s] INFO:colcon.colcon_core.shell:Creating package script '/home/zoellickhan/Code/ws_testROS/install/test_ch343/share/test_ch343/package.zsh'
[2.191s] Level 1:colcon.colcon_core.environment:create_file_with_runtime_dependencies(/home/zoellickhan/Code/ws_testROS/install/test_ch343/share/colcon-core/packages/test_ch343)
[2.192s] DEBUG:colcon.colcon_parallel_executor.executor.parallel:closing loop
[2.192s] DEBUG:colcon.colcon_parallel_executor.executor.parallel:loop closed
[2.193s] DEBUG:colcon.colcon_parallel_executor.executor.parallel:run_until_complete finished with '0'
[2.194s] DEBUG:colcon.colcon_core.event_reactor:joining thread
[2.203s] INFO:colcon.colcon_core.plugin_system:Skipping extension 'colcon_notification.desktop_notification.terminal_notifier': Not used on non-Darwin systems
[2.203s] INFO:colcon.colcon_core.plugin_system:Skipping extension 'colcon_notification.desktop_notification.win32': Not used on non-Windows systems
[2.203s] INFO:colcon.colcon_notification.desktop_notification:Sending desktop notification using 'notify2'
[2.225s] DEBUG:colcon.colcon_core.event_reactor:joined thread
[2.226s] INFO:colcon.colcon_core.shell:Creating prefix script '/home/zoellickhan/Code/ws_testROS/install/local_setup.ps1'
[2.228s] INFO:colcon.colcon_core.shell:Creating prefix util module '/home/zoellickhan/Code/ws_testROS/install/_local_setup_util_ps1.py'
[2.232s] INFO:colcon.colcon_core.shell:Creating prefix chain script '/home/zoellickhan/Code/ws_testROS/install/setup.ps1'
[2.234s] INFO:colcon.colcon_core.shell:Creating prefix script '/home/zoellickhan/Code/ws_testROS/install/local_setup.sh'
[2.236s] INFO:colcon.colcon_core.shell:Creating prefix util module '/home/zoellickhan/Code/ws_testROS/install/_local_setup_util_sh.py'
[2.237s] INFO:colcon.colcon_core.shell:Creating prefix chain script '/home/zoellickhan/Code/ws_testROS/install/setup.sh'
[2.239s] INFO:colcon.colcon_core.shell:Creating prefix script '/home/zoellickhan/Code/ws_testROS/install/local_setup.bash'
[2.241s] INFO:colcon.colcon_core.shell:Creating prefix chain script '/home/zoellickhan/Code/ws_testROS/install/setup.bash'
[2.243s] INFO:colcon.colcon_core.shell:Creating prefix script '/home/zoellickhan/Code/ws_testROS/install/local_setup.zsh'
[2.244s] INFO:colcon.colcon_core.shell:Creating prefix chain script '/home/zoellickhan/Code/ws_testROS/install/setup.zsh'
